[1.273s] Invoking command in '/home/leoni/robotica/practica/src/eje1': PYTHONPATH=/home/leoni/robotica/practica/build/eje1/prefix_override:/usr/lib/python3/dist-packages/colcon_core/task/python/colcon_distutils_commands:/home/leoni/robotica/practica/install/eje1/lib/python3.10/site-packages:${PYTHONPATH} /usr/bin/python3 -W ignore:setup.py install is deprecated -W ignore:easy_install command is deprecated setup.py egg_info --egg-base ../../build/eje1 build --build-base /home/leoni/robotica/practica/build/eje1/build install --record /home/leoni/robotica/practica/build/eje1/install.log --single-version-externally-managed install_data
[1.587s] running egg_info
[1.588s] writing ../../build/eje1/eje1.egg-info/PKG-INFO
[1.626s] writing dependency_links to ../../build/eje1/eje1.egg-info/dependency_links.txt
[1.627s] writing entry points to ../../build/eje1/eje1.egg-info/entry_points.txt
[1.627s] writing requirements to ../../build/eje1/eje1.egg-info/requires.txt
[1.628s] writing top-level names to ../../build/eje1/eje1.egg-info/top_level.txt
[1.634s] reading manifest file '../../build/eje1/eje1.egg-info/SOURCES.txt'
[1.637s] writing manifest file '../../build/eje1/eje1.egg-info/SOURCES.txt'
[1.637s] running build
[1.638s] running build_py
[1.638s] copying eje1/subpub.py -> /home/leoni/robotica/practica/build/eje1/build/lib/eje1
[1.639s] running install
[1.640s] running install_lib
[1.643s] copying /home/leoni/robotica/practica/build/eje1/build/lib/eje1/subpub.py -> /home/leoni/robotica/practica/install/eje1/lib/python3.10/site-packages/eje1
[1.644s] byte-compiling /home/leoni/robotica/practica/install/eje1/lib/python3.10/site-packages/eje1/subpub.py to subpub.cpython-310.pyc
[1.646s] running install_data
[1.646s] running install_egg_info
[1.649s] removing '/home/leoni/robotica/practica/install/eje1/lib/python3.10/site-packages/eje1-0.0.0-py3.10.egg-info' (and everything under it)
[1.650s] Copying ../../build/eje1/eje1.egg-info to /home/leoni/robotica/practica/install/eje1/lib/python3.10/site-packages/eje1-0.0.0-py3.10.egg-info
[1.652s] running install_scripts
[1.675s] Installing mi_listener script to /home/leoni/robotica/practica/install/eje1/lib/eje1
[1.675s] Installing mi_publicador script to /home/leoni/robotica/practica/install/eje1/lib/eje1
[1.675s] Installing mi_subscriptor script to /home/leoni/robotica/practica/install/eje1/lib/eje1
[1.675s] writing list of installed files to '/home/leoni/robotica/practica/build/eje1/install.log'
[1.696s] Invoked command in '/home/leoni/robotica/practica/src/eje1' returned '0': PYTHONPATH=/home/leoni/robotica/practica/build/eje1/prefix_override:/usr/lib/python3/dist-packages/colcon_core/task/python/colcon_distutils_commands:/home/leoni/robotica/practica/install/eje1/lib/python3.10/site-packages:${PYTHONPATH} /usr/bin/python3 -W ignore:setup.py install is deprecated -W ignore:easy_install command is deprecated setup.py egg_info --egg-base ../../build/eje1 build --build-base /home/leoni/robotica/practica/build/eje1/build install --record /home/leoni/robotica/practica/build/eje1/install.log --single-version-externally-managed install_data
