[0.613s] Invoking command in '/home/leoni/robotica/tarea/Examen1/src/eje1': PYTHONPATH=/home/leoni/robotica/tarea/Examen1/build/eje1/prefix_override:/usr/lib/python3/dist-packages/colcon_core/task/python/colcon_distutils_commands:/home/leoni/robotica/tarea/Examen1/install/eje1/lib/python3.10/site-packages:${PYTHONPATH} /usr/bin/python3 -W ignore:setup.py install is deprecated -W ignore:easy_install command is deprecated setup.py egg_info --egg-base ../../build/eje1 build --build-base /home/leoni/robotica/tarea/Examen1/build/eje1/build install --record /home/leoni/robotica/tarea/Examen1/build/eje1/install.log --single-version-externally-managed install_data
[0.771s] running egg_info
[0.772s] writing ../../build/eje1/eje1.egg-info/PKG-INFO
[0.772s] writing dependency_links to ../../build/eje1/eje1.egg-info/dependency_links.txt
[0.772s] writing entry points to ../../build/eje1/eje1.egg-info/entry_points.txt
[0.772s] writing requirements to ../../build/eje1/eje1.egg-info/requires.txt
[0.772s] writing top-level names to ../../build/eje1/eje1.egg-info/top_level.txt
[0.774s] reading manifest file '../../build/eje1/eje1.egg-info/SOURCES.txt'
[0.775s] writing manifest file '../../build/eje1/eje1.egg-info/SOURCES.txt'
[0.775s] running build
[0.775s] running build_py
[0.776s] copying eje1/sub.py -> /home/leoni/robotica/tarea/Examen1/build/eje1/build/lib/eje1
[0.776s] copying eje1/pub.py -> /home/leoni/robotica/tarea/Examen1/build/eje1/build/lib/eje1
[0.776s] running install
[0.776s] running install_lib
[0.776s] copying /home/leoni/robotica/tarea/Examen1/build/eje1/build/lib/eje1/sub.py -> /home/leoni/robotica/tarea/Examen1/install/eje1/lib/python3.10/site-packages/eje1
[0.776s] copying /home/leoni/robotica/tarea/Examen1/build/eje1/build/lib/eje1/pub.py -> /home/leoni/robotica/tarea/Examen1/install/eje1/lib/python3.10/site-packages/eje1
[0.777s] byte-compiling /home/leoni/robotica/tarea/Examen1/install/eje1/lib/python3.10/site-packages/eje1/sub.py to sub.cpython-310.pyc
[0.777s] byte-compiling /home/leoni/robotica/tarea/Examen1/install/eje1/lib/python3.10/site-packages/eje1/pub.py to pub.cpython-310.pyc
[0.778s] running install_data
[0.778s] running install_egg_info
[0.780s] removing '/home/leoni/robotica/tarea/Examen1/install/eje1/lib/python3.10/site-packages/eje1-0.0.0-py3.10.egg-info' (and everything under it)
[0.780s] Copying ../../build/eje1/eje1.egg-info to /home/leoni/robotica/tarea/Examen1/install/eje1/lib/python3.10/site-packages/eje1-0.0.0-py3.10.egg-info
[0.782s] running install_scripts
[0.795s] Installing pub script to /home/leoni/robotica/tarea/Examen1/install/eje1/lib/eje1
[0.795s] Installing sub script to /home/leoni/robotica/tarea/Examen1/install/eje1/lib/eje1
[0.795s] writing list of installed files to '/home/leoni/robotica/tarea/Examen1/build/eje1/install.log'
[0.810s] Invoked command in '/home/leoni/robotica/tarea/Examen1/src/eje1' returned '0': PYTHONPATH=/home/leoni/robotica/tarea/Examen1/build/eje1/prefix_override:/usr/lib/python3/dist-packages/colcon_core/task/python/colcon_distutils_commands:/home/leoni/robotica/tarea/Examen1/install/eje1/lib/python3.10/site-packages:${PYTHONPATH} /usr/bin/python3 -W ignore:setup.py install is deprecated -W ignore:easy_install command is deprecated setup.py egg_info --egg-base ../../build/eje1 build --build-base /home/leoni/robotica/tarea/Examen1/build/eje1/build install --record /home/leoni/robotica/tarea/Examen1/build/eje1/install.log --single-version-externally-managed install_data
