[0.808s] Invoking command in '/home/leoni/robotica/tarea/Examen1/src/eje2': PYTHONPATH=/home/leoni/robotica/tarea/Examen1/build/eje2/prefix_override:/usr/lib/python3/dist-packages/colcon_core/task/python/colcon_distutils_commands:/home/leoni/robotica/tarea/Examen1/install/eje2/lib/python3.10/site-packages:${PYTHONPATH} /usr/bin/python3 -W ignore:setup.py install is deprecated -W ignore:easy_install command is deprecated setup.py egg_info --egg-base ../../build/eje2 build --build-base /home/leoni/robotica/tarea/Examen1/build/eje2/build install --record /home/leoni/robotica/tarea/Examen1/build/eje2/install.log --single-version-externally-managed install_data
[0.994s] running egg_info
[0.995s] writing ../../build/eje2/eje2.egg-info/PKG-INFO
[0.996s] writing dependency_links to ../../build/eje2/eje2.egg-info/dependency_links.txt
[0.996s] writing entry points to ../../build/eje2/eje2.egg-info/entry_points.txt
[0.996s] writing requirements to ../../build/eje2/eje2.egg-info/requires.txt
[0.996s] writing top-level names to ../../build/eje2/eje2.egg-info/top_level.txt
[0.998s] reading manifest file '../../build/eje2/eje2.egg-info/SOURCES.txt'
[0.999s] writing manifest file '../../build/eje2/eje2.egg-info/SOURCES.txt'
[1.000s] running build
[1.000s] running build_py
[1.000s] copying eje2/sub.py -> /home/leoni/robotica/tarea/Examen1/build/eje2/build/lib/eje2
[1.000s] copying eje2/sub_pub.py -> /home/leoni/robotica/tarea/Examen1/build/eje2/build/lib/eje2
[1.001s] running install
[1.001s] running install_lib
[1.001s] copying /home/leoni/robotica/tarea/Examen1/build/eje2/build/lib/eje2/sub.py -> /home/leoni/robotica/tarea/Examen1/install/eje2/lib/python3.10/site-packages/eje2
[1.001s] copying /home/leoni/robotica/tarea/Examen1/build/eje2/build/lib/eje2/sub_pub.py -> /home/leoni/robotica/tarea/Examen1/install/eje2/lib/python3.10/site-packages/eje2
[1.002s] byte-compiling /home/leoni/robotica/tarea/Examen1/install/eje2/lib/python3.10/site-packages/eje2/sub.py to sub.cpython-310.pyc
[1.003s] byte-compiling /home/leoni/robotica/tarea/Examen1/install/eje2/lib/python3.10/site-packages/eje2/sub_pub.py to sub_pub.cpython-310.pyc
[1.003s] running install_data
[1.004s] copying package.xml -> /home/leoni/robotica/tarea/Examen1/install/eje2/share/eje2
[1.004s] running install_egg_info
[1.005s] removing '/home/leoni/robotica/tarea/Examen1/install/eje2/lib/python3.10/site-packages/eje2-0.0.0-py3.10.egg-info' (and everything under it)
[1.006s] Copying ../../build/eje2/eje2.egg-info to /home/leoni/robotica/tarea/Examen1/install/eje2/lib/python3.10/site-packages/eje2-0.0.0-py3.10.egg-info
[1.007s] running install_scripts
[1.027s] Installing pub1 script to /home/leoni/robotica/tarea/Examen1/install/eje2/lib/eje2
[1.027s] Installing pub2 script to /home/leoni/robotica/tarea/Examen1/install/eje2/lib/eje2
[1.027s] Installing pub3 script to /home/leoni/robotica/tarea/Examen1/install/eje2/lib/eje2
[1.027s] Installing sub script to /home/leoni/robotica/tarea/Examen1/install/eje2/lib/eje2
[1.028s] Installing sub_pub script to /home/leoni/robotica/tarea/Examen1/install/eje2/lib/eje2
[1.028s] writing list of installed files to '/home/leoni/robotica/tarea/Examen1/build/eje2/install.log'
[1.066s] Invoked command in '/home/leoni/robotica/tarea/Examen1/src/eje2' returned '0': PYTHONPATH=/home/leoni/robotica/tarea/Examen1/build/eje2/prefix_override:/usr/lib/python3/dist-packages/colcon_core/task/python/colcon_distutils_commands:/home/leoni/robotica/tarea/Examen1/install/eje2/lib/python3.10/site-packages:${PYTHONPATH} /usr/bin/python3 -W ignore:setup.py install is deprecated -W ignore:easy_install command is deprecated setup.py egg_info --egg-base ../../build/eje2 build --build-base /home/leoni/robotica/tarea/Examen1/build/eje2/build install --record /home/leoni/robotica/tarea/Examen1/build/eje2/install.log --single-version-externally-managed install_data
