[0.247s] DEBUG:colcon:Command line arguments: ['/usr/bin/colcon', 'build']
[0.247s] DEBUG:colcon:Parsed command line arguments: Namespace(log_base=None, log_level=None, verb_name='build', build_base='build', install_base='install', merge_install=False, symlink_install=False, test_result_base=None, continue_on_error=False, executor='parallel', parallel_workers=16, event_handlers=None, ignore_user_meta=False, metas=['./colcon.meta'], base_paths=['.'], packages_ignore=None, packages_ignore_regex=None, paths=None, packages_up_to=None, packages_up_to_regex=None, packages_above=None, packages_above_and_dependencies=None, packages_above_depth=None, packages_select_by_dep=None, packages_skip_by_dep=None, packages_skip_up_to=None, packages_select_build_failed=False, packages_skip_build_finished=False, packages_select_test_failures=False, packages_skip_test_passed=False, packages_select=None, packages_skip=None, packages_select_regex=None, packages_skip_regex=None, packages_start=None, packages_end=None, allow_overriding=[], cmake_args=None, cmake_target=None, cmake_target_skip_unavailable=False, cmake_clean_cache=False, cmake_clean_first=False, cmake_force_configure=False, ament_cmake_args=None, catkin_cmake_args=None, catkin_skip_building_tests=False, verb_parser=<colcon_defaults.argument_parser.defaults.DefaultArgumentsDecorator object at 0x7f19b274f2e0>, verb_extension=<colcon_core.verb.build.BuildVerb object at 0x7f19b274edd0>, main=<bound method BuildVerb.main of <colcon_core.verb.build.BuildVerb object at 0x7f19b274edd0>>)
[0.417s] Level 1:colcon.colcon_core.package_discovery:discover_packages(colcon_meta) check parameters
[0.417s] Level 1:colcon.colcon_core.package_discovery:discover_packages(recursive) check parameters
[0.418s] Level 1:colcon.colcon_core.package_discovery:discover_packages(ignore) check parameters
[0.418s] Level 1:colcon.colcon_core.package_discovery:discover_packages(path) check parameters
[0.418s] Level 1:colcon.colcon_core.package_discovery:discover_packages(colcon_meta) discover
[0.418s] Level 1:colcon.colcon_core.package_discovery:discover_packages(recursive) discover
[0.418s] INFO:colcon.colcon_core.package_discovery:Crawling recursively for packages in '/home/leoni/robotica/tarea/exam3'
[0.418s] Level 1:colcon.colcon_core.package_identification:_identify(.) by extensions ['ignore', 'ignore_ament_install']
[0.418s] Level 1:colcon.colcon_core.package_identification:_identify(.) by extension 'ignore'
[0.418s] Level 1:colcon.colcon_core.package_identification:_identify(.) by extension 'ignore_ament_install'
[0.418s] Level 1:colcon.colcon_core.package_identification:_identify(.) by extensions ['colcon_pkg']
[0.418s] Level 1:colcon.colcon_core.package_identification:_identify(.) by extension 'colcon_pkg'
[0.418s] Level 1:colcon.colcon_core.package_identification:_identify(.) by extensions ['colcon_meta']
[0.418s] Level 1:colcon.colcon_core.package_identification:_identify(.) by extension 'colcon_meta'
[0.418s] Level 1:colcon.colcon_core.package_identification:_identify(.) by extensions ['ros']
[0.418s] Level 1:colcon.colcon_core.package_identification:_identify(.) by extension 'ros'
[0.428s] Level 1:colcon.colcon_core.package_identification:_identify(.) by extensions ['cmake', 'python']
[0.428s] Level 1:colcon.colcon_core.package_identification:_identify(.) by extension 'cmake'
[0.428s] Level 1:colcon.colcon_core.package_identification:_identify(.) by extension 'python'
[0.428s] Level 1:colcon.colcon_core.package_identification:_identify(.) by extensions ['python_setup_py']
[0.428s] Level 1:colcon.colcon_core.package_identification:_identify(.) by extension 'python_setup_py'
[0.429s] Level 1:colcon.colcon_core.package_identification:_identify(build) by extensions ['ignore', 'ignore_ament_install']
[0.429s] Level 1:colcon.colcon_core.package_identification:_identify(build) by extension 'ignore'
[0.429s] Level 1:colcon.colcon_core.package_identification:_identify(build) ignored
[0.429s] Level 1:colcon.colcon_core.package_identification:_identify(install) by extensions ['ignore', 'ignore_ament_install']
[0.429s] Level 1:colcon.colcon_core.package_identification:_identify(install) by extension 'ignore'
[0.429s] Level 1:colcon.colcon_core.package_identification:_identify(install) ignored
[0.429s] Level 1:colcon.colcon_core.package_identification:_identify(log) by extensions ['ignore', 'ignore_ament_install']
[0.429s] Level 1:colcon.colcon_core.package_identification:_identify(log) by extension 'ignore'
[0.429s] Level 1:colcon.colcon_core.package_identification:_identify(log) ignored
[0.429s] Level 1:colcon.colcon_core.package_identification:_identify(src) by extensions ['ignore', 'ignore_ament_install']
[0.429s] Level 1:colcon.colcon_core.package_identification:_identify(src) by extension 'ignore'
[0.429s] Level 1:colcon.colcon_core.package_identification:_identify(src) by extension 'ignore_ament_install'
[0.430s] Level 1:colcon.colcon_core.package_identification:_identify(src) by extensions ['colcon_pkg']
[0.430s] Level 1:colcon.colcon_core.package_identification:_identify(src) by extension 'colcon_pkg'
[0.430s] Level 1:colcon.colcon_core.package_identification:_identify(src) by extensions ['colcon_meta']
[0.430s] Level 1:colcon.colcon_core.package_identification:_identify(src) by extension 'colcon_meta'
[0.430s] Level 1:colcon.colcon_core.package_identification:_identify(src) by extensions ['ros']
[0.430s] Level 1:colcon.colcon_core.package_identification:_identify(src) by extension 'ros'
[0.430s] Level 1:colcon.colcon_core.package_identification:_identify(src) by extensions ['cmake', 'python']
[0.430s] Level 1:colcon.colcon_core.package_identification:_identify(src) by extension 'cmake'
[0.430s] Level 1:colcon.colcon_core.package_identification:_identify(src) by extension 'python'
[0.430s] Level 1:colcon.colcon_core.package_identification:_identify(src) by extensions ['python_setup_py']
[0.430s] Level 1:colcon.colcon_core.package_identification:_identify(src) by extension 'python_setup_py'
[0.430s] Level 1:colcon.colcon_core.package_identification:_identify(src/cliente) by extensions ['ignore', 'ignore_ament_install']
[0.430s] Level 1:colcon.colcon_core.package_identification:_identify(src/cliente) by extension 'ignore'
[0.430s] Level 1:colcon.colcon_core.package_identification:_identify(src/cliente) by extension 'ignore_ament_install'
[0.430s] Level 1:colcon.colcon_core.package_identification:_identify(src/cliente) by extensions ['colcon_pkg']
[0.431s] Level 1:colcon.colcon_core.package_identification:_identify(src/cliente) by extension 'colcon_pkg'
[0.431s] Level 1:colcon.colcon_core.package_identification:_identify(src/cliente) by extensions ['colcon_meta']
[0.431s] Level 1:colcon.colcon_core.package_identification:_identify(src/cliente) by extension 'colcon_meta'
[0.431s] Level 1:colcon.colcon_core.package_identification:_identify(src/cliente) by extensions ['ros']
[0.431s] Level 1:colcon.colcon_core.package_identification:_identify(src/cliente) by extension 'ros'
[0.433s] DEBUG:colcon.colcon_core.package_identification:Package 'src/cliente' with type 'ros.ament_python' and name 'cliente'
[0.433s] Level 1:colcon.colcon_core.package_identification:_identify(src/interface) by extensions ['ignore', 'ignore_ament_install']
[0.433s] Level 1:colcon.colcon_core.package_identification:_identify(src/interface) by extension 'ignore'
[0.433s] Level 1:colcon.colcon_core.package_identification:_identify(src/interface) by extension 'ignore_ament_install'
[0.433s] Level 1:colcon.colcon_core.package_identification:_identify(src/interface) by extensions ['colcon_pkg']
[0.433s] Level 1:colcon.colcon_core.package_identification:_identify(src/interface) by extension 'colcon_pkg'
[0.433s] Level 1:colcon.colcon_core.package_identification:_identify(src/interface) by extensions ['colcon_meta']
[0.433s] Level 1:colcon.colcon_core.package_identification:_identify(src/interface) by extension 'colcon_meta'
[0.433s] Level 1:colcon.colcon_core.package_identification:_identify(src/interface) by extensions ['ros']
[0.433s] Level 1:colcon.colcon_core.package_identification:_identify(src/interface) by extension 'ros'
[0.434s] DEBUG:colcon.colcon_core.package_identification:Package 'src/interface' with type 'ros.ament_cmake' and name 'interface'
[0.434s] Level 1:colcon.colcon_core.package_identification:_identify(src/servidor) by extensions ['ignore', 'ignore_ament_install']
[0.434s] Level 1:colcon.colcon_core.package_identification:_identify(src/servidor) by extension 'ignore'
[0.434s] Level 1:colcon.colcon_core.package_identification:_identify(src/servidor) by extension 'ignore_ament_install'
[0.434s] Level 1:colcon.colcon_core.package_identification:_identify(src/servidor) by extensions ['colcon_pkg']
[0.434s] Level 1:colcon.colcon_core.package_identification:_identify(src/servidor) by extension 'colcon_pkg'
[0.434s] Level 1:colcon.colcon_core.package_identification:_identify(src/servidor) by extensions ['colcon_meta']
[0.434s] Level 1:colcon.colcon_core.package_identification:_identify(src/servidor) by extension 'colcon_meta'
[0.434s] Level 1:colcon.colcon_core.package_identification:_identify(src/servidor) by extensions ['ros']
[0.434s] Level 1:colcon.colcon_core.package_identification:_identify(src/servidor) by extension 'ros'
[0.435s] DEBUG:colcon.colcon_core.package_identification:Package 'src/servidor' with type 'ros.ament_python' and name 'servidor'
[0.435s] Level 1:colcon.colcon_core.package_discovery:discover_packages(recursive) using defaults
[0.435s] Level 1:colcon.colcon_core.package_discovery:discover_packages(ignore) discover
[0.435s] Level 1:colcon.colcon_core.package_discovery:discover_packages(ignore) using defaults
[0.435s] Level 1:colcon.colcon_core.package_discovery:discover_packages(path) discover
[0.435s] Level 1:colcon.colcon_core.package_discovery:discover_packages(path) using defaults
[0.455s] Level 1:colcon.colcon_core.package_discovery:discover_packages(prefix_path) check parameters
[0.455s] Level 1:colcon.colcon_core.package_discovery:discover_packages(prefix_path) discover
[0.457s] DEBUG:colcon.colcon_installed_package_information.package_discovery:Found 3 installed packages in /home/leoni/robotica/tarea/exam3/install
[0.458s] DEBUG:colcon.colcon_installed_package_information.package_discovery:Found 272 installed packages in /opt/ros/humble
[0.462s] Level 1:colcon.colcon_core.package_discovery:discover_packages(prefix_path) using defaults
[0.505s] Level 5:colcon.colcon_core.verb:set package 'cliente' build argument 'cmake_args' from command line to 'None'
[0.505s] Level 5:colcon.colcon_core.verb:set package 'cliente' build argument 'cmake_target' from command line to 'None'
[0.505s] Level 5:colcon.colcon_core.verb:set package 'cliente' build argument 'cmake_target_skip_unavailable' from command line to 'False'
[0.506s] Level 5:colcon.colcon_core.verb:set package 'cliente' build argument 'cmake_clean_cache' from command line to 'False'
[0.506s] Level 5:colcon.colcon_core.verb:set package 'cliente' build argument 'cmake_clean_first' from command line to 'False'
[0.506s] Level 5:colcon.colcon_core.verb:set package 'cliente' build argument 'cmake_force_configure' from command line to 'False'
[0.506s] Level 5:colcon.colcon_core.verb:set package 'cliente' build argument 'ament_cmake_args' from command line to 'None'
[0.506s] Level 5:colcon.colcon_core.verb:set package 'cliente' build argument 'catkin_cmake_args' from command line to 'None'
[0.506s] Level 5:colcon.colcon_core.verb:set package 'cliente' build argument 'catkin_skip_building_tests' from command line to 'False'
[0.506s] DEBUG:colcon.colcon_core.verb:Building package 'cliente' with the following arguments: {'ament_cmake_args': None, 'build_base': '/home/leoni/robotica/tarea/exam3/build/cliente', 'catkin_cmake_args': None, 'catkin_skip_building_tests': False, 'cmake_args': None, 'cmake_clean_cache': False, 'cmake_clean_first': False, 'cmake_force_configure': False, 'cmake_target': None, 'cmake_target_skip_unavailable': False, 'install_base': '/home/leoni/robotica/tarea/exam3/install/cliente', 'merge_install': False, 'path': '/home/leoni/robotica/tarea/exam3/src/cliente', 'symlink_install': False, 'test_result_base': None}
[0.506s] Level 5:colcon.colcon_core.verb:set package 'interface' build argument 'cmake_args' from command line to 'None'
[0.506s] Level 5:colcon.colcon_core.verb:set package 'interface' build argument 'cmake_target' from command line to 'None'
[0.506s] Level 5:colcon.colcon_core.verb:set package 'interface' build argument 'cmake_target_skip_unavailable' from command line to 'False'
[0.506s] Level 5:colcon.colcon_core.verb:set package 'interface' build argument 'cmake_clean_cache' from command line to 'False'
[0.506s] Level 5:colcon.colcon_core.verb:set package 'interface' build argument 'cmake_clean_first' from command line to 'False'
[0.506s] Level 5:colcon.colcon_core.verb:set package 'interface' build argument 'cmake_force_configure' from command line to 'False'
[0.506s] Level 5:colcon.colcon_core.verb:set package 'interface' build argument 'ament_cmake_args' from command line to 'None'
[0.506s] Level 5:colcon.colcon_core.verb:set package 'interface' build argument 'catkin_cmake_args' from command line to 'None'
[0.506s] Level 5:colcon.colcon_core.verb:set package 'interface' build argument 'catkin_skip_building_tests' from command line to 'False'
[0.506s] DEBUG:colcon.colcon_core.verb:Building package 'interface' with the following arguments: {'ament_cmake_args': None, 'build_base': '/home/leoni/robotica/tarea/exam3/build/interface', 'catkin_cmake_args': None, 'catkin_skip_building_tests': False, 'cmake_args': None, 'cmake_clean_cache': False, 'cmake_clean_first': False, 'cmake_force_configure': False, 'cmake_target': None, 'cmake_target_skip_unavailable': False, 'install_base': '/home/leoni/robotica/tarea/exam3/install/interface', 'merge_install': False, 'path': '/home/leoni/robotica/tarea/exam3/src/interface', 'symlink_install': False, 'test_result_base': None}
[0.507s] Level 5:colcon.colcon_core.verb:set package 'servidor' build argument 'cmake_args' from command line to 'None'
[0.507s] Level 5:colcon.colcon_core.verb:set package 'servidor' build argument 'cmake_target' from command line to 'None'
[0.507s] Level 5:colcon.colcon_core.verb:set package 'servidor' build argument 'cmake_target_skip_unavailable' from command line to 'False'
[0.507s] Level 5:colcon.colcon_core.verb:set package 'servidor' build argument 'cmake_clean_cache' from command line to 'False'
[0.507s] Level 5:colcon.colcon_core.verb:set package 'servidor' build argument 'cmake_clean_first' from command line to 'False'
[0.507s] Level 5:colcon.colcon_core.verb:set package 'servidor' build argument 'cmake_force_configure' from command line to 'False'
[0.507s] Level 5:colcon.colcon_core.verb:set package 'servidor' build argument 'ament_cmake_args' from command line to 'None'
[0.507s] Level 5:colcon.colcon_core.verb:set package 'servidor' build argument 'catkin_cmake_args' from command line to 'None'
[0.507s] Level 5:colcon.colcon_core.verb:set package 'servidor' build argument 'catkin_skip_building_tests' from command line to 'False'
[0.507s] DEBUG:colcon.colcon_core.verb:Building package 'servidor' with the following arguments: {'ament_cmake_args': None, 'build_base': '/home/leoni/robotica/tarea/exam3/build/servidor', 'catkin_cmake_args': None, 'catkin_skip_building_tests': False, 'cmake_args': None, 'cmake_clean_cache': False, 'cmake_clean_first': False, 'cmake_force_configure': False, 'cmake_target': None, 'cmake_target_skip_unavailable': False, 'install_base': '/home/leoni/robotica/tarea/exam3/install/servidor', 'merge_install': False, 'path': '/home/leoni/robotica/tarea/exam3/src/servidor', 'symlink_install': False, 'test_result_base': None}
[0.507s] INFO:colcon.colcon_core.executor:Executing jobs using 'parallel' executor
[0.509s] DEBUG:colcon.colcon_parallel_executor.executor.parallel:run_until_complete
[0.509s] INFO:colcon.colcon_ros.task.ament_python.build:Building ROS package in '/home/leoni/robotica/tarea/exam3/src/cliente' with build type 'ament_python'
[0.509s] Level 1:colcon.colcon_core.shell:create_environment_hook('cliente', 'ament_prefix_path')
[0.511s] INFO:colcon.colcon_core.plugin_system:Skipping extension 'colcon_core.shell.bat': Not used on non-Windows systems
[0.511s] INFO:colcon.colcon_core.shell:Creating environment hook '/home/leoni/robotica/tarea/exam3/install/cliente/share/cliente/hook/ament_prefix_path.ps1'
[0.512s] INFO:colcon.colcon_core.shell:Creating environment descriptor '/home/leoni/robotica/tarea/exam3/install/cliente/share/cliente/hook/ament_prefix_path.dsv'
[0.513s] INFO:colcon.colcon_core.shell:Creating environment hook '/home/leoni/robotica/tarea/exam3/install/cliente/share/cliente/hook/ament_prefix_path.sh'
[0.514s] INFO:colcon.colcon_core.shell:Skip shell extension 'powershell' for command environment: Not usable outside of PowerShell
[0.514s] DEBUG:colcon.colcon_core.shell:Skip shell extension 'dsv' for command environment
[0.517s] INFO:colcon.colcon_ros.task.ament_cmake.build:Building ROS package in '/home/leoni/robotica/tarea/exam3/src/interface' with build type 'ament_cmake'
[0.518s] INFO:colcon.colcon_cmake.task.cmake.build:Building CMake package in '/home/leoni/robotica/tarea/exam3/src/interface'
[0.518s] INFO:colcon.colcon_core.shell:Skip shell extension 'powershell' for command environment: Not usable outside of PowerShell
[0.518s] DEBUG:colcon.colcon_core.shell:Skip shell extension 'dsv' for command environment
[0.521s] INFO:colcon.colcon_ros.task.ament_python.build:Building ROS package in '/home/leoni/robotica/tarea/exam3/src/servidor' with build type 'ament_python'
[0.521s] Level 1:colcon.colcon_core.shell:create_environment_hook('servidor', 'ament_prefix_path')
[0.522s] INFO:colcon.colcon_core.shell:Creating environment hook '/home/leoni/robotica/tarea/exam3/install/servidor/share/servidor/hook/ament_prefix_path.ps1'
[0.522s] INFO:colcon.colcon_core.shell:Creating environment descriptor '/home/leoni/robotica/tarea/exam3/install/servidor/share/servidor/hook/ament_prefix_path.dsv'
[0.522s] INFO:colcon.colcon_core.shell:Creating environment hook '/home/leoni/robotica/tarea/exam3/install/servidor/share/servidor/hook/ament_prefix_path.sh'
[0.523s] INFO:colcon.colcon_core.shell:Skip shell extension 'powershell' for command environment: Not usable outside of PowerShell
[0.523s] DEBUG:colcon.colcon_core.shell:Skip shell extension 'dsv' for command environment
[0.788s] INFO:colcon.colcon_core.task.python.build:Building Python package in '/home/leoni/robotica/tarea/exam3/src/cliente'
[0.788s] INFO:colcon.colcon_core.shell:Skip shell extension 'powershell' for command environment: Not usable outside of PowerShell
[0.788s] DEBUG:colcon.colcon_core.shell:Skip shell extension 'dsv' for command environment
[0.799s] DEBUG:colcon.colcon_core.event_handler.log_command:Invoking command in '/home/leoni/robotica/tarea/exam3/build/interface': CMAKE_PREFIX_PATH=${CMAKE_PREFIX_PATH}:/home/leoni/robotica/tarea/exam3/install/servidor:/home/leoni/robotica/tarea/exam3/install/cliente:/opt/ros/humble /usr/bin/cmake --build /home/leoni/robotica/tarea/exam3/build/interface -- -j16 -l16
[1.081s] INFO:colcon.colcon_core.task.python.build:Building Python package in '/home/leoni/robotica/tarea/exam3/src/servidor'
[1.082s] INFO:colcon.colcon_core.shell:Skip shell extension 'powershell' for command environment: Not usable outside of PowerShell
[1.082s] DEBUG:colcon.colcon_core.shell:Skip shell extension 'dsv' for command environment
[1.165s] DEBUG:colcon.colcon_core.event_handler.log_command:Invoked command in '/home/leoni/robotica/tarea/exam3/build/interface' returned '0': CMAKE_PREFIX_PATH=${CMAKE_PREFIX_PATH}:/home/leoni/robotica/tarea/exam3/install/servidor:/home/leoni/robotica/tarea/exam3/install/cliente:/opt/ros/humble /usr/bin/cmake --build /home/leoni/robotica/tarea/exam3/build/interface -- -j16 -l16
[1.175s] DEBUG:colcon.colcon_core.event_handler.log_command:Invoking command in '/home/leoni/robotica/tarea/exam3/build/interface': CMAKE_PREFIX_PATH=${CMAKE_PREFIX_PATH}:/home/leoni/robotica/tarea/exam3/install/servidor:/home/leoni/robotica/tarea/exam3/install/cliente:/opt/ros/humble /usr/bin/cmake --install /home/leoni/robotica/tarea/exam3/build/interface
[1.243s] Level 1:colcon.colcon_core.environment:create_environment_scripts_only(interface)
[1.244s] DEBUG:colcon.colcon_core.event_handler.log_command:Invoked command in '/home/leoni/robotica/tarea/exam3/build/interface' returned '0': CMAKE_PREFIX_PATH=${CMAKE_PREFIX_PATH}:/home/leoni/robotica/tarea/exam3/install/servidor:/home/leoni/robotica/tarea/exam3/install/cliente:/opt/ros/humble /usr/bin/cmake --install /home/leoni/robotica/tarea/exam3/build/interface
[1.246s] Level 1:colcon.colcon_core.environment:checking '/home/leoni/robotica/tarea/exam3/install/interface' for CMake module files
[1.247s] Level 1:colcon.colcon_core.environment:checking '/home/leoni/robotica/tarea/exam3/install/interface' for CMake config files
[1.247s] Level 1:colcon.colcon_core.shell:create_environment_hook('interface', 'cmake_prefix_path')
[1.247s] INFO:colcon.colcon_core.shell:Creating environment hook '/home/leoni/robotica/tarea/exam3/install/interface/share/interface/hook/cmake_prefix_path.ps1'
[1.248s] INFO:colcon.colcon_core.shell:Creating environment descriptor '/home/leoni/robotica/tarea/exam3/install/interface/share/interface/hook/cmake_prefix_path.dsv'
[1.248s] INFO:colcon.colcon_core.shell:Creating environment hook '/home/leoni/robotica/tarea/exam3/install/interface/share/interface/hook/cmake_prefix_path.sh'
[1.249s] Level 1:colcon.colcon_core.environment:checking '/home/leoni/robotica/tarea/exam3/install/interface/lib'
[1.249s] Level 1:colcon.colcon_core.shell:create_environment_hook('interface', 'ld_library_path_lib')
[1.249s] INFO:colcon.colcon_core.shell:Creating environment hook '/home/leoni/robotica/tarea/exam3/install/interface/share/interface/hook/ld_library_path_lib.ps1'
[1.250s] INFO:colcon.colcon_core.shell:Creating environment descriptor '/home/leoni/robotica/tarea/exam3/install/interface/share/interface/hook/ld_library_path_lib.dsv'
[1.250s] INFO:colcon.colcon_core.shell:Creating environment hook '/home/leoni/robotica/tarea/exam3/install/interface/share/interface/hook/ld_library_path_lib.sh'
[1.251s] Level 1:colcon.colcon_core.environment:checking '/home/leoni/robotica/tarea/exam3/install/interface/bin'
[1.251s] Level 1:colcon.colcon_core.environment:checking '/home/leoni/robotica/tarea/exam3/install/interface/lib/pkgconfig/interface.pc'
[1.251s] Level 1:colcon.colcon_core.environment:checking '/home/leoni/robotica/tarea/exam3/install/interface/lib/python3.10/site-packages'
[1.251s] Level 1:colcon.colcon_core.environment:checking '/home/leoni/robotica/tarea/exam3/install/interface/bin'
[1.252s] INFO:colcon.colcon_core.shell:Creating package script '/home/leoni/robotica/tarea/exam3/install/interface/share/interface/package.ps1'
[1.253s] INFO:colcon.colcon_core.shell:Creating package descriptor '/home/leoni/robotica/tarea/exam3/install/interface/share/interface/package.dsv'
[1.254s] INFO:colcon.colcon_core.shell:Creating package script '/home/leoni/robotica/tarea/exam3/install/interface/share/interface/package.sh'
[1.255s] INFO:colcon.colcon_core.shell:Creating package script '/home/leoni/robotica/tarea/exam3/install/interface/share/interface/package.bash'
[1.256s] INFO:colcon.colcon_core.shell:Creating package script '/home/leoni/robotica/tarea/exam3/install/interface/share/interface/package.zsh'
[1.257s] Level 1:colcon.colcon_core.environment:create_file_with_runtime_dependencies(/home/leoni/robotica/tarea/exam3/install/interface/share/colcon-core/packages/interface)
[1.258s] Level 1:colcon.colcon_core.environment:create_environment_scripts_only(interface)
[1.259s] Level 1:colcon.colcon_core.environment:checking '/home/leoni/robotica/tarea/exam3/install/interface' for CMake module files
[1.260s] Level 1:colcon.colcon_core.environment:checking '/home/leoni/robotica/tarea/exam3/install/interface' for CMake config files
[1.261s] Level 1:colcon.colcon_core.shell:create_environment_hook('interface', 'cmake_prefix_path')
[1.261s] INFO:colcon.colcon_core.shell:Creating environment hook '/home/leoni/robotica/tarea/exam3/install/interface/share/interface/hook/cmake_prefix_path.ps1'
[1.262s] INFO:colcon.colcon_core.shell:Creating environment descriptor '/home/leoni/robotica/tarea/exam3/install/interface/share/interface/hook/cmake_prefix_path.dsv'
[1.262s] INFO:colcon.colcon_core.shell:Creating environment hook '/home/leoni/robotica/tarea/exam3/install/interface/share/interface/hook/cmake_prefix_path.sh'
[1.263s] Level 1:colcon.colcon_core.environment:checking '/home/leoni/robotica/tarea/exam3/install/interface/lib'
[1.263s] Level 1:colcon.colcon_core.shell:create_environment_hook('interface', 'ld_library_path_lib')
[1.263s] INFO:colcon.colcon_core.shell:Creating environment hook '/home/leoni/robotica/tarea/exam3/install/interface/share/interface/hook/ld_library_path_lib.ps1'
[1.264s] INFO:colcon.colcon_core.shell:Creating environment descriptor '/home/leoni/robotica/tarea/exam3/install/interface/share/interface/hook/ld_library_path_lib.dsv'
[1.264s] INFO:colcon.colcon_core.shell:Creating environment hook '/home/leoni/robotica/tarea/exam3/install/interface/share/interface/hook/ld_library_path_lib.sh'
[1.265s] Level 1:colcon.colcon_core.environment:checking '/home/leoni/robotica/tarea/exam3/install/interface/bin'
[1.265s] Level 1:colcon.colcon_core.environment:checking '/home/leoni/robotica/tarea/exam3/install/interface/lib/pkgconfig/interface.pc'
[1.265s] Level 1:colcon.colcon_core.environment:checking '/home/leoni/robotica/tarea/exam3/install/interface/lib/python3.10/site-packages'
[1.265s] Level 1:colcon.colcon_core.environment:checking '/home/leoni/robotica/tarea/exam3/install/interface/bin'
[1.266s] INFO:colcon.colcon_core.shell:Creating package script '/home/leoni/robotica/tarea/exam3/install/interface/share/interface/package.ps1'
[1.266s] INFO:colcon.colcon_core.shell:Creating package descriptor '/home/leoni/robotica/tarea/exam3/install/interface/share/interface/package.dsv'
[1.267s] INFO:colcon.colcon_core.shell:Creating package script '/home/leoni/robotica/tarea/exam3/install/interface/share/interface/package.sh'
[1.267s] INFO:colcon.colcon_core.shell:Creating package script '/home/leoni/robotica/tarea/exam3/install/interface/share/interface/package.bash'
[1.268s] INFO:colcon.colcon_core.shell:Creating package script '/home/leoni/robotica/tarea/exam3/install/interface/share/interface/package.zsh'
[1.268s] Level 1:colcon.colcon_core.environment:create_file_with_runtime_dependencies(/home/leoni/robotica/tarea/exam3/install/interface/share/colcon-core/packages/interface)
[1.459s] DEBUG:colcon.colcon_core.event_handler.log_command:Invoking command in '/home/leoni/robotica/tarea/exam3/src/cliente': PYTHONPATH=/home/leoni/robotica/tarea/exam3/build/cliente/prefix_override:/usr/lib/python3/dist-packages/colcon_core/task/python/colcon_distutils_commands:/home/leoni/robotica/tarea/exam3/install/cliente/lib/python3.10/site-packages:${PYTHONPATH} /usr/bin/python3 -W ignore:setup.py install is deprecated -W ignore:easy_install command is deprecated setup.py egg_info --egg-base ../../build/cliente build --build-base /home/leoni/robotica/tarea/exam3/build/cliente/build install --record /home/leoni/robotica/tarea/exam3/build/cliente/install.log --single-version-externally-managed install_data
[1.467s] DEBUG:colcon.colcon_core.event_handler.log_command:Invoking command in '/home/leoni/robotica/tarea/exam3/src/servidor': PYTHONPATH=/home/leoni/robotica/tarea/exam3/build/servidor/prefix_override:/usr/lib/python3/dist-packages/colcon_core/task/python/colcon_distutils_commands:/home/leoni/robotica/tarea/exam3/install/servidor/lib/python3.10/site-packages:${PYTHONPATH} /usr/bin/python3 -W ignore:setup.py install is deprecated -W ignore:easy_install command is deprecated setup.py egg_info --egg-base ../../build/servidor build --build-base /home/leoni/robotica/tarea/exam3/build/servidor/build install --record /home/leoni/robotica/tarea/exam3/build/servidor/install.log --single-version-externally-managed install_data
[1.734s] Level 1:colcon.colcon_core.environment:checking '/home/leoni/robotica/tarea/exam3/install/cliente' for CMake module files
[1.736s] DEBUG:colcon.colcon_core.event_handler.log_command:Invoked command in '/home/leoni/robotica/tarea/exam3/src/cliente' returned '0': PYTHONPATH=/home/leoni/robotica/tarea/exam3/build/cliente/prefix_override:/usr/lib/python3/dist-packages/colcon_core/task/python/colcon_distutils_commands:/home/leoni/robotica/tarea/exam3/install/cliente/lib/python3.10/site-packages:${PYTHONPATH} /usr/bin/python3 -W ignore:setup.py install is deprecated -W ignore:easy_install command is deprecated setup.py egg_info --egg-base ../../build/cliente build --build-base /home/leoni/robotica/tarea/exam3/build/cliente/build install --record /home/leoni/robotica/tarea/exam3/build/cliente/install.log --single-version-externally-managed install_data
[1.736s] Level 1:colcon.colcon_core.environment:checking '/home/leoni/robotica/tarea/exam3/install/cliente' for CMake config files
[1.736s] Level 1:colcon.colcon_core.environment:checking '/home/leoni/robotica/tarea/exam3/install/cliente/lib'
[1.737s] Level 1:colcon.colcon_core.environment:checking '/home/leoni/robotica/tarea/exam3/install/cliente/bin'
[1.737s] Level 1:colcon.colcon_core.environment:checking '/home/leoni/robotica/tarea/exam3/install/cliente/lib/pkgconfig/cliente.pc'
[1.737s] Level 1:colcon.colcon_core.environment:checking '/home/leoni/robotica/tarea/exam3/install/cliente/lib/python3.10/site-packages'
[1.737s] Level 1:colcon.colcon_core.shell:create_environment_hook('cliente', 'pythonpath')
[1.737s] INFO:colcon.colcon_core.shell:Creating environment hook '/home/leoni/robotica/tarea/exam3/install/cliente/share/cliente/hook/pythonpath.ps1'
[1.738s] INFO:colcon.colcon_core.shell:Creating environment descriptor '/home/leoni/robotica/tarea/exam3/install/cliente/share/cliente/hook/pythonpath.dsv'
[1.739s] INFO:colcon.colcon_core.shell:Creating environment hook '/home/leoni/robotica/tarea/exam3/install/cliente/share/cliente/hook/pythonpath.sh'
[1.739s] Level 1:colcon.colcon_core.environment:checking '/home/leoni/robotica/tarea/exam3/install/cliente/bin'
[1.740s] Level 1:colcon.colcon_core.environment:create_environment_scripts_only(cliente)
[1.740s] INFO:colcon.colcon_core.shell:Creating package script '/home/leoni/robotica/tarea/exam3/install/cliente/share/cliente/package.ps1'
[1.741s] INFO:colcon.colcon_core.shell:Creating package descriptor '/home/leoni/robotica/tarea/exam3/install/cliente/share/cliente/package.dsv'
[1.741s] INFO:colcon.colcon_core.shell:Creating package script '/home/leoni/robotica/tarea/exam3/install/cliente/share/cliente/package.sh'
[1.742s] INFO:colcon.colcon_core.shell:Creating package script '/home/leoni/robotica/tarea/exam3/install/cliente/share/cliente/package.bash'
[1.743s] INFO:colcon.colcon_core.shell:Creating package script '/home/leoni/robotica/tarea/exam3/install/cliente/share/cliente/package.zsh'
[1.744s] Level 1:colcon.colcon_core.environment:create_file_with_runtime_dependencies(/home/leoni/robotica/tarea/exam3/install/cliente/share/colcon-core/packages/cliente)
[1.747s] Level 1:colcon.colcon_core.environment:checking '/home/leoni/robotica/tarea/exam3/install/servidor' for CMake module files
[1.749s] DEBUG:colcon.colcon_core.event_handler.log_command:Invoked command in '/home/leoni/robotica/tarea/exam3/src/servidor' returned '0': PYTHONPATH=/home/leoni/robotica/tarea/exam3/build/servidor/prefix_override:/usr/lib/python3/dist-packages/colcon_core/task/python/colcon_distutils_commands:/home/leoni/robotica/tarea/exam3/install/servidor/lib/python3.10/site-packages:${PYTHONPATH} /usr/bin/python3 -W ignore:setup.py install is deprecated -W ignore:easy_install command is deprecated setup.py egg_info --egg-base ../../build/servidor build --build-base /home/leoni/robotica/tarea/exam3/build/servidor/build install --record /home/leoni/robotica/tarea/exam3/build/servidor/install.log --single-version-externally-managed install_data
[1.749s] Level 1:colcon.colcon_core.environment:checking '/home/leoni/robotica/tarea/exam3/install/servidor' for CMake config files
[1.750s] Level 1:colcon.colcon_core.environment:checking '/home/leoni/robotica/tarea/exam3/install/servidor/lib'
[1.750s] Level 1:colcon.colcon_core.environment:checking '/home/leoni/robotica/tarea/exam3/install/servidor/bin'
[1.750s] Level 1:colcon.colcon_core.environment:checking '/home/leoni/robotica/tarea/exam3/install/servidor/lib/pkgconfig/servidor.pc'
[1.750s] Level 1:colcon.colcon_core.environment:checking '/home/leoni/robotica/tarea/exam3/install/servidor/lib/python3.10/site-packages'
[1.750s] Level 1:colcon.colcon_core.shell:create_environment_hook('servidor', 'pythonpath')
[1.750s] INFO:colcon.colcon_core.shell:Creating environment hook '/home/leoni/robotica/tarea/exam3/install/servidor/share/servidor/hook/pythonpath.ps1'
[1.751s] INFO:colcon.colcon_core.shell:Creating environment descriptor '/home/leoni/robotica/tarea/exam3/install/servidor/share/servidor/hook/pythonpath.dsv'
[1.751s] INFO:colcon.colcon_core.shell:Creating environment hook '/home/leoni/robotica/tarea/exam3/install/servidor/share/servidor/hook/pythonpath.sh'
[1.752s] Level 1:colcon.colcon_core.environment:checking '/home/leoni/robotica/tarea/exam3/install/servidor/bin'
[1.752s] Level 1:colcon.colcon_core.environment:create_environment_scripts_only(servidor)
[1.752s] INFO:colcon.colcon_core.shell:Creating package script '/home/leoni/robotica/tarea/exam3/install/servidor/share/servidor/package.ps1'
[1.753s] INFO:colcon.colcon_core.shell:Creating package descriptor '/home/leoni/robotica/tarea/exam3/install/servidor/share/servidor/package.dsv'
[1.753s] INFO:colcon.colcon_core.shell:Creating package script '/home/leoni/robotica/tarea/exam3/install/servidor/share/servidor/package.sh'
[1.754s] INFO:colcon.colcon_core.shell:Creating package script '/home/leoni/robotica/tarea/exam3/install/servidor/share/servidor/package.bash'
[1.754s] INFO:colcon.colcon_core.shell:Creating package script '/home/leoni/robotica/tarea/exam3/install/servidor/share/servidor/package.zsh'
[1.755s] Level 1:colcon.colcon_core.environment:create_file_with_runtime_dependencies(/home/leoni/robotica/tarea/exam3/install/servidor/share/colcon-core/packages/servidor)
[1.755s] DEBUG:colcon.colcon_parallel_executor.executor.parallel:closing loop
[1.756s] DEBUG:colcon.colcon_parallel_executor.executor.parallel:loop closed
[1.756s] DEBUG:colcon.colcon_parallel_executor.executor.parallel:run_until_complete finished with '0'
[1.756s] DEBUG:colcon.colcon_core.event_reactor:joining thread
[1.889s] INFO:colcon.colcon_core.plugin_system:Skipping extension 'colcon_notification.desktop_notification.notify_send': Could not find 'notify-send'
[1.889s] INFO:colcon.colcon_core.plugin_system:Skipping extension 'colcon_notification.desktop_notification.terminal_notifier': Not used on non-Darwin systems
[1.889s] INFO:colcon.colcon_core.plugin_system:Skipping extension 'colcon_notification.desktop_notification.win32': Not used on non-Windows systems
[1.889s] INFO:colcon.colcon_notification.desktop_notification:Sending desktop notification using 'notify2'
[1.892s] DEBUG:colcon.colcon_notification.desktop_notification.notify2:Failed to initialize notify2: org.freedesktop.DBus.Error.ServiceUnknown: The name org.freedesktop.Notifications was not provided by any .service files
[1.892s] DEBUG:colcon.colcon_core.event_reactor:joined thread
[1.892s] INFO:colcon.colcon_core.shell:Creating prefix script '/home/leoni/robotica/tarea/exam3/install/local_setup.ps1'
[1.893s] INFO:colcon.colcon_core.shell:Creating prefix util module '/home/leoni/robotica/tarea/exam3/install/_local_setup_util_ps1.py'
[1.896s] INFO:colcon.colcon_core.shell:Creating prefix chain script '/home/leoni/robotica/tarea/exam3/install/setup.ps1'
[1.897s] INFO:colcon.colcon_core.shell:Creating prefix script '/home/leoni/robotica/tarea/exam3/install/local_setup.sh'
[1.898s] INFO:colcon.colcon_core.shell:Creating prefix util module '/home/leoni/robotica/tarea/exam3/install/_local_setup_util_sh.py'
[1.899s] INFO:colcon.colcon_core.shell:Creating prefix chain script '/home/leoni/robotica/tarea/exam3/install/setup.sh'
[1.900s] INFO:colcon.colcon_core.shell:Creating prefix script '/home/leoni/robotica/tarea/exam3/install/local_setup.bash'
[1.901s] INFO:colcon.colcon_core.shell:Creating prefix chain script '/home/leoni/robotica/tarea/exam3/install/setup.bash'
[1.902s] INFO:colcon.colcon_core.shell:Creating prefix script '/home/leoni/robotica/tarea/exam3/install/local_setup.zsh'
[1.902s] INFO:colcon.colcon_core.shell:Creating prefix chain script '/home/leoni/robotica/tarea/exam3/install/setup.zsh'
