[0.268s] Invoking command in '/home/leoni/robotica/tarea/exam3/build/interface': CMAKE_PREFIX_PATH=${CMAKE_PREFIX_PATH}:/home/leoni/robotica/tarea/exam3/install/servidor:/home/leoni/robotica/tarea/exam3/install/cliente:/opt/ros/humble /usr/bin/cmake --build /home/leoni/robotica/tarea/exam3/build/interface -- -j16 -l16
[0.311s] [  9%] Built target interface__rosidl_generator_c
[0.313s] [ 12%] Built target interface__cpp
[0.325s] [ 12%] Built target ament_cmake_python_copy_interface
[0.341s] [ 35%] Built target interface__rosidl_typesupport_introspection_c
[0.342s] [ 48%] Built target interface__rosidl_typesupport_c
[0.342s] [ 48%] Built target interface__rosidl_typesupport_fastrtps_c
[0.342s] [ 51%] Built target interface__rosidl_typesupport_fastrtps_cpp
[0.343s] [ 61%] Built target interface__rosidl_typesupport_introspection_cpp
[0.344s] [ 70%] Built target interface__rosidl_typesupport_cpp
[0.369s] [ 70%] Built target interface
[0.388s] [ 74%] Built target interface__py
[0.409s] [ 80%] Built target interface__rosidl_generator_py
[0.435s] [ 87%] Built target interface__rosidl_typesupport_fastrtps_c__pyext
[0.438s] [ 93%] Built target interface__rosidl_typesupport_c__pyext
[0.439s] [100%] Built target interface__rosidl_typesupport_introspection_c__pyext
[0.604s] running egg_info
[0.605s] writing interface.egg-info/PKG-INFO
[0.606s] writing dependency_links to interface.egg-info/dependency_links.txt
[0.606s] writing top-level names to interface.egg-info/top_level.txt
[0.608s] reading manifest file 'interface.egg-info/SOURCES.txt'
[0.608s] writing manifest file 'interface.egg-info/SOURCES.txt'
[0.631s] [100%] Built target ament_cmake_python_build_interface_egg
[0.642s] Invoked command in '/home/leoni/robotica/tarea/exam3/build/interface' returned '0': CMAKE_PREFIX_PATH=${CMAKE_PREFIX_PATH}:/home/leoni/robotica/tarea/exam3/install/servidor:/home/leoni/robotica/tarea/exam3/install/cliente:/opt/ros/humble /usr/bin/cmake --build /home/leoni/robotica/tarea/exam3/build/interface -- -j16 -l16
[0.652s] Invoking command in '/home/leoni/robotica/tarea/exam3/build/interface': CMAKE_PREFIX_PATH=${CMAKE_PREFIX_PATH}:/home/leoni/robotica/tarea/exam3/install/servidor:/home/leoni/robotica/tarea/exam3/install/cliente:/opt/ros/humble /usr/bin/cmake --install /home/leoni/robotica/tarea/exam3/build/interface
[0.658s] -- Install configuration: ""
[0.659s] -- Up-to-date: /home/leoni/robotica/tarea/exam3/install/interface/share/ament_index/resource_index/rosidl_interfaces/interface
[0.659s] -- Up-to-date: /home/leoni/robotica/tarea/exam3/install/interface/include/interface/interface
[0.659s] -- Up-to-date: /home/leoni/robotica/tarea/exam3/install/interface/include/interface/interface/msg
[0.660s] -- Up-to-date: /home/leoni/robotica/tarea/exam3/install/interface/include/interface/interface/msg/rosidl_generator_c__visibility_control.h
[0.660s] -- Up-to-date: /home/leoni/robotica/tarea/exam3/install/interface/include/interface/interface/srv
[0.660s] -- Up-to-date: /home/leoni/robotica/tarea/exam3/install/interface/include/interface/interface/srv/detail
[0.660s] -- Up-to-date: /home/leoni/robotica/tarea/exam3/install/interface/include/interface/interface/srv/detail/angle__struct.h
[0.660s] -- Up-to-date: /home/leoni/robotica/tarea/exam3/install/interface/include/interface/interface/srv/detail/angle__functions.c
[0.660s] -- Up-to-date: /home/leoni/robotica/tarea/exam3/install/interface/include/interface/interface/srv/detail/angle__type_support.h
[0.661s] -- Up-to-date: /home/leoni/robotica/tarea/exam3/install/interface/include/interface/interface/srv/detail/angle__functions.h
[0.661s] -- Up-to-date: /home/leoni/robotica/tarea/exam3/install/interface/include/interface/interface/srv/angle.h
[0.661s] -- Up-to-date: /home/leoni/robotica/tarea/exam3/install/interface/share/interface/environment/library_path.sh
[0.661s] -- Up-to-date: /home/leoni/robotica/tarea/exam3/install/interface/share/interface/environment/library_path.dsv
[0.661s] -- Up-to-date: /home/leoni/robotica/tarea/exam3/install/interface/lib/libinterface__rosidl_generator_c.so
[0.662s] -- Up-to-date: /home/leoni/robotica/tarea/exam3/install/interface/include/interface/interface
[0.662s] -- Up-to-date: /home/leoni/robotica/tarea/exam3/install/interface/include/interface/interface/msg
[0.662s] -- Up-to-date: /home/leoni/robotica/tarea/exam3/install/interface/include/interface/interface/msg/rosidl_typesupport_fastrtps_c__visibility_control.h
[0.662s] -- Up-to-date: /home/leoni/robotica/tarea/exam3/install/interface/include/interface/interface/srv
[0.663s] -- Up-to-date: /home/leoni/robotica/tarea/exam3/install/interface/include/interface/interface/srv/detail
[0.663s] -- Up-to-date: /home/leoni/robotica/tarea/exam3/install/interface/include/interface/interface/srv/detail/angle__rosidl_typesupport_fastrtps_c.h
[0.663s] -- Up-to-date: /home/leoni/robotica/tarea/exam3/install/interface/lib/libinterface__rosidl_typesupport_fastrtps_c.so
[0.663s] -- Up-to-date: /home/leoni/robotica/tarea/exam3/install/interface/include/interface/interface
[0.663s] -- Up-to-date: /home/leoni/robotica/tarea/exam3/install/interface/include/interface/interface/msg
[0.664s] -- Up-to-date: /home/leoni/robotica/tarea/exam3/install/interface/include/interface/interface/msg/rosidl_typesupport_introspection_c__visibility_control.h
[0.664s] -- Up-to-date: /home/leoni/robotica/tarea/exam3/install/interface/include/interface/interface/srv
[0.664s] -- Up-to-date: /home/leoni/robotica/tarea/exam3/install/interface/include/interface/interface/srv/detail
[0.664s] -- Up-to-date: /home/leoni/robotica/tarea/exam3/install/interface/include/interface/interface/srv/detail/angle__type_support.c
[0.664s] -- Up-to-date: /home/leoni/robotica/tarea/exam3/install/interface/include/interface/interface/srv/detail/angle__rosidl_typesupport_introspection_c.h
[0.664s] -- Up-to-date: /home/leoni/robotica/tarea/exam3/install/interface/lib/libinterface__rosidl_typesupport_introspection_c.so
[0.665s] -- Up-to-date: /home/leoni/robotica/tarea/exam3/install/interface/lib/libinterface__rosidl_typesupport_c.so
[0.665s] -- Up-to-date: /home/leoni/robotica/tarea/exam3/install/interface/include/interface/interface
[0.665s] -- Up-to-date: /home/leoni/robotica/tarea/exam3/install/interface/include/interface/interface/msg
[0.665s] -- Up-to-date: /home/leoni/robotica/tarea/exam3/install/interface/include/interface/interface/msg/rosidl_generator_cpp__visibility_control.hpp
[0.665s] -- Up-to-date: /home/leoni/robotica/tarea/exam3/install/interface/include/interface/interface/srv
[0.666s] -- Up-to-date: /home/leoni/robotica/tarea/exam3/install/interface/include/interface/interface/srv/angle.hpp
[0.666s] -- Up-to-date: /home/leoni/robotica/tarea/exam3/install/interface/include/interface/interface/srv/detail
[0.666s] -- Up-to-date: /home/leoni/robotica/tarea/exam3/install/interface/include/interface/interface/srv/detail/angle__struct.hpp
[0.666s] -- Up-to-date: /home/leoni/robotica/tarea/exam3/install/interface/include/interface/interface/srv/detail/angle__type_support.hpp
[0.666s] -- Up-to-date: /home/leoni/robotica/tarea/exam3/install/interface/include/interface/interface/srv/detail/angle__traits.hpp
[0.666s] -- Up-to-date: /home/leoni/robotica/tarea/exam3/install/interface/include/interface/interface/srv/detail/angle__builder.hpp
[0.666s] -- Up-to-date: /home/leoni/robotica/tarea/exam3/install/interface/include/interface/interface
[0.667s] -- Up-to-date: /home/leoni/robotica/tarea/exam3/install/interface/include/interface/interface/msg
[0.667s] -- Up-to-date: /home/leoni/robotica/tarea/exam3/install/interface/include/interface/interface/msg/rosidl_typesupport_fastrtps_cpp__visibility_control.h
[0.667s] -- Up-to-date: /home/leoni/robotica/tarea/exam3/install/interface/include/interface/interface/srv
[0.667s] -- Up-to-date: /home/leoni/robotica/tarea/exam3/install/interface/include/interface/interface/srv/detail
[0.667s] -- Up-to-date: /home/leoni/robotica/tarea/exam3/install/interface/include/interface/interface/srv/detail/angle__rosidl_typesupport_fastrtps_cpp.hpp
[0.667s] -- Up-to-date: /home/leoni/robotica/tarea/exam3/install/interface/include/interface/interface/srv/detail/dds_fastrtps
[0.667s] -- Up-to-date: /home/leoni/robotica/tarea/exam3/install/interface/lib/libinterface__rosidl_typesupport_fastrtps_cpp.so
[0.667s] -- Up-to-date: /home/leoni/robotica/tarea/exam3/install/interface/include/interface/interface
[0.667s] -- Up-to-date: /home/leoni/robotica/tarea/exam3/install/interface/include/interface/interface/srv
[0.667s] -- Up-to-date: /home/leoni/robotica/tarea/exam3/install/interface/include/interface/interface/srv/detail
[0.667s] -- Up-to-date: /home/leoni/robotica/tarea/exam3/install/interface/include/interface/interface/srv/detail/angle__rosidl_typesupport_introspection_cpp.hpp
[0.668s] -- Up-to-date: /home/leoni/robotica/tarea/exam3/install/interface/include/interface/interface/srv/detail/angle__type_support.cpp
[0.668s] -- Up-to-date: /home/leoni/robotica/tarea/exam3/install/interface/lib/libinterface__rosidl_typesupport_introspection_cpp.so
[0.668s] -- Up-to-date: /home/leoni/robotica/tarea/exam3/install/interface/lib/libinterface__rosidl_typesupport_cpp.so
[0.668s] -- Up-to-date: /home/leoni/robotica/tarea/exam3/install/interface/share/interface/environment/pythonpath.sh
[0.668s] -- Up-to-date: /home/leoni/robotica/tarea/exam3/install/interface/share/interface/environment/pythonpath.dsv
[0.668s] -- Up-to-date: /home/leoni/robotica/tarea/exam3/install/interface/local/lib/python3.10/dist-packages/interface-0.0.0-py3.10.egg-info
[0.668s] -- Installing: /home/leoni/robotica/tarea/exam3/install/interface/local/lib/python3.10/dist-packages/interface-0.0.0-py3.10.egg-info/top_level.txt
[0.668s] -- Installing: /home/leoni/robotica/tarea/exam3/install/interface/local/lib/python3.10/dist-packages/interface-0.0.0-py3.10.egg-info/dependency_links.txt
[0.668s] -- Installing: /home/leoni/robotica/tarea/exam3/install/interface/local/lib/python3.10/dist-packages/interface-0.0.0-py3.10.egg-info/PKG-INFO
[0.668s] -- Installing: /home/leoni/robotica/tarea/exam3/install/interface/local/lib/python3.10/dist-packages/interface-0.0.0-py3.10.egg-info/SOURCES.txt
[0.668s] -- Up-to-date: /home/leoni/robotica/tarea/exam3/install/interface/local/lib/python3.10/dist-packages/interface
[0.668s] -- Up-to-date: /home/leoni/robotica/tarea/exam3/install/interface/local/lib/python3.10/dist-packages/interface/interface_s__rosidl_typesupport_c.cpython-310-x86_64-linux-gnu.so
[0.669s] -- Up-to-date: /home/leoni/robotica/tarea/exam3/install/interface/local/lib/python3.10/dist-packages/interface/_interface_s.ep.rosidl_typesupport_c.c
[0.669s] -- Up-to-date: /home/leoni/robotica/tarea/exam3/install/interface/local/lib/python3.10/dist-packages/interface/srv
[0.669s] -- Up-to-date: /home/leoni/robotica/tarea/exam3/install/interface/local/lib/python3.10/dist-packages/interface/srv/_angle.py
[0.669s] -- Up-to-date: /home/leoni/robotica/tarea/exam3/install/interface/local/lib/python3.10/dist-packages/interface/srv/_angle_s.c
[0.669s] -- Up-to-date: /home/leoni/robotica/tarea/exam3/install/interface/local/lib/python3.10/dist-packages/interface/srv/__init__.py
[0.669s] -- Up-to-date: /home/leoni/robotica/tarea/exam3/install/interface/local/lib/python3.10/dist-packages/interface/libinterface__rosidl_generator_py.so
[0.669s] -- Up-to-date: /home/leoni/robotica/tarea/exam3/install/interface/local/lib/python3.10/dist-packages/interface/interface_s__rosidl_typesupport_introspection_c.cpython-310-x86_64-linux-gnu.so
[0.669s] -- Up-to-date: /home/leoni/robotica/tarea/exam3/install/interface/local/lib/python3.10/dist-packages/interface/_interface_s.ep.rosidl_typesupport_introspection_c.c
[0.669s] -- Up-to-date: /home/leoni/robotica/tarea/exam3/install/interface/local/lib/python3.10/dist-packages/interface/__init__.py
[0.669s] -- Up-to-date: /home/leoni/robotica/tarea/exam3/install/interface/local/lib/python3.10/dist-packages/interface/_interface_s.ep.rosidl_typesupport_fastrtps_c.c
[0.669s] -- Up-to-date: /home/leoni/robotica/tarea/exam3/install/interface/local/lib/python3.10/dist-packages/interface/interface_s__rosidl_typesupport_fastrtps_c.cpython-310-x86_64-linux-gnu.so
[0.696s] Listing '/home/leoni/robotica/tarea/exam3/install/interface/local/lib/python3.10/dist-packages/interface'...
[0.696s] Listing '/home/leoni/robotica/tarea/exam3/install/interface/local/lib/python3.10/dist-packages/interface/srv'...
[0.700s] -- Up-to-date: /home/leoni/robotica/tarea/exam3/install/interface/local/lib/python3.10/dist-packages/interface/interface_s__rosidl_typesupport_fastrtps_c.cpython-310-x86_64-linux-gnu.so
[0.700s] -- Up-to-date: /home/leoni/robotica/tarea/exam3/install/interface/local/lib/python3.10/dist-packages/interface/interface_s__rosidl_typesupport_introspection_c.cpython-310-x86_64-linux-gnu.so
[0.701s] -- Up-to-date: /home/leoni/robotica/tarea/exam3/install/interface/local/lib/python3.10/dist-packages/interface/interface_s__rosidl_typesupport_c.cpython-310-x86_64-linux-gnu.so
[0.701s] -- Up-to-date: /home/leoni/robotica/tarea/exam3/install/interface/lib/libinterface__rosidl_generator_py.so
[0.702s] -- Up-to-date: /home/leoni/robotica/tarea/exam3/install/interface/share/interface/srv/Angle.idl
[0.702s] -- Up-to-date: /home/leoni/robotica/tarea/exam3/install/interface/share/interface/srv/Angle.srv
[0.702s] -- Up-to-date: /home/leoni/robotica/tarea/exam3/install/interface/share/interface/srv/Angle_Request.msg
[0.703s] -- Up-to-date: /home/leoni/robotica/tarea/exam3/install/interface/share/interface/srv/Angle_Response.msg
[0.703s] -- Up-to-date: /home/leoni/robotica/tarea/exam3/install/interface/share/ament_index/resource_index/package_run_dependencies/interface
[0.703s] -- Up-to-date: /home/leoni/robotica/tarea/exam3/install/interface/share/ament_index/resource_index/parent_prefix_path/interface
[0.703s] -- Up-to-date: /home/leoni/robotica/tarea/exam3/install/interface/share/interface/environment/ament_prefix_path.sh
[0.703s] -- Up-to-date: /home/leoni/robotica/tarea/exam3/install/interface/share/interface/environment/ament_prefix_path.dsv
[0.704s] -- Up-to-date: /home/leoni/robotica/tarea/exam3/install/interface/share/interface/environment/path.sh
[0.704s] -- Up-to-date: /home/leoni/robotica/tarea/exam3/install/interface/share/interface/environment/path.dsv
[0.704s] -- Up-to-date: /home/leoni/robotica/tarea/exam3/install/interface/share/interface/local_setup.bash
[0.704s] -- Up-to-date: /home/leoni/robotica/tarea/exam3/install/interface/share/interface/local_setup.sh
[0.704s] -- Up-to-date: /home/leoni/robotica/tarea/exam3/install/interface/share/interface/local_setup.zsh
[0.705s] -- Up-to-date: /home/leoni/robotica/tarea/exam3/install/interface/share/interface/local_setup.dsv
[0.705s] -- Installing: /home/leoni/robotica/tarea/exam3/install/interface/share/interface/package.dsv
[0.705s] -- Up-to-date: /home/leoni/robotica/tarea/exam3/install/interface/share/ament_index/resource_index/packages/interface
[0.705s] -- Up-to-date: /home/leoni/robotica/tarea/exam3/install/interface/share/interface/cmake/export_interface__rosidl_generator_cExport.cmake
[0.705s] -- Up-to-date: /home/leoni/robotica/tarea/exam3/install/interface/share/interface/cmake/export_interface__rosidl_generator_cExport-noconfig.cmake
[0.706s] -- Up-to-date: /home/leoni/robotica/tarea/exam3/install/interface/share/interface/cmake/export_interface__rosidl_typesupport_fastrtps_cExport.cmake
[0.706s] -- Up-to-date: /home/leoni/robotica/tarea/exam3/install/interface/share/interface/cmake/export_interface__rosidl_typesupport_fastrtps_cExport-noconfig.cmake
[0.706s] -- Up-to-date: /home/leoni/robotica/tarea/exam3/install/interface/share/interface/cmake/interface__rosidl_typesupport_introspection_cExport.cmake
[0.706s] -- Up-to-date: /home/leoni/robotica/tarea/exam3/install/interface/share/interface/cmake/interface__rosidl_typesupport_introspection_cExport-noconfig.cmake
[0.706s] -- Up-to-date: /home/leoni/robotica/tarea/exam3/install/interface/share/interface/cmake/interface__rosidl_typesupport_cExport.cmake
[0.707s] -- Up-to-date: /home/leoni/robotica/tarea/exam3/install/interface/share/interface/cmake/interface__rosidl_typesupport_cExport-noconfig.cmake
[0.707s] -- Up-to-date: /home/leoni/robotica/tarea/exam3/install/interface/share/interface/cmake/export_interface__rosidl_generator_cppExport.cmake
[0.708s] -- Up-to-date: /home/leoni/robotica/tarea/exam3/install/interface/share/interface/cmake/export_interface__rosidl_typesupport_fastrtps_cppExport.cmake
[0.708s] -- Up-to-date: /home/leoni/robotica/tarea/exam3/install/interface/share/interface/cmake/export_interface__rosidl_typesupport_fastrtps_cppExport-noconfig.cmake
[0.709s] -- Up-to-date: /home/leoni/robotica/tarea/exam3/install/interface/share/interface/cmake/interface__rosidl_typesupport_introspection_cppExport.cmake
[0.709s] -- Up-to-date: /home/leoni/robotica/tarea/exam3/install/interface/share/interface/cmake/interface__rosidl_typesupport_introspection_cppExport-noconfig.cmake
[0.709s] -- Up-to-date: /home/leoni/robotica/tarea/exam3/install/interface/share/interface/cmake/interface__rosidl_typesupport_cppExport.cmake
[0.709s] -- Up-to-date: /home/leoni/robotica/tarea/exam3/install/interface/share/interface/cmake/interface__rosidl_typesupport_cppExport-noconfig.cmake
[0.709s] -- Up-to-date: /home/leoni/robotica/tarea/exam3/install/interface/share/interface/cmake/export_interface__rosidl_generator_pyExport.cmake
[0.709s] -- Up-to-date: /home/leoni/robotica/tarea/exam3/install/interface/share/interface/cmake/export_interface__rosidl_generator_pyExport-noconfig.cmake
[0.709s] -- Up-to-date: /home/leoni/robotica/tarea/exam3/install/interface/share/interface/cmake/rosidl_cmake-extras.cmake
[0.710s] -- Up-to-date: /home/leoni/robotica/tarea/exam3/install/interface/share/interface/cmake/ament_cmake_export_include_directories-extras.cmake
[0.710s] -- Up-to-date: /home/leoni/robotica/tarea/exam3/install/interface/share/interface/cmake/ament_cmake_export_libraries-extras.cmake
[0.710s] -- Up-to-date: /home/leoni/robotica/tarea/exam3/install/interface/share/interface/cmake/ament_cmake_export_targets-extras.cmake
[0.710s] -- Up-to-date: /home/leoni/robotica/tarea/exam3/install/interface/share/interface/cmake/rosidl_cmake_export_typesupport_targets-extras.cmake
[0.710s] -- Up-to-date: /home/leoni/robotica/tarea/exam3/install/interface/share/interface/cmake/ament_cmake_export_dependencies-extras.cmake
[0.711s] -- Up-to-date: /home/leoni/robotica/tarea/exam3/install/interface/share/interface/cmake/rosidl_cmake_export_typesupport_libraries-extras.cmake
[0.711s] -- Up-to-date: /home/leoni/robotica/tarea/exam3/install/interface/share/interface/cmake/interfaceConfig.cmake
[0.711s] -- Up-to-date: /home/leoni/robotica/tarea/exam3/install/interface/share/interface/cmake/interfaceConfig-version.cmake
[0.712s] -- Up-to-date: /home/leoni/robotica/tarea/exam3/install/interface/share/interface/package.xml
[0.712s] Invoked command in '/home/leoni/robotica/tarea/exam3/build/interface' returned '0': CMAKE_PREFIX_PATH=${CMAKE_PREFIX_PATH}:/home/leoni/robotica/tarea/exam3/install/servidor:/home/leoni/robotica/tarea/exam3/install/cliente:/opt/ros/humble /usr/bin/cmake --install /home/leoni/robotica/tarea/exam3/build/interface
