running egg_info
writing ../../build/eje2/eje2.egg-info/PKG-INFO
writing dependency_links to ../../build/eje2/eje2.egg-info/dependency_links.txt
writing entry points to ../../build/eje2/eje2.egg-info/entry_points.txt
writing requirements to ../../build/eje2/eje2.egg-info/requires.txt
writing top-level names to ../../build/eje2/eje2.egg-info/top_level.txt
reading manifest file '../../build/eje2/eje2.egg-info/SOURCES.txt'
writing manifest file '../../build/eje2/eje2.egg-info/SOURCES.txt'
running build
running build_py
copying eje2/pub1.py -> /home/leoni/robotica/tarea/Examen1/build/eje2/build/lib/eje2
running install
running install_lib
copying /home/leoni/robotica/tarea/Examen1/build/eje2/build/lib/eje2/pub1.py -> /home/leoni/robotica/tarea/Examen1/install/eje2/lib/python3.10/site-packages/eje2
byte-compiling /home/leoni/robotica/tarea/Examen1/install/eje2/lib/python3.10/site-packages/eje2/pub1.py to pub1.cpython-310.pyc
running install_data
running install_egg_info
removing '/home/leoni/robotica/tarea/Examen1/install/eje2/lib/python3.10/site-packages/eje2-0.0.0-py3.10.egg-info' (and everything under it)
Copying ../../build/eje2/eje2.egg-info to /home/leoni/robotica/tarea/Examen1/install/eje2/lib/python3.10/site-packages/eje2-0.0.0-py3.10.egg-info
running install_scripts
Installing pub1 script to /home/leoni/robotica/tarea/Examen1/install/eje2/lib/eje2
Installing pub2 script to /home/leoni/robotica/tarea/Examen1/install/eje2/lib/eje2
Installing pub3 script to /home/leoni/robotica/tarea/Examen1/install/eje2/lib/eje2
Installing sub script to /home/leoni/robotica/tarea/Examen1/install/eje2/lib/eje2
Installing sub_pub script to /home/leoni/robotica/tarea/Examen1/install/eje2/lib/eje2
writing list of installed files to '/home/leoni/robotica/tarea/Examen1/build/eje2/install.log'
