[0.725s] Invoking command in '/home/leoni/robotica/tarea/Examen1/src/eje2': PYTHONPATH=/home/leoni/robotica/tarea/Examen1/build/eje2/prefix_override:/usr/lib/python3/dist-packages/colcon_core/task/python/colcon_distutils_commands:/home/leoni/robotica/tarea/Examen1/install/eje2/lib/python3.10/site-packages:${PYTHONPATH} /usr/bin/python3 -W ignore:setup.py install is deprecated -W ignore:easy_install command is deprecated setup.py egg_info --egg-base ../../build/eje2 build --build-base /home/leoni/robotica/tarea/Examen1/build/eje2/build install --record /home/leoni/robotica/tarea/Examen1/build/eje2/install.log --single-version-externally-managed install_data
[0.923s] running egg_info
[0.924s] writing ../../build/eje2/eje2.egg-info/PKG-INFO
[0.924s] writing dependency_links to ../../build/eje2/eje2.egg-info/dependency_links.txt
[0.924s] writing entry points to ../../build/eje2/eje2.egg-info/entry_points.txt
[0.925s] writing requirements to ../../build/eje2/eje2.egg-info/requires.txt
[0.925s] writing top-level names to ../../build/eje2/eje2.egg-info/top_level.txt
[0.927s] reading manifest file '../../build/eje2/eje2.egg-info/SOURCES.txt'
[0.928s] writing manifest file '../../build/eje2/eje2.egg-info/SOURCES.txt'
[0.928s] running build
[0.928s] running build_py
[0.929s] copying eje2/pub1.py -> /home/leoni/robotica/tarea/Examen1/build/eje2/build/lib/eje2
[0.929s] running install
[0.930s] running install_lib
[0.930s] copying /home/leoni/robotica/tarea/Examen1/build/eje2/build/lib/eje2/pub1.py -> /home/leoni/robotica/tarea/Examen1/install/eje2/lib/python3.10/site-packages/eje2
[0.931s] byte-compiling /home/leoni/robotica/tarea/Examen1/install/eje2/lib/python3.10/site-packages/eje2/pub1.py to pub1.cpython-310.pyc
[0.932s] running install_data
[0.932s] running install_egg_info
[0.934s] removing '/home/leoni/robotica/tarea/Examen1/install/eje2/lib/python3.10/site-packages/eje2-0.0.0-py3.10.egg-info' (and everything under it)
[0.934s] Copying ../../build/eje2/eje2.egg-info to /home/leoni/robotica/tarea/Examen1/install/eje2/lib/python3.10/site-packages/eje2-0.0.0-py3.10.egg-info
[0.935s] running install_scripts
[0.959s] Installing pub1 script to /home/leoni/robotica/tarea/Examen1/install/eje2/lib/eje2
[0.959s] Installing pub2 script to /home/leoni/robotica/tarea/Examen1/install/eje2/lib/eje2
[0.959s] Installing pub3 script to /home/leoni/robotica/tarea/Examen1/install/eje2/lib/eje2
[0.959s] Installing sub script to /home/leoni/robotica/tarea/Examen1/install/eje2/lib/eje2
[0.959s] Installing sub_pub script to /home/leoni/robotica/tarea/Examen1/install/eje2/lib/eje2
[0.960s] writing list of installed files to '/home/leoni/robotica/tarea/Examen1/build/eje2/install.log'
[0.991s] Invoked command in '/home/leoni/robotica/tarea/Examen1/src/eje2' returned '0': PYTHONPATH=/home/leoni/robotica/tarea/Examen1/build/eje2/prefix_override:/usr/lib/python3/dist-packages/colcon_core/task/python/colcon_distutils_commands:/home/leoni/robotica/tarea/Examen1/install/eje2/lib/python3.10/site-packages:${PYTHONPATH} /usr/bin/python3 -W ignore:setup.py install is deprecated -W ignore:easy_install command is deprecated setup.py egg_info --egg-base ../../build/eje2 build --build-base /home/leoni/robotica/tarea/Examen1/build/eje2/build install --record /home/leoni/robotica/tarea/Examen1/build/eje2/install.log --single-version-externally-managed install_data
