[1.101s] Invoking command in '/home/leoni/robotica/practica/src/eje1': PYTHONPATH=/home/leoni/robotica/practica/build/eje1/prefix_override:/usr/lib/python3/dist-packages/colcon_core/task/python/colcon_distutils_commands:/home/leoni/robotica/practica/install/eje1/lib/python3.10/site-packages:${PYTHONPATH} /usr/bin/python3 -W ignore:setup.py install is deprecated -W ignore:easy_install command is deprecated setup.py egg_info --egg-base ../../build/eje1 build --build-base /home/leoni/robotica/practica/build/eje1/build install --record /home/leoni/robotica/practica/build/eje1/install.log --single-version-externally-managed install_data
[1.298s] running egg_info
[1.299s] writing ../../build/eje1/eje1.egg-info/PKG-INFO
[1.299s] writing dependency_links to ../../build/eje1/eje1.egg-info/dependency_links.txt
[1.299s] writing entry points to ../../build/eje1/eje1.egg-info/entry_points.txt
[1.300s] writing requirements to ../../build/eje1/eje1.egg-info/requires.txt
[1.300s] writing top-level names to ../../build/eje1/eje1.egg-info/top_level.txt
[1.301s] reading manifest file '../../build/eje1/eje1.egg-info/SOURCES.txt'
[1.304s] writing manifest file '../../build/eje1/eje1.egg-info/SOURCES.txt'
[1.304s] running build
[1.304s] running build_py
[1.305s] copying eje1/sub.py -> /home/leoni/robotica/practica/build/eje1/build/lib/eje1
[1.305s] copying eje1/subpub.py -> /home/leoni/robotica/practica/build/eje1/build/lib/eje1
[1.305s] copying eje1/publi.py -> /home/leoni/robotica/practica/build/eje1/build/lib/eje1
[1.306s] running install
[1.306s] running install_lib
[1.308s] copying /home/leoni/robotica/practica/build/eje1/build/lib/eje1/sub.py -> /home/leoni/robotica/practica/install/eje1/lib/python3.10/site-packages/eje1
[1.308s] copying /home/leoni/robotica/practica/build/eje1/build/lib/eje1/subpub.py -> /home/leoni/robotica/practica/install/eje1/lib/python3.10/site-packages/eje1
[1.308s] copying /home/leoni/robotica/practica/build/eje1/build/lib/eje1/publi.py -> /home/leoni/robotica/practica/install/eje1/lib/python3.10/site-packages/eje1
[1.309s] byte-compiling /home/leoni/robotica/practica/install/eje1/lib/python3.10/site-packages/eje1/sub.py to sub.cpython-310.pyc
[1.309s] byte-compiling /home/leoni/robotica/practica/install/eje1/lib/python3.10/site-packages/eje1/subpub.py to subpub.cpython-310.pyc
[1.309s] byte-compiling /home/leoni/robotica/practica/install/eje1/lib/python3.10/site-packages/eje1/publi.py to publi.cpython-310.pyc
[1.311s] running install_data
[1.311s] running install_egg_info
[1.312s] removing '/home/leoni/robotica/practica/install/eje1/lib/python3.10/site-packages/eje1-0.0.0-py3.10.egg-info' (and everything under it)
[1.313s] Copying ../../build/eje1/eje1.egg-info to /home/leoni/robotica/practica/install/eje1/lib/python3.10/site-packages/eje1-0.0.0-py3.10.egg-info
[1.314s] running install_scripts
[1.340s] Installing mi_listener script to /home/leoni/robotica/practica/install/eje1/lib/eje1
[1.340s] Installing mi_publicador script to /home/leoni/robotica/practica/install/eje1/lib/eje1
[1.341s] Installing mi_subscriptor script to /home/leoni/robotica/practica/install/eje1/lib/eje1
[1.342s] writing list of installed files to '/home/leoni/robotica/practica/build/eje1/install.log'
[1.364s] Invoked command in '/home/leoni/robotica/practica/src/eje1' returned '0': PYTHONPATH=/home/leoni/robotica/practica/build/eje1/prefix_override:/usr/lib/python3/dist-packages/colcon_core/task/python/colcon_distutils_commands:/home/leoni/robotica/practica/install/eje1/lib/python3.10/site-packages:${PYTHONPATH} /usr/bin/python3 -W ignore:setup.py install is deprecated -W ignore:easy_install command is deprecated setup.py egg_info --egg-base ../../build/eje1 build --build-base /home/leoni/robotica/practica/build/eje1/build install --record /home/leoni/robotica/practica/build/eje1/install.log --single-version-externally-managed install_data
