[0.590s] Invoking command in '/home/leoni/robotica/practica/src/eje1': PYTHONPATH=/home/leoni/robotica/practica/build/eje1/prefix_override:/usr/lib/python3/dist-packages/colcon_core/task/python/colcon_distutils_commands:/home/leoni/robotica/practica/install/eje1/lib/python3.10/site-packages:${PYTHONPATH} /usr/bin/python3 -W ignore:setup.py install is deprecated -W ignore:easy_install command is deprecated setup.py egg_info --egg-base ../../build/eje1 build --build-base /home/leoni/robotica/practica/build/eje1/build install --record /home/leoni/robotica/practica/build/eje1/install.log --single-version-externally-managed install_data
[0.812s] running egg_info
[0.812s] writing ../../build/eje1/eje1.egg-info/PKG-INFO
[0.812s] writing dependency_links to ../../build/eje1/eje1.egg-info/dependency_links.txt
[0.812s] writing entry points to ../../build/eje1/eje1.egg-info/entry_points.txt
[0.813s] writing requirements to ../../build/eje1/eje1.egg-info/requires.txt
[0.813s] writing top-level names to ../../build/eje1/eje1.egg-info/top_level.txt
[0.814s] reading manifest file '../../build/eje1/eje1.egg-info/SOURCES.txt'
[0.815s] writing manifest file '../../build/eje1/eje1.egg-info/SOURCES.txt'
[0.816s] running build
[0.816s] running build_py
[0.816s] copying eje1/subpub.py -> /home/leoni/robotica/practica/build/eje1/build/lib/eje1
[0.816s] running install
[0.817s] running install_lib
[0.817s] copying /home/leoni/robotica/practica/build/eje1/build/lib/eje1/subpub.py -> /home/leoni/robotica/practica/install/eje1/lib/python3.10/site-packages/eje1
[0.818s] byte-compiling /home/leoni/robotica/practica/install/eje1/lib/python3.10/site-packages/eje1/subpub.py to subpub.cpython-310.pyc
[0.818s] running install_data
[0.819s] running install_egg_info
[0.820s] removing '/home/leoni/robotica/practica/install/eje1/lib/python3.10/site-packages/eje1-0.0.0-py3.10.egg-info' (and everything under it)
[0.820s] Copying ../../build/eje1/eje1.egg-info to /home/leoni/robotica/practica/install/eje1/lib/python3.10/site-packages/eje1-0.0.0-py3.10.egg-info
[0.851s] running install_scripts
[0.890s] Installing mi_listener script to /home/leoni/robotica/practica/install/eje1/lib/eje1
[0.890s] Installing mi_publicador script to /home/leoni/robotica/practica/install/eje1/lib/eje1
[0.890s] writing list of installed files to '/home/leoni/robotica/practica/build/eje1/install.log'
[0.909s] Invoked command in '/home/leoni/robotica/practica/src/eje1' returned '0': PYTHONPATH=/home/leoni/robotica/practica/build/eje1/prefix_override:/usr/lib/python3/dist-packages/colcon_core/task/python/colcon_distutils_commands:/home/leoni/robotica/practica/install/eje1/lib/python3.10/site-packages:${PYTHONPATH} /usr/bin/python3 -W ignore:setup.py install is deprecated -W ignore:easy_install command is deprecated setup.py egg_info --egg-base ../../build/eje1 build --build-base /home/leoni/robotica/practica/build/eje1/build install --record /home/leoni/robotica/practica/build/eje1/install.log --single-version-externally-managed install_data
