[0.788s] Invoking command in '/home/leoni/robotica/tarea/Examen1/src/eje2': PYTHONPATH=/home/leoni/robotica/tarea/Examen1/build/eje2/prefix_override:/usr/lib/python3/dist-packages/colcon_core/task/python/colcon_distutils_commands:/home/leoni/robotica/tarea/Examen1/install/eje2/lib/python3.10/site-packages:${PYTHONPATH} /usr/bin/python3 -W ignore:setup.py install is deprecated -W ignore:easy_install command is deprecated setup.py egg_info --egg-base ../../build/eje2 build --build-base /home/leoni/robotica/tarea/Examen1/build/eje2/build install --record /home/leoni/robotica/tarea/Examen1/build/eje2/install.log --single-version-externally-managed install_data
[0.963s] running egg_info
[0.964s] creating ../../build/eje2/eje2.egg-info
[0.965s] writing ../../build/eje2/eje2.egg-info/PKG-INFO
[0.965s] writing dependency_links to ../../build/eje2/eje2.egg-info/dependency_links.txt
[0.966s] writing entry points to ../../build/eje2/eje2.egg-info/entry_points.txt
[0.966s] writing requirements to ../../build/eje2/eje2.egg-info/requires.txt
[0.967s] writing top-level names to ../../build/eje2/eje2.egg-info/top_level.txt
[0.967s] writing manifest file '../../build/eje2/eje2.egg-info/SOURCES.txt'
[0.967s] reading manifest file '../../build/eje2/eje2.egg-info/SOURCES.txt'
[0.968s] writing manifest file '../../build/eje2/eje2.egg-info/SOURCES.txt'
[0.969s] running build
[0.969s] running build_py
[0.969s] creating /home/leoni/robotica/tarea/Examen1/build/eje2/build
[0.970s] creating /home/leoni/robotica/tarea/Examen1/build/eje2/build/lib
[0.970s] creating /home/leoni/robotica/tarea/Examen1/build/eje2/build/lib/eje2
[0.970s] copying eje2/__init__.py -> /home/leoni/robotica/tarea/Examen1/build/eje2/build/lib/eje2
[0.971s] running install
[0.971s] running install_lib
[0.971s] creating /home/leoni/robotica/tarea/Examen1/install/eje2/lib/python3.10/site-packages/eje2
[0.971s] copying /home/leoni/robotica/tarea/Examen1/build/eje2/build/lib/eje2/__init__.py -> /home/leoni/robotica/tarea/Examen1/install/eje2/lib/python3.10/site-packages/eje2
[0.972s] byte-compiling /home/leoni/robotica/tarea/Examen1/install/eje2/lib/python3.10/site-packages/eje2/__init__.py to __init__.cpython-310.pyc
[0.973s] running install_data
[0.973s] creating /home/leoni/robotica/tarea/Examen1/install/eje2/share/ament_index
[0.973s] creating /home/leoni/robotica/tarea/Examen1/install/eje2/share/ament_index/resource_index
[0.973s] creating /home/leoni/robotica/tarea/Examen1/install/eje2/share/ament_index/resource_index/packages
[0.974s] copying resource/eje2 -> /home/leoni/robotica/tarea/Examen1/install/eje2/share/ament_index/resource_index/packages
[0.974s] copying package.xml -> /home/leoni/robotica/tarea/Examen1/install/eje2/share/eje2
[0.975s] running install_egg_info
[0.976s] Copying ../../build/eje2/eje2.egg-info to /home/leoni/robotica/tarea/Examen1/install/eje2/lib/python3.10/site-packages/eje2-0.0.0-py3.10.egg-info
[0.977s] running install_scripts
[0.993s] writing list of installed files to '/home/leoni/robotica/tarea/Examen1/build/eje2/install.log'
[1.028s] Invoked command in '/home/leoni/robotica/tarea/Examen1/src/eje2' returned '0': PYTHONPATH=/home/leoni/robotica/tarea/Examen1/build/eje2/prefix_override:/usr/lib/python3/dist-packages/colcon_core/task/python/colcon_distutils_commands:/home/leoni/robotica/tarea/Examen1/install/eje2/lib/python3.10/site-packages:${PYTHONPATH} /usr/bin/python3 -W ignore:setup.py install is deprecated -W ignore:easy_install command is deprecated setup.py egg_info --egg-base ../../build/eje2 build --build-base /home/leoni/robotica/tarea/Examen1/build/eje2/build install --record /home/leoni/robotica/tarea/Examen1/build/eje2/install.log --single-version-externally-managed install_data
