running egg_info
creating ../../build/cliente/cliente.egg-info
writing ../../build/cliente/cliente.egg-info/PKG-INFO
writing dependency_links to ../../build/cliente/cliente.egg-info/dependency_links.txt
writing entry points to ../../build/cliente/cliente.egg-info/entry_points.txt
writing requirements to ../../build/cliente/cliente.egg-info/requires.txt
writing top-level names to ../../build/cliente/cliente.egg-info/top_level.txt
writing manifest file '../../build/cliente/cliente.egg-info/SOURCES.txt'
reading manifest file '../../build/cliente/cliente.egg-info/SOURCES.txt'
writing manifest file '../../build/cliente/cliente.egg-info/SOURCES.txt'
running build
running build_py
creating /home/leoni/robotica/tarea/exam3/build/cliente/build
creating /home/leoni/robotica/tarea/exam3/build/cliente/build/lib
creating /home/leoni/robotica/tarea/exam3/build/cliente/build/lib/cliente
copying cliente/__init__.py -> /home/leoni/robotica/tarea/exam3/build/cliente/build/lib/cliente
running install
running install_lib
creating /home/leoni/robotica/tarea/exam3/install/cliente/lib/python3.10/site-packages/cliente
copying /home/leoni/robotica/tarea/exam3/build/cliente/build/lib/cliente/__init__.py -> /home/leoni/robotica/tarea/exam3/install/cliente/lib/python3.10/site-packages/cliente
byte-compiling /home/leoni/robotica/tarea/exam3/install/cliente/lib/python3.10/site-packages/cliente/__init__.py to __init__.cpython-310.pyc
running install_data
creating /home/leoni/robotica/tarea/exam3/install/cliente/share/ament_index
creating /home/leoni/robotica/tarea/exam3/install/cliente/share/ament_index/resource_index
creating /home/leoni/robotica/tarea/exam3/install/cliente/share/ament_index/resource_index/packages
copying resource/cliente -> /home/leoni/robotica/tarea/exam3/install/cliente/share/ament_index/resource_index/packages
copying package.xml -> /home/leoni/robotica/tarea/exam3/install/cliente/share/cliente
running install_egg_info
Copying ../../build/cliente/cliente.egg-info to /home/leoni/robotica/tarea/exam3/install/cliente/lib/python3.10/site-packages/cliente-0.0.0-py3.10.egg-info
running install_scripts
writing list of installed files to '/home/leoni/robotica/tarea/exam3/build/cliente/install.log'
