[1.205s] Invoking command in '/home/leoni/robotica/tarea/exam3/src/cliente': PYTHONPATH=/home/leoni/robotica/tarea/exam3/build/cliente/prefix_override:/usr/lib/python3/dist-packages/colcon_core/task/python/colcon_distutils_commands:/home/leoni/robotica/tarea/exam3/install/cliente/lib/python3.10/site-packages:${PYTHONPATH} /usr/bin/python3 -W ignore:setup.py install is deprecated -W ignore:easy_install command is deprecated setup.py egg_info --egg-base ../../build/cliente build --build-base /home/leoni/robotica/tarea/exam3/build/cliente/build install --record /home/leoni/robotica/tarea/exam3/build/cliente/install.log --single-version-externally-managed install_data
[1.420s] running egg_info
[1.421s] creating ../../build/cliente/cliente.egg-info
[1.421s] writing ../../build/cliente/cliente.egg-info/PKG-INFO
[1.421s] writing dependency_links to ../../build/cliente/cliente.egg-info/dependency_links.txt
[1.422s] writing entry points to ../../build/cliente/cliente.egg-info/entry_points.txt
[1.422s] writing requirements to ../../build/cliente/cliente.egg-info/requires.txt
[1.422s] writing top-level names to ../../build/cliente/cliente.egg-info/top_level.txt
[1.423s] writing manifest file '../../build/cliente/cliente.egg-info/SOURCES.txt'
[1.425s] reading manifest file '../../build/cliente/cliente.egg-info/SOURCES.txt'
[1.426s] writing manifest file '../../build/cliente/cliente.egg-info/SOURCES.txt'
[1.426s] running build
[1.426s] running build_py
[1.427s] creating /home/leoni/robotica/tarea/exam3/build/cliente/build
[1.427s] creating /home/leoni/robotica/tarea/exam3/build/cliente/build/lib
[1.428s] creating /home/leoni/robotica/tarea/exam3/build/cliente/build/lib/cliente
[1.428s] copying cliente/__init__.py -> /home/leoni/robotica/tarea/exam3/build/cliente/build/lib/cliente
[1.428s] running install
[1.428s] running install_lib
[1.433s] creating /home/leoni/robotica/tarea/exam3/install/cliente/lib/python3.10/site-packages/cliente
[1.433s] copying /home/leoni/robotica/tarea/exam3/build/cliente/build/lib/cliente/__init__.py -> /home/leoni/robotica/tarea/exam3/install/cliente/lib/python3.10/site-packages/cliente
[1.434s] byte-compiling /home/leoni/robotica/tarea/exam3/install/cliente/lib/python3.10/site-packages/cliente/__init__.py to __init__.cpython-310.pyc
[1.434s] running install_data
[1.435s] creating /home/leoni/robotica/tarea/exam3/install/cliente/share/ament_index
[1.435s] creating /home/leoni/robotica/tarea/exam3/install/cliente/share/ament_index/resource_index
[1.435s] creating /home/leoni/robotica/tarea/exam3/install/cliente/share/ament_index/resource_index/packages
[1.435s] copying resource/cliente -> /home/leoni/robotica/tarea/exam3/install/cliente/share/ament_index/resource_index/packages
[1.435s] copying package.xml -> /home/leoni/robotica/tarea/exam3/install/cliente/share/cliente
[1.436s] running install_egg_info
[1.436s] Copying ../../build/cliente/cliente.egg-info to /home/leoni/robotica/tarea/exam3/install/cliente/lib/python3.10/site-packages/cliente-0.0.0-py3.10.egg-info
[1.437s] running install_scripts
[1.460s] writing list of installed files to '/home/leoni/robotica/tarea/exam3/build/cliente/install.log'
[1.484s] Invoked command in '/home/leoni/robotica/tarea/exam3/src/cliente' returned '0': PYTHONPATH=/home/leoni/robotica/tarea/exam3/build/cliente/prefix_override:/usr/lib/python3/dist-packages/colcon_core/task/python/colcon_distutils_commands:/home/leoni/robotica/tarea/exam3/install/cliente/lib/python3.10/site-packages:${PYTHONPATH} /usr/bin/python3 -W ignore:setup.py install is deprecated -W ignore:easy_install command is deprecated setup.py egg_info --egg-base ../../build/cliente build --build-base /home/leoni/robotica/tarea/exam3/build/cliente/build install --record /home/leoni/robotica/tarea/exam3/build/cliente/install.log --single-version-externally-managed install_data
