running egg_info
creating ../../build/servidor/servidor.egg-info
writing ../../build/servidor/servidor.egg-info/PKG-INFO
writing dependency_links to ../../build/servidor/servidor.egg-info/dependency_links.txt
writing entry points to ../../build/servidor/servidor.egg-info/entry_points.txt
writing requirements to ../../build/servidor/servidor.egg-info/requires.txt
writing top-level names to ../../build/servidor/servidor.egg-info/top_level.txt
writing manifest file '../../build/servidor/servidor.egg-info/SOURCES.txt'
reading manifest file '../../build/servidor/servidor.egg-info/SOURCES.txt'
writing manifest file '../../build/servidor/servidor.egg-info/SOURCES.txt'
running build
running build_py
creating /home/leoni/robotica/tarea/exam3/build/servidor/build
creating /home/leoni/robotica/tarea/exam3/build/servidor/build/lib
creating /home/leoni/robotica/tarea/exam3/build/servidor/build/lib/servidor
copying servidor/__init__.py -> /home/leoni/robotica/tarea/exam3/build/servidor/build/lib/servidor
running install
running install_lib
creating /home/leoni/robotica/tarea/exam3/install/servidor/lib/python3.10/site-packages/servidor
copying /home/leoni/robotica/tarea/exam3/build/servidor/build/lib/servidor/__init__.py -> /home/leoni/robotica/tarea/exam3/install/servidor/lib/python3.10/site-packages/servidor
byte-compiling /home/leoni/robotica/tarea/exam3/install/servidor/lib/python3.10/site-packages/servidor/__init__.py to __init__.cpython-310.pyc
running install_data
creating /home/leoni/robotica/tarea/exam3/install/servidor/share/ament_index
creating /home/leoni/robotica/tarea/exam3/install/servidor/share/ament_index/resource_index
creating /home/leoni/robotica/tarea/exam3/install/servidor/share/ament_index/resource_index/packages
copying resource/servidor -> /home/leoni/robotica/tarea/exam3/install/servidor/share/ament_index/resource_index/packages
copying package.xml -> /home/leoni/robotica/tarea/exam3/install/servidor/share/servidor
running install_egg_info
Copying ../../build/servidor/servidor.egg-info to /home/leoni/robotica/tarea/exam3/install/servidor/lib/python3.10/site-packages/servidor-0.0.0-py3.10.egg-info
running install_scripts
writing list of installed files to '/home/leoni/robotica/tarea/exam3/build/servidor/install.log'
