[0.196s] Invoking command in '/home/leoni/robotica/tarea/exam3/build/interface': CMAKE_PREFIX_PATH=/opt/ros/humble /usr/bin/cmake --build /home/leoni/robotica/tarea/exam3/build/interface -- -j16 -l16
[0.305s] [  3%] Built target interface__cpp
[0.305s] [ 12%] Built target interface__rosidl_generator_c
[0.327s] [ 12%] Built target ament_cmake_python_copy_interface
[0.336s] [ 32%] Built target interface__rosidl_typesupport_introspection_cpp
[0.336s] [ 32%] Built target interface__rosidl_typesupport_fastrtps_cpp
[0.337s] [ 41%] Built target interface__rosidl_typesupport_cpp
[0.359s] [ 51%] Built target interface__rosidl_typesupport_fastrtps_c
[0.359s] [ 67%] Built target interface__rosidl_typesupport_introspection_c
[0.360s] [ 70%] Built target interface__rosidl_typesupport_c
[0.383s] [ 70%] Built target interface
[0.402s] [ 74%] Built target interface__py
[0.426s] [ 80%] Built target interface__rosidl_generator_py
[0.450s] [ 87%] Built target interface__rosidl_typesupport_introspection_c__pyext
[0.451s] [100%] Built target interface__rosidl_typesupport_c__pyext
[0.451s] [100%] Built target interface__rosidl_typesupport_fastrtps_c__pyext
[0.576s] running egg_info
[0.576s] writing interface.egg-info/PKG-INFO
[0.577s] writing dependency_links to interface.egg-info/dependency_links.txt
[0.577s] writing top-level names to interface.egg-info/top_level.txt
[0.580s] reading manifest file 'interface.egg-info/SOURCES.txt'
[0.581s] writing manifest file 'interface.egg-info/SOURCES.txt'
[0.604s] [100%] Built target ament_cmake_python_build_interface_egg
[0.615s] Invoked command in '/home/leoni/robotica/tarea/exam3/build/interface' returned '0': CMAKE_PREFIX_PATH=/opt/ros/humble /usr/bin/cmake --build /home/leoni/robotica/tarea/exam3/build/interface -- -j16 -l16
[0.625s] Invoking command in '/home/leoni/robotica/tarea/exam3/build/interface': CMAKE_PREFIX_PATH=/opt/ros/humble /usr/bin/cmake --install /home/leoni/robotica/tarea/exam3/build/interface
[0.632s] -- Install configuration: ""
[0.633s] -- Up-to-date: /home/leoni/robotica/tarea/exam3/install/interface/share/ament_index/resource_index/rosidl_interfaces/interface
[0.633s] -- Up-to-date: /home/leoni/robotica/tarea/exam3/install/interface/include/interface/interface
[0.633s] -- Up-to-date: /home/leoni/robotica/tarea/exam3/install/interface/include/interface/interface/msg
[0.633s] -- Up-to-date: /home/leoni/robotica/tarea/exam3/install/interface/include/interface/interface/msg/rosidl_generator_c__visibility_control.h
[0.633s] -- Up-to-date: /home/leoni/robotica/tarea/exam3/install/interface/include/interface/interface/srv
[0.633s] -- Up-to-date: /home/leoni/robotica/tarea/exam3/install/interface/include/interface/interface/srv/detail
[0.633s] -- Up-to-date: /home/leoni/robotica/tarea/exam3/install/interface/include/interface/interface/srv/detail/angle__struct.h
[0.634s] -- Up-to-date: /home/leoni/robotica/tarea/exam3/install/interface/include/interface/interface/srv/detail/angle__functions.c
[0.634s] -- Up-to-date: /home/leoni/robotica/tarea/exam3/install/interface/include/interface/interface/srv/detail/angle__type_support.h
[0.634s] -- Up-to-date: /home/leoni/robotica/tarea/exam3/install/interface/include/interface/interface/srv/detail/angle__functions.h
[0.634s] -- Up-to-date: /home/leoni/robotica/tarea/exam3/install/interface/include/interface/interface/srv/angle.h
[0.634s] -- Up-to-date: /home/leoni/robotica/tarea/exam3/install/interface/share/interface/environment/library_path.sh
[0.634s] -- Up-to-date: /home/leoni/robotica/tarea/exam3/install/interface/share/interface/environment/library_path.dsv
[0.634s] -- Up-to-date: /home/leoni/robotica/tarea/exam3/install/interface/lib/libinterface__rosidl_generator_c.so
[0.635s] -- Up-to-date: /home/leoni/robotica/tarea/exam3/install/interface/include/interface/interface
[0.635s] -- Up-to-date: /home/leoni/robotica/tarea/exam3/install/interface/include/interface/interface/msg
[0.635s] -- Up-to-date: /home/leoni/robotica/tarea/exam3/install/interface/include/interface/interface/msg/rosidl_typesupport_fastrtps_c__visibility_control.h
[0.635s] -- Up-to-date: /home/leoni/robotica/tarea/exam3/install/interface/include/interface/interface/srv
[0.635s] -- Up-to-date: /home/leoni/robotica/tarea/exam3/install/interface/include/interface/interface/srv/detail
[0.635s] -- Up-to-date: /home/leoni/robotica/tarea/exam3/install/interface/include/interface/interface/srv/detail/angle__rosidl_typesupport_fastrtps_c.h
[0.636s] -- Up-to-date: /home/leoni/robotica/tarea/exam3/install/interface/lib/libinterface__rosidl_typesupport_fastrtps_c.so
[0.636s] -- Up-to-date: /home/leoni/robotica/tarea/exam3/install/interface/include/interface/interface
[0.636s] -- Up-to-date: /home/leoni/robotica/tarea/exam3/install/interface/include/interface/interface/msg
[0.636s] -- Up-to-date: /home/leoni/robotica/tarea/exam3/install/interface/include/interface/interface/msg/rosidl_typesupport_introspection_c__visibility_control.h
[0.636s] -- Up-to-date: /home/leoni/robotica/tarea/exam3/install/interface/include/interface/interface/srv
[0.636s] -- Up-to-date: /home/leoni/robotica/tarea/exam3/install/interface/include/interface/interface/srv/detail
[0.636s] -- Up-to-date: /home/leoni/robotica/tarea/exam3/install/interface/include/interface/interface/srv/detail/angle__type_support.c
[0.636s] -- Up-to-date: /home/leoni/robotica/tarea/exam3/install/interface/include/interface/interface/srv/detail/angle__rosidl_typesupport_introspection_c.h
[0.637s] -- Up-to-date: /home/leoni/robotica/tarea/exam3/install/interface/lib/libinterface__rosidl_typesupport_introspection_c.so
[0.637s] -- Up-to-date: /home/leoni/robotica/tarea/exam3/install/interface/lib/libinterface__rosidl_typesupport_c.so
[0.638s] -- Up-to-date: /home/leoni/robotica/tarea/exam3/install/interface/include/interface/interface
[0.638s] -- Up-to-date: /home/leoni/robotica/tarea/exam3/install/interface/include/interface/interface/msg
[0.638s] -- Up-to-date: /home/leoni/robotica/tarea/exam3/install/interface/include/interface/interface/msg/rosidl_generator_cpp__visibility_control.hpp
[0.638s] -- Up-to-date: /home/leoni/robotica/tarea/exam3/install/interface/include/interface/interface/srv
[0.639s] -- Up-to-date: /home/leoni/robotica/tarea/exam3/install/interface/include/interface/interface/srv/angle.hpp
[0.639s] -- Up-to-date: /home/leoni/robotica/tarea/exam3/install/interface/include/interface/interface/srv/detail
[0.639s] -- Up-to-date: /home/leoni/robotica/tarea/exam3/install/interface/include/interface/interface/srv/detail/angle__struct.hpp
[0.639s] -- Up-to-date: /home/leoni/robotica/tarea/exam3/install/interface/include/interface/interface/srv/detail/angle__type_support.hpp
[0.639s] -- Up-to-date: /home/leoni/robotica/tarea/exam3/install/interface/include/interface/interface/srv/detail/angle__traits.hpp
[0.640s] -- Up-to-date: /home/leoni/robotica/tarea/exam3/install/interface/include/interface/interface/srv/detail/angle__builder.hpp
[0.640s] -- Up-to-date: /home/leoni/robotica/tarea/exam3/install/interface/include/interface/interface
[0.640s] -- Up-to-date: /home/leoni/robotica/tarea/exam3/install/interface/include/interface/interface/msg
[0.640s] -- Up-to-date: /home/leoni/robotica/tarea/exam3/install/interface/include/interface/interface/msg/rosidl_typesupport_fastrtps_cpp__visibility_control.h
[0.640s] -- Up-to-date: /home/leoni/robotica/tarea/exam3/install/interface/include/interface/interface/srv
[0.641s] -- Up-to-date: /home/leoni/robotica/tarea/exam3/install/interface/include/interface/interface/srv/detail
[0.641s] -- Up-to-date: /home/leoni/robotica/tarea/exam3/install/interface/include/interface/interface/srv/detail/angle__rosidl_typesupport_fastrtps_cpp.hpp
[0.641s] -- Up-to-date: /home/leoni/robotica/tarea/exam3/install/interface/include/interface/interface/srv/detail/dds_fastrtps
[0.641s] -- Up-to-date: /home/leoni/robotica/tarea/exam3/install/interface/lib/libinterface__rosidl_typesupport_fastrtps_cpp.so
[0.641s] -- Up-to-date: /home/leoni/robotica/tarea/exam3/install/interface/include/interface/interface
[0.641s] -- Up-to-date: /home/leoni/robotica/tarea/exam3/install/interface/include/interface/interface/srv
[0.641s] -- Up-to-date: /home/leoni/robotica/tarea/exam3/install/interface/include/interface/interface/srv/detail
[0.641s] -- Up-to-date: /home/leoni/robotica/tarea/exam3/install/interface/include/interface/interface/srv/detail/angle__rosidl_typesupport_introspection_cpp.hpp
[0.641s] -- Up-to-date: /home/leoni/robotica/tarea/exam3/install/interface/include/interface/interface/srv/detail/angle__type_support.cpp
[0.641s] -- Up-to-date: /home/leoni/robotica/tarea/exam3/install/interface/lib/libinterface__rosidl_typesupport_introspection_cpp.so
[0.642s] -- Up-to-date: /home/leoni/robotica/tarea/exam3/install/interface/lib/libinterface__rosidl_typesupport_cpp.so
[0.642s] -- Up-to-date: /home/leoni/robotica/tarea/exam3/install/interface/share/interface/environment/pythonpath.sh
[0.643s] -- Up-to-date: /home/leoni/robotica/tarea/exam3/install/interface/share/interface/environment/pythonpath.dsv
[0.643s] -- Up-to-date: /home/leoni/robotica/tarea/exam3/install/interface/local/lib/python3.10/dist-packages/interface-0.0.0-py3.10.egg-info
[0.643s] -- Installing: /home/leoni/robotica/tarea/exam3/install/interface/local/lib/python3.10/dist-packages/interface-0.0.0-py3.10.egg-info/top_level.txt
[0.643s] -- Installing: /home/leoni/robotica/tarea/exam3/install/interface/local/lib/python3.10/dist-packages/interface-0.0.0-py3.10.egg-info/dependency_links.txt
[0.644s] -- Installing: /home/leoni/robotica/tarea/exam3/install/interface/local/lib/python3.10/dist-packages/interface-0.0.0-py3.10.egg-info/PKG-INFO
[0.644s] -- Installing: /home/leoni/robotica/tarea/exam3/install/interface/local/lib/python3.10/dist-packages/interface-0.0.0-py3.10.egg-info/SOURCES.txt
[0.644s] -- Up-to-date: /home/leoni/robotica/tarea/exam3/install/interface/local/lib/python3.10/dist-packages/interface
[0.644s] -- Up-to-date: /home/leoni/robotica/tarea/exam3/install/interface/local/lib/python3.10/dist-packages/interface/interface_s__rosidl_typesupport_c.cpython-310-x86_64-linux-gnu.so
[0.644s] -- Up-to-date: /home/leoni/robotica/tarea/exam3/install/interface/local/lib/python3.10/dist-packages/interface/_interface_s.ep.rosidl_typesupport_c.c
[0.644s] -- Up-to-date: /home/leoni/robotica/tarea/exam3/install/interface/local/lib/python3.10/dist-packages/interface/srv
[0.644s] -- Up-to-date: /home/leoni/robotica/tarea/exam3/install/interface/local/lib/python3.10/dist-packages/interface/srv/_angle.py
[0.644s] -- Up-to-date: /home/leoni/robotica/tarea/exam3/install/interface/local/lib/python3.10/dist-packages/interface/srv/_angle_s.c
[0.644s] -- Up-to-date: /home/leoni/robotica/tarea/exam3/install/interface/local/lib/python3.10/dist-packages/interface/srv/__init__.py
[0.644s] -- Up-to-date: /home/leoni/robotica/tarea/exam3/install/interface/local/lib/python3.10/dist-packages/interface/libinterface__rosidl_generator_py.so
[0.644s] -- Up-to-date: /home/leoni/robotica/tarea/exam3/install/interface/local/lib/python3.10/dist-packages/interface/interface_s__rosidl_typesupport_introspection_c.cpython-310-x86_64-linux-gnu.so
[0.644s] -- Up-to-date: /home/leoni/robotica/tarea/exam3/install/interface/local/lib/python3.10/dist-packages/interface/_interface_s.ep.rosidl_typesupport_introspection_c.c
[0.644s] -- Up-to-date: /home/leoni/robotica/tarea/exam3/install/interface/local/lib/python3.10/dist-packages/interface/__init__.py
[0.644s] -- Up-to-date: /home/leoni/robotica/tarea/exam3/install/interface/local/lib/python3.10/dist-packages/interface/_interface_s.ep.rosidl_typesupport_fastrtps_c.c
[0.644s] -- Up-to-date: /home/leoni/robotica/tarea/exam3/install/interface/local/lib/python3.10/dist-packages/interface/interface_s__rosidl_typesupport_fastrtps_c.cpython-310-x86_64-linux-gnu.so
[0.679s] Listing '/home/leoni/robotica/tarea/exam3/install/interface/local/lib/python3.10/dist-packages/interface'...
[0.679s] Listing '/home/leoni/robotica/tarea/exam3/install/interface/local/lib/python3.10/dist-packages/interface/srv'...
[0.684s] -- Up-to-date: /home/leoni/robotica/tarea/exam3/install/interface/local/lib/python3.10/dist-packages/interface/interface_s__rosidl_typesupport_fastrtps_c.cpython-310-x86_64-linux-gnu.so
[0.684s] -- Up-to-date: /home/leoni/robotica/tarea/exam3/install/interface/local/lib/python3.10/dist-packages/interface/interface_s__rosidl_typesupport_introspection_c.cpython-310-x86_64-linux-gnu.so
[0.685s] -- Up-to-date: /home/leoni/robotica/tarea/exam3/install/interface/local/lib/python3.10/dist-packages/interface/interface_s__rosidl_typesupport_c.cpython-310-x86_64-linux-gnu.so
[0.686s] -- Up-to-date: /home/leoni/robotica/tarea/exam3/install/interface/lib/libinterface__rosidl_generator_py.so
[0.686s] -- Up-to-date: /home/leoni/robotica/tarea/exam3/install/interface/share/interface/srv/Angle.idl
[0.686s] -- Up-to-date: /home/leoni/robotica/tarea/exam3/install/interface/share/interface/srv/Angle.srv
[0.686s] -- Up-to-date: /home/leoni/robotica/tarea/exam3/install/interface/share/interface/srv/Angle_Request.msg
[0.687s] -- Up-to-date: /home/leoni/robotica/tarea/exam3/install/interface/share/interface/srv/Angle_Response.msg
[0.687s] -- Up-to-date: /home/leoni/robotica/tarea/exam3/install/interface/share/ament_index/resource_index/package_run_dependencies/interface
[0.687s] -- Up-to-date: /home/leoni/robotica/tarea/exam3/install/interface/share/ament_index/resource_index/parent_prefix_path/interface
[0.687s] -- Up-to-date: /home/leoni/robotica/tarea/exam3/install/interface/share/interface/environment/ament_prefix_path.sh
[0.687s] -- Up-to-date: /home/leoni/robotica/tarea/exam3/install/interface/share/interface/environment/ament_prefix_path.dsv
[0.687s] -- Up-to-date: /home/leoni/robotica/tarea/exam3/install/interface/share/interface/environment/path.sh
[0.687s] -- Up-to-date: /home/leoni/robotica/tarea/exam3/install/interface/share/interface/environment/path.dsv
[0.688s] -- Up-to-date: /home/leoni/robotica/tarea/exam3/install/interface/share/interface/local_setup.bash
[0.688s] -- Up-to-date: /home/leoni/robotica/tarea/exam3/install/interface/share/interface/local_setup.sh
[0.688s] -- Up-to-date: /home/leoni/robotica/tarea/exam3/install/interface/share/interface/local_setup.zsh
[0.688s] -- Up-to-date: /home/leoni/robotica/tarea/exam3/install/interface/share/interface/local_setup.dsv
[0.688s] -- Installing: /home/leoni/robotica/tarea/exam3/install/interface/share/interface/package.dsv
[0.688s] -- Up-to-date: /home/leoni/robotica/tarea/exam3/install/interface/share/ament_index/resource_index/packages/interface
[0.688s] -- Up-to-date: /home/leoni/robotica/tarea/exam3/install/interface/share/interface/cmake/export_interface__rosidl_generator_cExport.cmake
[0.688s] -- Up-to-date: /home/leoni/robotica/tarea/exam3/install/interface/share/interface/cmake/export_interface__rosidl_generator_cExport-noconfig.cmake
[0.689s] -- Up-to-date: /home/leoni/robotica/tarea/exam3/install/interface/share/interface/cmake/export_interface__rosidl_typesupport_fastrtps_cExport.cmake
[0.689s] -- Up-to-date: /home/leoni/robotica/tarea/exam3/install/interface/share/interface/cmake/export_interface__rosidl_typesupport_fastrtps_cExport-noconfig.cmake
[0.690s] -- Up-to-date: /home/leoni/robotica/tarea/exam3/install/interface/share/interface/cmake/interface__rosidl_typesupport_introspection_cExport.cmake
[0.690s] -- Up-to-date: /home/leoni/robotica/tarea/exam3/install/interface/share/interface/cmake/interface__rosidl_typesupport_introspection_cExport-noconfig.cmake
[0.691s] -- Up-to-date: /home/leoni/robotica/tarea/exam3/install/interface/share/interface/cmake/interface__rosidl_typesupport_cExport.cmake
[0.691s] -- Up-to-date: /home/leoni/robotica/tarea/exam3/install/interface/share/interface/cmake/interface__rosidl_typesupport_cExport-noconfig.cmake
[0.691s] -- Up-to-date: /home/leoni/robotica/tarea/exam3/install/interface/share/interface/cmake/export_interface__rosidl_generator_cppExport.cmake
[0.692s] -- Up-to-date: /home/leoni/robotica/tarea/exam3/install/interface/share/interface/cmake/export_interface__rosidl_typesupport_fastrtps_cppExport.cmake
[0.692s] -- Up-to-date: /home/leoni/robotica/tarea/exam3/install/interface/share/interface/cmake/export_interface__rosidl_typesupport_fastrtps_cppExport-noconfig.cmake
[0.693s] -- Up-to-date: /home/leoni/robotica/tarea/exam3/install/interface/share/interface/cmake/interface__rosidl_typesupport_introspection_cppExport.cmake
[0.693s] -- Up-to-date: /home/leoni/robotica/tarea/exam3/install/interface/share/interface/cmake/interface__rosidl_typesupport_introspection_cppExport-noconfig.cmake
[0.694s] -- Up-to-date: /home/leoni/robotica/tarea/exam3/install/interface/share/interface/cmake/interface__rosidl_typesupport_cppExport.cmake
[0.694s] -- Up-to-date: /home/leoni/robotica/tarea/exam3/install/interface/share/interface/cmake/interface__rosidl_typesupport_cppExport-noconfig.cmake
[0.695s] -- Up-to-date: /home/leoni/robotica/tarea/exam3/install/interface/share/interface/cmake/export_interface__rosidl_generator_pyExport.cmake
[0.695s] -- Up-to-date: /home/leoni/robotica/tarea/exam3/install/interface/share/interface/cmake/export_interface__rosidl_generator_pyExport-noconfig.cmake
[0.695s] -- Up-to-date: /home/leoni/robotica/tarea/exam3/install/interface/share/interface/cmake/rosidl_cmake-extras.cmake
[0.695s] -- Up-to-date: /home/leoni/robotica/tarea/exam3/install/interface/share/interface/cmake/ament_cmake_export_include_directories-extras.cmake
[0.695s] -- Up-to-date: /home/leoni/robotica/tarea/exam3/install/interface/share/interface/cmake/ament_cmake_export_libraries-extras.cmake
[0.696s] -- Up-to-date: /home/leoni/robotica/tarea/exam3/install/interface/share/interface/cmake/ament_cmake_export_targets-extras.cmake
[0.696s] -- Up-to-date: /home/leoni/robotica/tarea/exam3/install/interface/share/interface/cmake/rosidl_cmake_export_typesupport_targets-extras.cmake
[0.696s] -- Up-to-date: /home/leoni/robotica/tarea/exam3/install/interface/share/interface/cmake/ament_cmake_export_dependencies-extras.cmake
[0.696s] -- Up-to-date: /home/leoni/robotica/tarea/exam3/install/interface/share/interface/cmake/rosidl_cmake_export_typesupport_libraries-extras.cmake
[0.696s] -- Up-to-date: /home/leoni/robotica/tarea/exam3/install/interface/share/interface/cmake/interfaceConfig.cmake
[0.696s] -- Up-to-date: /home/leoni/robotica/tarea/exam3/install/interface/share/interface/cmake/interfaceConfig-version.cmake
[0.696s] -- Up-to-date: /home/leoni/robotica/tarea/exam3/install/interface/share/interface/package.xml
[0.699s] Invoked command in '/home/leoni/robotica/tarea/exam3/build/interface' returned '0': CMAKE_PREFIX_PATH=/opt/ros/humble /usr/bin/cmake --install /home/leoni/robotica/tarea/exam3/build/interface
