running egg_info
writing ../../build/eje1/eje1.egg-info/PKG-INFO
writing dependency_links to ../../build/eje1/eje1.egg-info/dependency_links.txt
writing entry points to ../../build/eje1/eje1.egg-info/entry_points.txt
writing requirements to ../../build/eje1/eje1.egg-info/requires.txt
writing top-level names to ../../build/eje1/eje1.egg-info/top_level.txt
reading manifest file '../../build/eje1/eje1.egg-info/SOURCES.txt'
writing manifest file '../../build/eje1/eje1.egg-info/SOURCES.txt'
running build
running build_py
running install
running install_lib
running install_data
copying package.xml -> /home/leoni/robotica/tarea/Examen1/install/eje1/share/eje1
running install_egg_info
removing '/home/leoni/robotica/tarea/Examen1/install/eje1/lib/python3.10/site-packages/eje1-0.0.0-py3.10.egg-info' (and everything under it)
Copying ../../build/eje1/eje1.egg-info to /home/leoni/robotica/tarea/Examen1/install/eje1/lib/python3.10/site-packages/eje1-0.0.0-py3.10.egg-info
running install_scripts
Installing pub script to /home/leoni/robotica/tarea/Examen1/install/eje1/lib/eje1
Installing sub script to /home/leoni/robotica/tarea/Examen1/install/eje1/lib/eje1
writing list of installed files to '/home/leoni/robotica/tarea/Examen1/build/eje1/install.log'
