[0.401s] Invoking command in '/home/leoni/robotica/tarea/Examen1/src/eje1': PYTHONPATH=/home/leoni/robotica/tarea/Examen1/build/eje1/prefix_override:/usr/lib/python3/dist-packages/colcon_core/task/python/colcon_distutils_commands:/home/leoni/robotica/tarea/Examen1/install/eje1/lib/python3.10/site-packages:${PYTHONPATH} /usr/bin/python3 -W ignore:setup.py install is deprecated -W ignore:easy_install command is deprecated setup.py egg_info --egg-base ../../build/eje1 build --build-base /home/leoni/robotica/tarea/Examen1/build/eje1/build install --record /home/leoni/robotica/tarea/Examen1/build/eje1/install.log --single-version-externally-managed install_data
[0.576s] running egg_info
[0.577s] writing ../../build/eje1/eje1.egg-info/PKG-INFO
[0.577s] writing dependency_links to ../../build/eje1/eje1.egg-info/dependency_links.txt
[0.577s] writing entry points to ../../build/eje1/eje1.egg-info/entry_points.txt
[0.578s] writing requirements to ../../build/eje1/eje1.egg-info/requires.txt
[0.578s] writing top-level names to ../../build/eje1/eje1.egg-info/top_level.txt
[0.580s] reading manifest file '../../build/eje1/eje1.egg-info/SOURCES.txt'
[0.581s] writing manifest file '../../build/eje1/eje1.egg-info/SOURCES.txt'
[0.581s] running build
[0.581s] running build_py
[0.581s] running install
[0.581s] running install_lib
[0.582s] running install_data
[0.582s] copying package.xml -> /home/leoni/robotica/tarea/Examen1/install/eje1/share/eje1
[0.582s] running install_egg_info
[0.584s] removing '/home/leoni/robotica/tarea/Examen1/install/eje1/lib/python3.10/site-packages/eje1-0.0.0-py3.10.egg-info' (and everything under it)
[0.585s] Copying ../../build/eje1/eje1.egg-info to /home/leoni/robotica/tarea/Examen1/install/eje1/lib/python3.10/site-packages/eje1-0.0.0-py3.10.egg-info
[0.585s] running install_scripts
[0.602s] Installing pub script to /home/leoni/robotica/tarea/Examen1/install/eje1/lib/eje1
[0.603s] Installing sub script to /home/leoni/robotica/tarea/Examen1/install/eje1/lib/eje1
[0.603s] writing list of installed files to '/home/leoni/robotica/tarea/Examen1/build/eje1/install.log'
[0.620s] Invoked command in '/home/leoni/robotica/tarea/Examen1/src/eje1' returned '0': PYTHONPATH=/home/leoni/robotica/tarea/Examen1/build/eje1/prefix_override:/usr/lib/python3/dist-packages/colcon_core/task/python/colcon_distutils_commands:/home/leoni/robotica/tarea/Examen1/install/eje1/lib/python3.10/site-packages:${PYTHONPATH} /usr/bin/python3 -W ignore:setup.py install is deprecated -W ignore:easy_install command is deprecated setup.py egg_info --egg-base ../../build/eje1 build --build-base /home/leoni/robotica/tarea/Examen1/build/eje1/build install --record /home/leoni/robotica/tarea/Examen1/build/eje1/install.log --single-version-externally-managed install_data
