[0.644s] Invoking command in '/home/leoni/robotica/tarea/Examen1/src/eje2': PYTHONPATH=/home/leoni/robotica/tarea/Examen1/build/eje2/prefix_override:/usr/lib/python3/dist-packages/colcon_core/task/python/colcon_distutils_commands:/home/leoni/robotica/tarea/Examen1/install/eje2/lib/python3.10/site-packages:${PYTHONPATH} /usr/bin/python3 -W ignore:setup.py install is deprecated -W ignore:easy_install command is deprecated setup.py egg_info --egg-base ../../build/eje2 build --build-base /home/leoni/robotica/tarea/Examen1/build/eje2/build install --record /home/leoni/robotica/tarea/Examen1/build/eje2/install.log --single-version-externally-managed install_data
[0.823s] running egg_info
[0.823s] writing ../../build/eje2/eje2.egg-info/PKG-INFO
[0.823s] writing dependency_links to ../../build/eje2/eje2.egg-info/dependency_links.txt
[0.824s] writing entry points to ../../build/eje2/eje2.egg-info/entry_points.txt
[0.824s] writing requirements to ../../build/eje2/eje2.egg-info/requires.txt
[0.824s] writing top-level names to ../../build/eje2/eje2.egg-info/top_level.txt
[0.826s] reading manifest file '../../build/eje2/eje2.egg-info/SOURCES.txt'
[0.827s] writing manifest file '../../build/eje2/eje2.egg-info/SOURCES.txt'
[0.827s] running build
[0.827s] running build_py
[0.828s] copying eje2/pub1.py -> /home/leoni/robotica/tarea/Examen1/build/eje2/build/lib/eje2
[0.828s] running install
[0.829s] running install_lib
[0.830s] copying /home/leoni/robotica/tarea/Examen1/build/eje2/build/lib/eje2/pub1.py -> /home/leoni/robotica/tarea/Examen1/install/eje2/lib/python3.10/site-packages/eje2
[0.831s] byte-compiling /home/leoni/robotica/tarea/Examen1/install/eje2/lib/python3.10/site-packages/eje2/pub1.py to pub1.cpython-310.pyc
[0.831s] running install_data
[0.832s] running install_egg_info
[0.833s] removing '/home/leoni/robotica/tarea/Examen1/install/eje2/lib/python3.10/site-packages/eje2-0.0.0-py3.10.egg-info' (and everything under it)
[0.834s] Copying ../../build/eje2/eje2.egg-info to /home/leoni/robotica/tarea/Examen1/install/eje2/lib/python3.10/site-packages/eje2-0.0.0-py3.10.egg-info
[0.835s] running install_scripts
[0.856s] Installing pub1 script to /home/leoni/robotica/tarea/Examen1/install/eje2/lib/eje2
[0.856s] Installing sub_pub script to /home/leoni/robotica/tarea/Examen1/install/eje2/lib/eje2
[0.856s] writing list of installed files to '/home/leoni/robotica/tarea/Examen1/build/eje2/install.log'
[0.884s] Invoked command in '/home/leoni/robotica/tarea/Examen1/src/eje2' returned '0': PYTHONPATH=/home/leoni/robotica/tarea/Examen1/build/eje2/prefix_override:/usr/lib/python3/dist-packages/colcon_core/task/python/colcon_distutils_commands:/home/leoni/robotica/tarea/Examen1/install/eje2/lib/python3.10/site-packages:${PYTHONPATH} /usr/bin/python3 -W ignore:setup.py install is deprecated -W ignore:easy_install command is deprecated setup.py egg_info --egg-base ../../build/eje2 build --build-base /home/leoni/robotica/tarea/Examen1/build/eje2/build install --record /home/leoni/robotica/tarea/Examen1/build/eje2/install.log --single-version-externally-managed install_data
