/home/leoni/robotica/practica/install/eje1/lib/python3.10/site-packages/eje1/sub.py
/home/leoni/robotica/practica/install/eje1/lib/python3.10/site-packages/eje1/subpub.py
/home/leoni/robotica/practica/install/eje1/lib/python3.10/site-packages/eje1/publi.py
/home/leoni/robotica/practica/install/eje1/lib/python3.10/site-packages/eje1/__init__.py
/home/leoni/robotica/practica/install/eje1/lib/python3.10/site-packages/eje1/__pycache__/sub.cpython-310.pyc
/home/leoni/robotica/practica/install/eje1/lib/python3.10/site-packages/eje1/__pycache__/subpub.cpython-310.pyc
/home/leoni/robotica/practica/install/eje1/lib/python3.10/site-packages/eje1/__pycache__/publi.cpython-310.pyc
/home/leoni/robotica/practica/install/eje1/lib/python3.10/site-packages/eje1/__pycache__/__init__.cpython-310.pyc
/home/leoni/robotica/practica/install/eje1/share/ament_index/resource_index/packages/eje1
/home/leoni/robotica/practica/install/eje1/share/eje1/package.xml
/home/leoni/robotica/practica/install/eje1/lib/python3.10/site-packages/eje1-0.0.0-py3.10.egg-info/top_level.txt
/home/leoni/robotica/practica/install/eje1/lib/python3.10/site-packages/eje1-0.0.0-py3.10.egg-info/dependency_links.txt
/home/leoni/robotica/practica/install/eje1/lib/python3.10/site-packages/eje1-0.0.0-py3.10.egg-info/requires.txt
/home/leoni/robotica/practica/install/eje1/lib/python3.10/site-packages/eje1-0.0.0-py3.10.egg-info/PKG-INFO
/home/leoni/robotica/practica/install/eje1/lib/python3.10/site-packages/eje1-0.0.0-py3.10.egg-info/zip-safe
/home/leoni/robotica/practica/install/eje1/lib/python3.10/site-packages/eje1-0.0.0-py3.10.egg-info/SOURCES.txt
/home/leoni/robotica/practica/install/eje1/lib/python3.10/site-packages/eje1-0.0.0-py3.10.egg-info/entry_points.txt
/home/leoni/robotica/practica/install/eje1/lib/eje1/mi_listener
/home/leoni/robotica/practica/install/eje1/lib/eje1/mi_publicador
/home/leoni/robotica/practica/install/eje1/lib/eje1/mi_subscriptor
