running egg_info
creating ../../build/eje2/eje2.egg-info
writing ../../build/eje2/eje2.egg-info/PKG-INFO
writing dependency_links to ../../build/eje2/eje2.egg-info/dependency_links.txt
writing entry points to ../../build/eje2/eje2.egg-info/entry_points.txt
writing requirements to ../../build/eje2/eje2.egg-info/requires.txt
writing top-level names to ../../build/eje2/eje2.egg-info/top_level.txt
writing manifest file '../../build/eje2/eje2.egg-info/SOURCES.txt'
reading manifest file '../../build/eje2/eje2.egg-info/SOURCES.txt'
writing manifest file '../../build/eje2/eje2.egg-info/SOURCES.txt'
running build
running build_py
creating /home/leoni/robotica/practica2/build/eje2/build
creating /home/leoni/robotica/practica2/build/eje2/build/lib
creating /home/leoni/robotica/practica2/build/eje2/build/lib/eje2
copying eje2/sub.py -> /home/leoni/robotica/practica2/build/eje2/build/lib/eje2
copying eje2/nodo2.py -> /home/leoni/robotica/practica2/build/eje2/build/lib/eje2
copying eje2/__init__.py -> /home/leoni/robotica/practica2/build/eje2/build/lib/eje2
copying eje2/nodo1.py -> /home/leoni/robotica/practica2/build/eje2/build/lib/eje2
running install
running install_lib
creating /home/leoni/robotica/practica2/install/eje2/lib/python3.10/site-packages/eje2
copying /home/leoni/robotica/practica2/build/eje2/build/lib/eje2/sub.py -> /home/leoni/robotica/practica2/install/eje2/lib/python3.10/site-packages/eje2
copying /home/leoni/robotica/practica2/build/eje2/build/lib/eje2/nodo2.py -> /home/leoni/robotica/practica2/install/eje2/lib/python3.10/site-packages/eje2
copying /home/leoni/robotica/practica2/build/eje2/build/lib/eje2/__init__.py -> /home/leoni/robotica/practica2/install/eje2/lib/python3.10/site-packages/eje2
copying /home/leoni/robotica/practica2/build/eje2/build/lib/eje2/nodo1.py -> /home/leoni/robotica/practica2/install/eje2/lib/python3.10/site-packages/eje2
byte-compiling /home/leoni/robotica/practica2/install/eje2/lib/python3.10/site-packages/eje2/sub.py to sub.cpython-310.pyc
byte-compiling /home/leoni/robotica/practica2/install/eje2/lib/python3.10/site-packages/eje2/nodo2.py to nodo2.cpython-310.pyc
byte-compiling /home/leoni/robotica/practica2/install/eje2/lib/python3.10/site-packages/eje2/__init__.py to __init__.cpython-310.pyc
byte-compiling /home/leoni/robotica/practica2/install/eje2/lib/python3.10/site-packages/eje2/nodo1.py to nodo1.cpython-310.pyc
running install_data
creating /home/leoni/robotica/practica2/install/eje2/share/ament_index
creating /home/leoni/robotica/practica2/install/eje2/share/ament_index/resource_index
creating /home/leoni/robotica/practica2/install/eje2/share/ament_index/resource_index/packages
copying resource/eje2 -> /home/leoni/robotica/practica2/install/eje2/share/ament_index/resource_index/packages
copying package.xml -> /home/leoni/robotica/practica2/install/eje2/share/eje2
running install_egg_info
Copying ../../build/eje2/eje2.egg-info to /home/leoni/robotica/practica2/install/eje2/lib/python3.10/site-packages/eje2-0.0.0-py3.10.egg-info
running install_scripts
Installing nodo1 script to /home/leoni/robotica/practica2/install/eje2/lib/eje2
Installing nodo2 script to /home/leoni/robotica/practica2/install/eje2/lib/eje2
Installing sub script to /home/leoni/robotica/practica2/install/eje2/lib/eje2
writing list of installed files to '/home/leoni/robotica/practica2/build/eje2/install.log'
