[0.537s] Invoking command in '/home/leoni/robotica/practica2/src/eje2': PYTHONPATH=/home/leoni/robotica/practica2/build/eje2/prefix_override:/usr/lib/python3/dist-packages/colcon_core/task/python/colcon_distutils_commands:/home/leoni/robotica/practica2/install/eje2/lib/python3.10/site-packages:${PYTHONPATH} /usr/bin/python3 -W ignore:setup.py install is deprecated -W ignore:easy_install command is deprecated setup.py egg_info --egg-base ../../build/eje2 build --build-base /home/leoni/robotica/practica2/build/eje2/build install --record /home/leoni/robotica/practica2/build/eje2/install.log --single-version-externally-managed install_data
[0.673s] running egg_info
[0.673s] creating ../../build/eje2/eje2.egg-info
[0.675s] writing ../../build/eje2/eje2.egg-info/PKG-INFO
[0.676s] writing dependency_links to ../../build/eje2/eje2.egg-info/dependency_links.txt
[0.676s] writing entry points to ../../build/eje2/eje2.egg-info/entry_points.txt
[0.676s] writing requirements to ../../build/eje2/eje2.egg-info/requires.txt
[0.676s] writing top-level names to ../../build/eje2/eje2.egg-info/top_level.txt
[0.676s] writing manifest file '../../build/eje2/eje2.egg-info/SOURCES.txt'
[0.677s] reading manifest file '../../build/eje2/eje2.egg-info/SOURCES.txt'
[0.678s] writing manifest file '../../build/eje2/eje2.egg-info/SOURCES.txt'
[0.678s] running build
[0.678s] running build_py
[0.678s] creating /home/leoni/robotica/practica2/build/eje2/build
[0.679s] creating /home/leoni/robotica/practica2/build/eje2/build/lib
[0.679s] creating /home/leoni/robotica/practica2/build/eje2/build/lib/eje2
[0.679s] copying eje2/sub.py -> /home/leoni/robotica/practica2/build/eje2/build/lib/eje2
[0.679s] copying eje2/nodo2.py -> /home/leoni/robotica/practica2/build/eje2/build/lib/eje2
[0.680s] copying eje2/__init__.py -> /home/leoni/robotica/practica2/build/eje2/build/lib/eje2
[0.680s] copying eje2/nodo1.py -> /home/leoni/robotica/practica2/build/eje2/build/lib/eje2
[0.680s] running install
[0.680s] running install_lib
[0.681s] creating /home/leoni/robotica/practica2/install/eje2/lib/python3.10/site-packages/eje2
[0.681s] copying /home/leoni/robotica/practica2/build/eje2/build/lib/eje2/sub.py -> /home/leoni/robotica/practica2/install/eje2/lib/python3.10/site-packages/eje2
[0.681s] copying /home/leoni/robotica/practica2/build/eje2/build/lib/eje2/nodo2.py -> /home/leoni/robotica/practica2/install/eje2/lib/python3.10/site-packages/eje2
[0.681s] copying /home/leoni/robotica/practica2/build/eje2/build/lib/eje2/__init__.py -> /home/leoni/robotica/practica2/install/eje2/lib/python3.10/site-packages/eje2
[0.681s] copying /home/leoni/robotica/practica2/build/eje2/build/lib/eje2/nodo1.py -> /home/leoni/robotica/practica2/install/eje2/lib/python3.10/site-packages/eje2
[0.681s] byte-compiling /home/leoni/robotica/practica2/install/eje2/lib/python3.10/site-packages/eje2/sub.py to sub.cpython-310.pyc
[0.682s] byte-compiling /home/leoni/robotica/practica2/install/eje2/lib/python3.10/site-packages/eje2/nodo2.py to nodo2.cpython-310.pyc
[0.682s] byte-compiling /home/leoni/robotica/practica2/install/eje2/lib/python3.10/site-packages/eje2/__init__.py to __init__.cpython-310.pyc
[0.682s] byte-compiling /home/leoni/robotica/practica2/install/eje2/lib/python3.10/site-packages/eje2/nodo1.py to nodo1.cpython-310.pyc
[0.683s] running install_data
[0.683s] creating /home/leoni/robotica/practica2/install/eje2/share/ament_index
[0.683s] creating /home/leoni/robotica/practica2/install/eje2/share/ament_index/resource_index
[0.683s] creating /home/leoni/robotica/practica2/install/eje2/share/ament_index/resource_index/packages
[0.683s] copying resource/eje2 -> /home/leoni/robotica/practica2/install/eje2/share/ament_index/resource_index/packages
[0.683s] copying package.xml -> /home/leoni/robotica/practica2/install/eje2/share/eje2
[0.683s] running install_egg_info
[0.685s] Copying ../../build/eje2/eje2.egg-info to /home/leoni/robotica/practica2/install/eje2/lib/python3.10/site-packages/eje2-0.0.0-py3.10.egg-info
[0.686s] running install_scripts
[0.699s] Installing nodo1 script to /home/leoni/robotica/practica2/install/eje2/lib/eje2
[0.700s] Installing nodo2 script to /home/leoni/robotica/practica2/install/eje2/lib/eje2
[0.700s] Installing sub script to /home/leoni/robotica/practica2/install/eje2/lib/eje2
[0.701s] writing list of installed files to '/home/leoni/robotica/practica2/build/eje2/install.log'
[0.716s] Invoked command in '/home/leoni/robotica/practica2/src/eje2' returned '0': PYTHONPATH=/home/leoni/robotica/practica2/build/eje2/prefix_override:/usr/lib/python3/dist-packages/colcon_core/task/python/colcon_distutils_commands:/home/leoni/robotica/practica2/install/eje2/lib/python3.10/site-packages:${PYTHONPATH} /usr/bin/python3 -W ignore:setup.py install is deprecated -W ignore:easy_install command is deprecated setup.py egg_info --egg-base ../../build/eje2 build --build-base /home/leoni/robotica/practica2/build/eje2/build install --record /home/leoni/robotica/practica2/build/eje2/install.log --single-version-externally-managed install_data
