[0.254s] Invoking command in '/home/leoni/robotica/tarea/exam3/build/interface': CMAKE_PREFIX_PATH=/opt/ros/humble /usr/bin/cmake --build /home/leoni/robotica/tarea/exam3/build/interface -- -j16 -l16
[0.289s] [35m[1mConsolidate compiler generated dependencies of target interface__rosidl_generator_c[0m
[0.302s] [  9%] Built target interface__rosidl_generator_c
[0.303s] [ 12%] Built target interface__cpp
[0.312s] [ 12%] Built target ament_cmake_python_copy_interface
[0.316s] [35m[1mConsolidate compiler generated dependencies of target interface__rosidl_typesupport_fastrtps_c[0m
[0.317s] [35m[1mConsolidate compiler generated dependencies of target interface__rosidl_typesupport_cpp[0m
[0.317s] [35m[1mConsolidate compiler generated dependencies of target interface__rosidl_typesupport_introspection_cpp[0m
[0.317s] [35m[1mConsolidate compiler generated dependencies of target interface__rosidl_typesupport_fastrtps_cpp[0m
[0.317s] [35m[1mConsolidate compiler generated dependencies of target interface__rosidl_typesupport_c[0m
[0.318s] [35m[1mConsolidate compiler generated dependencies of target interface__rosidl_typesupport_introspection_c[0m
[0.332s] [ 22%] Built target interface__rosidl_typesupport_c
[0.333s] [ 32%] Built target interface__rosidl_typesupport_introspection_c
[0.335s] [ 41%] Built target interface__rosidl_typesupport_cpp
[0.335s] [ 61%] Built target interface__rosidl_typesupport_fastrtps_cpp
[0.336s] [ 61%] Built target interface__rosidl_typesupport_introspection_cpp
[0.336s] [ 70%] Built target interface__rosidl_typesupport_fastrtps_c
[0.357s] [ 70%] Built target interface
[0.378s] [ 74%] Built target interface__py
[0.389s] [35m[1mConsolidate compiler generated dependencies of target interface__rosidl_generator_py[0m
[0.405s] [ 80%] Built target interface__rosidl_generator_py
[0.417s] [35m[1mConsolidate compiler generated dependencies of target interface__rosidl_typesupport_c__pyext[0m
[0.417s] [35m[1mConsolidate compiler generated dependencies of target interface__rosidl_typesupport_fastrtps_c__pyext[0m
[0.417s] [35m[1mConsolidate compiler generated dependencies of target interface__rosidl_typesupport_introspection_c__pyext[0m
[0.437s] [ 87%] Built target interface__rosidl_typesupport_c__pyext
[0.437s] [ 93%] Built target interface__rosidl_typesupport_fastrtps_c__pyext
[0.437s] [100%] Built target interface__rosidl_typesupport_introspection_c__pyext
[0.632s] running egg_info
[0.632s] writing interface.egg-info/PKG-INFO
[0.633s] writing dependency_links to interface.egg-info/dependency_links.txt
[0.633s] writing top-level names to interface.egg-info/top_level.txt
[0.635s] reading manifest file 'interface.egg-info/SOURCES.txt'
[0.636s] writing manifest file 'interface.egg-info/SOURCES.txt'
[0.662s] [100%] Built target ament_cmake_python_build_interface_egg
[0.672s] Invoked command in '/home/leoni/robotica/tarea/exam3/build/interface' returned '0': CMAKE_PREFIX_PATH=/opt/ros/humble /usr/bin/cmake --build /home/leoni/robotica/tarea/exam3/build/interface -- -j16 -l16
[0.681s] Invoking command in '/home/leoni/robotica/tarea/exam3/build/interface': CMAKE_PREFIX_PATH=/opt/ros/humble /usr/bin/cmake --install /home/leoni/robotica/tarea/exam3/build/interface
[0.689s] -- Install configuration: ""
[0.689s] -- Up-to-date: /home/leoni/robotica/tarea/exam3/install/interface/share/ament_index/resource_index/rosidl_interfaces/interface
[0.690s] -- Up-to-date: /home/leoni/robotica/tarea/exam3/install/interface/include/interface/interface
[0.690s] -- Up-to-date: /home/leoni/robotica/tarea/exam3/install/interface/include/interface/interface/msg
[0.690s] -- Up-to-date: /home/leoni/robotica/tarea/exam3/install/interface/include/interface/interface/msg/rosidl_generator_c__visibility_control.h
[0.690s] -- Up-to-date: /home/leoni/robotica/tarea/exam3/install/interface/include/interface/interface/srv
[0.691s] -- Up-to-date: /home/leoni/robotica/tarea/exam3/install/interface/include/interface/interface/srv/detail
[0.691s] -- Up-to-date: /home/leoni/robotica/tarea/exam3/install/interface/include/interface/interface/srv/detail/angle__struct.h
[0.691s] -- Up-to-date: /home/leoni/robotica/tarea/exam3/install/interface/include/interface/interface/srv/detail/angle__functions.c
[0.692s] -- Up-to-date: /home/leoni/robotica/tarea/exam3/install/interface/include/interface/interface/srv/detail/angle__type_support.h
[0.692s] -- Up-to-date: /home/leoni/robotica/tarea/exam3/install/interface/include/interface/interface/srv/detail/angle__functions.h
[0.692s] -- Up-to-date: /home/leoni/robotica/tarea/exam3/install/interface/include/interface/interface/srv/angle.h
[0.692s] -- Up-to-date: /home/leoni/robotica/tarea/exam3/install/interface/share/interface/environment/library_path.sh
[0.693s] -- Up-to-date: /home/leoni/robotica/tarea/exam3/install/interface/share/interface/environment/library_path.dsv
[0.693s] -- Up-to-date: /home/leoni/robotica/tarea/exam3/install/interface/lib/libinterface__rosidl_generator_c.so
[0.694s] -- Up-to-date: /home/leoni/robotica/tarea/exam3/install/interface/include/interface/interface
[0.694s] -- Up-to-date: /home/leoni/robotica/tarea/exam3/install/interface/include/interface/interface/msg
[0.694s] -- Up-to-date: /home/leoni/robotica/tarea/exam3/install/interface/include/interface/interface/msg/rosidl_typesupport_fastrtps_c__visibility_control.h
[0.694s] -- Up-to-date: /home/leoni/robotica/tarea/exam3/install/interface/include/interface/interface/srv
[0.694s] -- Up-to-date: /home/leoni/robotica/tarea/exam3/install/interface/include/interface/interface/srv/detail
[0.695s] -- Up-to-date: /home/leoni/robotica/tarea/exam3/install/interface/include/interface/interface/srv/detail/angle__rosidl_typesupport_fastrtps_c.h
[0.695s] -- Up-to-date: /home/leoni/robotica/tarea/exam3/install/interface/lib/libinterface__rosidl_typesupport_fastrtps_c.so
[0.695s] -- Up-to-date: /home/leoni/robotica/tarea/exam3/install/interface/include/interface/interface
[0.696s] -- Up-to-date: /home/leoni/robotica/tarea/exam3/install/interface/include/interface/interface/msg
[0.696s] -- Up-to-date: /home/leoni/robotica/tarea/exam3/install/interface/include/interface/interface/msg/rosidl_typesupport_introspection_c__visibility_control.h
[0.696s] -- Up-to-date: /home/leoni/robotica/tarea/exam3/install/interface/include/interface/interface/srv
[0.696s] -- Up-to-date: /home/leoni/robotica/tarea/exam3/install/interface/include/interface/interface/srv/detail
[0.696s] -- Up-to-date: /home/leoni/robotica/tarea/exam3/install/interface/include/interface/interface/srv/detail/angle__type_support.c
[0.696s] -- Up-to-date: /home/leoni/robotica/tarea/exam3/install/interface/include/interface/interface/srv/detail/angle__rosidl_typesupport_introspection_c.h
[0.697s] -- Up-to-date: /home/leoni/robotica/tarea/exam3/install/interface/lib/libinterface__rosidl_typesupport_introspection_c.so
[0.697s] -- Up-to-date: /home/leoni/robotica/tarea/exam3/install/interface/lib/libinterface__rosidl_typesupport_c.so
[0.697s] -- Up-to-date: /home/leoni/robotica/tarea/exam3/install/interface/include/interface/interface
[0.697s] -- Up-to-date: /home/leoni/robotica/tarea/exam3/install/interface/include/interface/interface/msg
[0.697s] -- Up-to-date: /home/leoni/robotica/tarea/exam3/install/interface/include/interface/interface/msg/rosidl_generator_cpp__visibility_control.hpp
[0.697s] -- Up-to-date: /home/leoni/robotica/tarea/exam3/install/interface/include/interface/interface/srv
[0.697s] -- Up-to-date: /home/leoni/robotica/tarea/exam3/install/interface/include/interface/interface/srv/angle.hpp
[0.698s] -- Up-to-date: /home/leoni/robotica/tarea/exam3/install/interface/include/interface/interface/srv/detail
[0.698s] -- Up-to-date: /home/leoni/robotica/tarea/exam3/install/interface/include/interface/interface/srv/detail/angle__struct.hpp
[0.698s] -- Up-to-date: /home/leoni/robotica/tarea/exam3/install/interface/include/interface/interface/srv/detail/angle__type_support.hpp
[0.698s] -- Up-to-date: /home/leoni/robotica/tarea/exam3/install/interface/include/interface/interface/srv/detail/angle__traits.hpp
[0.698s] -- Up-to-date: /home/leoni/robotica/tarea/exam3/install/interface/include/interface/interface/srv/detail/angle__builder.hpp
[0.698s] -- Up-to-date: /home/leoni/robotica/tarea/exam3/install/interface/include/interface/interface
[0.698s] -- Up-to-date: /home/leoni/robotica/tarea/exam3/install/interface/include/interface/interface/msg
[0.698s] -- Up-to-date: /home/leoni/robotica/tarea/exam3/install/interface/include/interface/interface/msg/rosidl_typesupport_fastrtps_cpp__visibility_control.h
[0.698s] -- Up-to-date: /home/leoni/robotica/tarea/exam3/install/interface/include/interface/interface/srv
[0.698s] -- Up-to-date: /home/leoni/robotica/tarea/exam3/install/interface/include/interface/interface/srv/detail
[0.698s] -- Up-to-date: /home/leoni/robotica/tarea/exam3/install/interface/include/interface/interface/srv/detail/angle__rosidl_typesupport_fastrtps_cpp.hpp
[0.698s] -- Up-to-date: /home/leoni/robotica/tarea/exam3/install/interface/include/interface/interface/srv/detail/dds_fastrtps
[0.698s] -- Up-to-date: /home/leoni/robotica/tarea/exam3/install/interface/lib/libinterface__rosidl_typesupport_fastrtps_cpp.so
[0.699s] -- Up-to-date: /home/leoni/robotica/tarea/exam3/install/interface/include/interface/interface
[0.699s] -- Up-to-date: /home/leoni/robotica/tarea/exam3/install/interface/include/interface/interface/srv
[0.699s] -- Up-to-date: /home/leoni/robotica/tarea/exam3/install/interface/include/interface/interface/srv/detail
[0.699s] -- Up-to-date: /home/leoni/robotica/tarea/exam3/install/interface/include/interface/interface/srv/detail/angle__rosidl_typesupport_introspection_cpp.hpp
[0.699s] -- Up-to-date: /home/leoni/robotica/tarea/exam3/install/interface/include/interface/interface/srv/detail/angle__type_support.cpp
[0.699s] -- Up-to-date: /home/leoni/robotica/tarea/exam3/install/interface/lib/libinterface__rosidl_typesupport_introspection_cpp.so
[0.699s] -- Up-to-date: /home/leoni/robotica/tarea/exam3/install/interface/lib/libinterface__rosidl_typesupport_cpp.so
[0.699s] -- Up-to-date: /home/leoni/robotica/tarea/exam3/install/interface/share/interface/environment/pythonpath.sh
[0.699s] -- Up-to-date: /home/leoni/robotica/tarea/exam3/install/interface/share/interface/environment/pythonpath.dsv
[0.699s] -- Up-to-date: /home/leoni/robotica/tarea/exam3/install/interface/local/lib/python3.10/dist-packages/interface-0.0.0-py3.10.egg-info
[0.699s] -- Installing: /home/leoni/robotica/tarea/exam3/install/interface/local/lib/python3.10/dist-packages/interface-0.0.0-py3.10.egg-info/top_level.txt
[0.699s] -- Installing: /home/leoni/robotica/tarea/exam3/install/interface/local/lib/python3.10/dist-packages/interface-0.0.0-py3.10.egg-info/dependency_links.txt
[0.699s] -- Installing: /home/leoni/robotica/tarea/exam3/install/interface/local/lib/python3.10/dist-packages/interface-0.0.0-py3.10.egg-info/PKG-INFO
[0.699s] -- Installing: /home/leoni/robotica/tarea/exam3/install/interface/local/lib/python3.10/dist-packages/interface-0.0.0-py3.10.egg-info/SOURCES.txt
[0.699s] -- Up-to-date: /home/leoni/robotica/tarea/exam3/install/interface/local/lib/python3.10/dist-packages/interface
[0.699s] -- Up-to-date: /home/leoni/robotica/tarea/exam3/install/interface/local/lib/python3.10/dist-packages/interface/interface_s__rosidl_typesupport_c.cpython-310-x86_64-linux-gnu.so
[0.699s] -- Up-to-date: /home/leoni/robotica/tarea/exam3/install/interface/local/lib/python3.10/dist-packages/interface/_interface_s.ep.rosidl_typesupport_c.c
[0.699s] -- Up-to-date: /home/leoni/robotica/tarea/exam3/install/interface/local/lib/python3.10/dist-packages/interface/srv
[0.700s] -- Up-to-date: /home/leoni/robotica/tarea/exam3/install/interface/local/lib/python3.10/dist-packages/interface/srv/_angle.py
[0.700s] -- Up-to-date: /home/leoni/robotica/tarea/exam3/install/interface/local/lib/python3.10/dist-packages/interface/srv/_angle_s.c
[0.700s] -- Up-to-date: /home/leoni/robotica/tarea/exam3/install/interface/local/lib/python3.10/dist-packages/interface/srv/__init__.py
[0.700s] -- Up-to-date: /home/leoni/robotica/tarea/exam3/install/interface/local/lib/python3.10/dist-packages/interface/libinterface__rosidl_generator_py.so
[0.700s] -- Up-to-date: /home/leoni/robotica/tarea/exam3/install/interface/local/lib/python3.10/dist-packages/interface/interface_s__rosidl_typesupport_introspection_c.cpython-310-x86_64-linux-gnu.so
[0.700s] -- Up-to-date: /home/leoni/robotica/tarea/exam3/install/interface/local/lib/python3.10/dist-packages/interface/_interface_s.ep.rosidl_typesupport_introspection_c.c
[0.700s] -- Up-to-date: /home/leoni/robotica/tarea/exam3/install/interface/local/lib/python3.10/dist-packages/interface/__init__.py
[0.700s] -- Up-to-date: /home/leoni/robotica/tarea/exam3/install/interface/local/lib/python3.10/dist-packages/interface/_interface_s.ep.rosidl_typesupport_fastrtps_c.c
[0.700s] -- Up-to-date: /home/leoni/robotica/tarea/exam3/install/interface/local/lib/python3.10/dist-packages/interface/interface_s__rosidl_typesupport_fastrtps_c.cpython-310-x86_64-linux-gnu.so
[0.728s] Listing '/home/leoni/robotica/tarea/exam3/install/interface/local/lib/python3.10/dist-packages/interface'...
[0.728s] Listing '/home/leoni/robotica/tarea/exam3/install/interface/local/lib/python3.10/dist-packages/interface/srv'...
[0.734s] -- Up-to-date: /home/leoni/robotica/tarea/exam3/install/interface/local/lib/python3.10/dist-packages/interface/interface_s__rosidl_typesupport_fastrtps_c.cpython-310-x86_64-linux-gnu.so
[0.734s] -- Up-to-date: /home/leoni/robotica/tarea/exam3/install/interface/local/lib/python3.10/dist-packages/interface/interface_s__rosidl_typesupport_introspection_c.cpython-310-x86_64-linux-gnu.so
[0.735s] -- Up-to-date: /home/leoni/robotica/tarea/exam3/install/interface/local/lib/python3.10/dist-packages/interface/interface_s__rosidl_typesupport_c.cpython-310-x86_64-linux-gnu.so
[0.735s] -- Up-to-date: /home/leoni/robotica/tarea/exam3/install/interface/lib/libinterface__rosidl_generator_py.so
[0.735s] -- Up-to-date: /home/leoni/robotica/tarea/exam3/install/interface/share/interface/srv/Angle.idl
[0.735s] -- Up-to-date: /home/leoni/robotica/tarea/exam3/install/interface/share/interface/srv/Angle.srv
[0.736s] -- Up-to-date: /home/leoni/robotica/tarea/exam3/install/interface/share/interface/srv/Angle_Request.msg
[0.736s] -- Up-to-date: /home/leoni/robotica/tarea/exam3/install/interface/share/interface/srv/Angle_Response.msg
[0.736s] -- Up-to-date: /home/leoni/robotica/tarea/exam3/install/interface/share/ament_index/resource_index/package_run_dependencies/interface
[0.736s] -- Up-to-date: /home/leoni/robotica/tarea/exam3/install/interface/share/ament_index/resource_index/parent_prefix_path/interface
[0.736s] -- Up-to-date: /home/leoni/robotica/tarea/exam3/install/interface/share/interface/environment/ament_prefix_path.sh
[0.737s] -- Up-to-date: /home/leoni/robotica/tarea/exam3/install/interface/share/interface/environment/ament_prefix_path.dsv
[0.737s] -- Up-to-date: /home/leoni/robotica/tarea/exam3/install/interface/share/interface/environment/path.sh
[0.737s] -- Up-to-date: /home/leoni/robotica/tarea/exam3/install/interface/share/interface/environment/path.dsv
[0.737s] -- Up-to-date: /home/leoni/robotica/tarea/exam3/install/interface/share/interface/local_setup.bash
[0.737s] -- Up-to-date: /home/leoni/robotica/tarea/exam3/install/interface/share/interface/local_setup.sh
[0.738s] -- Up-to-date: /home/leoni/robotica/tarea/exam3/install/interface/share/interface/local_setup.zsh
[0.738s] -- Up-to-date: /home/leoni/robotica/tarea/exam3/install/interface/share/interface/local_setup.dsv
[0.738s] -- Installing: /home/leoni/robotica/tarea/exam3/install/interface/share/interface/package.dsv
[0.738s] -- Up-to-date: /home/leoni/robotica/tarea/exam3/install/interface/share/ament_index/resource_index/packages/interface
[0.738s] -- Up-to-date: /home/leoni/robotica/tarea/exam3/install/interface/share/interface/cmake/export_interface__rosidl_generator_cExport.cmake
[0.738s] -- Up-to-date: /home/leoni/robotica/tarea/exam3/install/interface/share/interface/cmake/export_interface__rosidl_generator_cExport-noconfig.cmake
[0.739s] -- Up-to-date: /home/leoni/robotica/tarea/exam3/install/interface/share/interface/cmake/export_interface__rosidl_typesupport_fastrtps_cExport.cmake
[0.739s] -- Up-to-date: /home/leoni/robotica/tarea/exam3/install/interface/share/interface/cmake/export_interface__rosidl_typesupport_fastrtps_cExport-noconfig.cmake
[0.739s] -- Up-to-date: /home/leoni/robotica/tarea/exam3/install/interface/share/interface/cmake/interface__rosidl_typesupport_introspection_cExport.cmake
[0.739s] -- Up-to-date: /home/leoni/robotica/tarea/exam3/install/interface/share/interface/cmake/interface__rosidl_typesupport_introspection_cExport-noconfig.cmake
[0.740s] -- Up-to-date: /home/leoni/robotica/tarea/exam3/install/interface/share/interface/cmake/interface__rosidl_typesupport_cExport.cmake
[0.740s] -- Up-to-date: /home/leoni/robotica/tarea/exam3/install/interface/share/interface/cmake/interface__rosidl_typesupport_cExport-noconfig.cmake
[0.740s] -- Up-to-date: /home/leoni/robotica/tarea/exam3/install/interface/share/interface/cmake/export_interface__rosidl_generator_cppExport.cmake
[0.740s] -- Up-to-date: /home/leoni/robotica/tarea/exam3/install/interface/share/interface/cmake/export_interface__rosidl_typesupport_fastrtps_cppExport.cmake
[0.740s] -- Up-to-date: /home/leoni/robotica/tarea/exam3/install/interface/share/interface/cmake/export_interface__rosidl_typesupport_fastrtps_cppExport-noconfig.cmake
[0.741s] -- Up-to-date: /home/leoni/robotica/tarea/exam3/install/interface/share/interface/cmake/interface__rosidl_typesupport_introspection_cppExport.cmake
[0.741s] -- Up-to-date: /home/leoni/robotica/tarea/exam3/install/interface/share/interface/cmake/interface__rosidl_typesupport_introspection_cppExport-noconfig.cmake
[0.741s] -- Up-to-date: /home/leoni/robotica/tarea/exam3/install/interface/share/interface/cmake/interface__rosidl_typesupport_cppExport.cmake
[0.741s] -- Up-to-date: /home/leoni/robotica/tarea/exam3/install/interface/share/interface/cmake/interface__rosidl_typesupport_cppExport-noconfig.cmake
[0.741s] -- Up-to-date: /home/leoni/robotica/tarea/exam3/install/interface/share/interface/cmake/export_interface__rosidl_generator_pyExport.cmake
[0.741s] -- Up-to-date: /home/leoni/robotica/tarea/exam3/install/interface/share/interface/cmake/export_interface__rosidl_generator_pyExport-noconfig.cmake
[0.742s] -- Up-to-date: /home/leoni/robotica/tarea/exam3/install/interface/share/interface/cmake/rosidl_cmake-extras.cmake
[0.742s] -- Up-to-date: /home/leoni/robotica/tarea/exam3/install/interface/share/interface/cmake/ament_cmake_export_include_directories-extras.cmake
[0.742s] -- Up-to-date: /home/leoni/robotica/tarea/exam3/install/interface/share/interface/cmake/ament_cmake_export_libraries-extras.cmake
[0.742s] -- Up-to-date: /home/leoni/robotica/tarea/exam3/install/interface/share/interface/cmake/ament_cmake_export_targets-extras.cmake
[0.742s] -- Up-to-date: /home/leoni/robotica/tarea/exam3/install/interface/share/interface/cmake/rosidl_cmake_export_typesupport_targets-extras.cmake
[0.742s] -- Up-to-date: /home/leoni/robotica/tarea/exam3/install/interface/share/interface/cmake/ament_cmake_export_dependencies-extras.cmake
[0.743s] -- Up-to-date: /home/leoni/robotica/tarea/exam3/install/interface/share/interface/cmake/rosidl_cmake_export_typesupport_libraries-extras.cmake
[0.743s] -- Up-to-date: /home/leoni/robotica/tarea/exam3/install/interface/share/interface/cmake/interfaceConfig.cmake
[0.743s] -- Up-to-date: /home/leoni/robotica/tarea/exam3/install/interface/share/interface/cmake/interfaceConfig-version.cmake
[0.743s] -- Up-to-date: /home/leoni/robotica/tarea/exam3/install/interface/share/interface/package.xml
[0.745s] Invoked command in '/home/leoni/robotica/tarea/exam3/build/interface' returned '0': CMAKE_PREFIX_PATH=/opt/ros/humble /usr/bin/cmake --install /home/leoni/robotica/tarea/exam3/build/interface
