[0.306s] Invoking command in '/home/leoni/robotica/tarea/exam3/build/interface': CMAKE_PREFIX_PATH=/opt/ros/humble /usr/bin/cmake /home/leoni/robotica/tarea/exam3/src/interface -DCMAKE_INSTALL_PREFIX=/home/leoni/robotica/tarea/exam3/install/interface
[0.674s] -- The C compiler identification is GNU 11.4.0
[1.912s] -- The CXX compiler identification is GNU 11.4.0
[2.800s] -- Detecting C compiler ABI info
[3.255s] -- Detecting C compiler ABI info - done
[3.262s] -- Check for working C compiler: /usr/bin/cc - skipped
[3.300s] -- Detecting C compile features
[3.302s] -- Detecting C compile features - done
[3.311s] -- Detecting CXX compiler ABI info
[3.788s] -- Detecting CXX compiler ABI info - done
[3.795s] -- Check for working CXX compiler: /usr/bin/c++ - skipped
[3.796s] -- Detecting CXX compile features
[3.796s] -- Detecting CXX compile features - done
[3.802s] -- Found ament_cmake: 1.3.11 (/opt/ros/humble/share/ament_cmake/cmake)
[3.983s] -- Found Python3: /usr/bin/python3 (found version "3.10.12") found components: Interpreter 
[4.193s] -- Found rosidl_default_generators: 1.2.0 (/opt/ros/humble/share/rosidl_default_generators/cmake)
[4.200s] -- Using all available rosidl_typesupport_c: rosidl_typesupport_fastrtps_c;rosidl_typesupport_introspection_c
[4.214s] -- Found rosidl_adapter: 3.1.6 (/opt/ros/humble/share/rosidl_adapter/cmake)
[4.617s] -- Using all available rosidl_typesupport_cpp: rosidl_typesupport_fastrtps_cpp;rosidl_typesupport_introspection_cpp
[5.034s] -- Found ament_cmake_ros: 0.10.0 (/opt/ros/humble/share/ament_cmake_ros/cmake)
[5.250s] -- Using all available rosidl_typesupport_c: rosidl_typesupport_fastrtps_c;rosidl_typesupport_introspection_c
[5.484s] -- Using all available rosidl_typesupport_cpp: rosidl_typesupport_fastrtps_cpp;rosidl_typesupport_introspection_cpp
[5.951s] -- Found PythonInterp: /usr/bin/python3 (found suitable version "3.10.12", minimum required is "3.6") 
[5.996s] -- Found python_cmake_module: 0.10.0 (/opt/ros/humble/share/python_cmake_module/cmake)
[7.119s] -- Found PythonLibs: /usr/lib/x86_64-linux-gnu/libpython3.10.so (found suitable version "3.10.12", minimum required is "3.5") 
[7.119s] -- Using PYTHON_EXECUTABLE: /usr/bin/python3
[7.120s] -- Using PYTHON_INCLUDE_DIRS: /usr/include/python3.10
[7.120s] -- Using PYTHON_LIBRARIES: /usr/lib/x86_64-linux-gnu/libpython3.10.so
[7.141s] -- Found PythonExtra: .so  
[7.340s] -- Found ament_lint_auto: 0.12.11 (/opt/ros/humble/share/ament_lint_auto/cmake)
[7.409s] -- Added test 'lint_cmake' to check CMake code style
[7.412s] -- Added test 'xmllint' to check XML markup files
[7.418s] -- Configuring done
[7.461s] -- Generating done
[7.475s] -- Build files have been written to: /home/leoni/robotica/tarea/exam3/build/interface
[7.482s] Invoked command in '/home/leoni/robotica/tarea/exam3/build/interface' returned '0': CMAKE_PREFIX_PATH=/opt/ros/humble /usr/bin/cmake /home/leoni/robotica/tarea/exam3/src/interface -DCMAKE_INSTALL_PREFIX=/home/leoni/robotica/tarea/exam3/install/interface
[7.486s] Invoking command in '/home/leoni/robotica/tarea/exam3/build/interface': CMAKE_PREFIX_PATH=/opt/ros/humble /usr/bin/cmake --build /home/leoni/robotica/tarea/exam3/build/interface -- -j16 -l16
[7.520s] [  3%] [34m[1mGenerating C code for ROS interfaces[0m
[7.534s] [  6%] [34m[1mGenerating C++ code for ROS interfaces[0m
[7.542s] [  6%] Built target ament_cmake_python_copy_interface
[7.791s] running egg_info
[7.791s] creating interface.egg-info
[7.792s] writing interface.egg-info/PKG-INFO
[7.792s] writing dependency_links to interface.egg-info/dependency_links.txt
[7.792s] writing top-level names to interface.egg-info/top_level.txt
[7.792s] writing manifest file 'interface.egg-info/SOURCES.txt'
[7.794s] reading manifest file 'interface.egg-info/SOURCES.txt'
[7.794s] writing manifest file 'interface.egg-info/SOURCES.txt'
[7.819s] [  6%] Built target ament_cmake_python_build_interface_egg
[7.918s] [  6%] Built target interface__cpp
[7.927s] [  9%] [32mBuilding C object CMakeFiles/interface__rosidl_generator_c.dir/rosidl_generator_c/interface/srv/detail/angle__functions.c.o[0m
[7.927s] [ 12%] [34m[1mGenerating C++ introspection for ROS interfaces[0m
[7.928s] [ 16%] [34m[1mGenerating C++ type support dispatch for ROS interfaces[0m
[7.928s] [ 19%] [34m[1mGenerating C++ type support for eProsima Fast-RTPS[0m
[8.052s] [ 22%] [32m[1mLinking C shared library libinterface__rosidl_generator_c.so[0m
[8.269s] [ 22%] Built target interface__rosidl_generator_c
[8.280s] [ 25%] [34m[1mGenerating C type support for eProsima Fast-RTPS[0m
[8.281s] [ 29%] [34m[1mGenerating C type support dispatch for ROS interfaces[0m
[8.281s] [ 35%] [34m[1mGenerating C introspection for ROS interfaces[0m
[8.281s] [ 35%] [32mBuilding CXX object CMakeFiles/interface__rosidl_typesupport_cpp.dir/rosidl_typesupport_cpp/interface/srv/angle__type_support.cpp.o[0m
[8.318s] [ 38%] [32mBuilding CXX object CMakeFiles/interface__rosidl_typesupport_introspection_cpp.dir/rosidl_typesupport_introspection_cpp/interface/srv/detail/angle__type_support.cpp.o[0m
[8.339s] [ 41%] [32mBuilding CXX object CMakeFiles/interface__rosidl_typesupport_fastrtps_cpp.dir/rosidl_typesupport_fastrtps_cpp/interface/srv/detail/dds_fastrtps/angle__type_support.cpp.o[0m
[8.643s] [ 45%] [32mBuilding CXX object CMakeFiles/interface__rosidl_typesupport_c.dir/rosidl_typesupport_c/interface/srv/angle__type_support.cpp.o[0m
[8.674s] [ 48%] [32mBuilding C object CMakeFiles/interface__rosidl_typesupport_introspection_c.dir/rosidl_typesupport_introspection_c/interface/srv/detail/angle__type_support.c.o[0m
[8.680s] [ 51%] [32m[1mLinking CXX shared library libinterface__rosidl_typesupport_c.so[0m
[8.719s] [ 54%] [32m[1mLinking C shared library libinterface__rosidl_typesupport_introspection_c.so[0m
[8.728s] [ 58%] [32m[1mLinking CXX shared library libinterface__rosidl_typesupport_cpp.so[0m
[8.729s] [ 61%] [32mBuilding CXX object CMakeFiles/interface__rosidl_typesupport_fastrtps_c.dir/rosidl_typesupport_fastrtps_c/interface/srv/detail/angle__type_support_c.cpp.o[0m
[8.887s] [ 64%] [32m[1mLinking CXX shared library libinterface__rosidl_typesupport_introspection_cpp.so[0m
[8.887s] [ 64%] Built target interface__rosidl_typesupport_introspection_c
[8.900s] [ 64%] Built target interface__rosidl_typesupport_c
[8.903s] [ 64%] Built target interface__rosidl_typesupport_cpp
[8.955s] [ 67%] [32m[1mLinking CXX shared library libinterface__rosidl_typesupport_fastrtps_cpp.so[0m
[9.039s] [ 67%] Built target interface__rosidl_typesupport_introspection_cpp
[9.111s] [ 70%] [32m[1mLinking CXX shared library libinterface__rosidl_typesupport_fastrtps_c.so[0m
[9.138s] [ 70%] Built target interface__rosidl_typesupport_fastrtps_cpp
[9.466s] [ 70%] Built target interface__rosidl_typesupport_fastrtps_c
[9.487s] [ 70%] Built target interface
[9.502s] [ 74%] [34m[1mGenerating Python code for ROS interfaces[0m
[10.057s] [ 74%] Built target interface__py
[10.075s] [ 77%] [32mBuilding C object CMakeFiles/interface__rosidl_generator_py.dir/rosidl_generator_py/interface/srv/_angle_s.c.o[0m
[10.376s] [ 80%] [32m[1mLinking C shared library rosidl_generator_py/interface/libinterface__rosidl_generator_py.so[0m
[10.700s] [ 80%] Built target interface__rosidl_generator_py
[10.719s] [ 83%] [32mBuilding C object CMakeFiles/interface__rosidl_typesupport_introspection_c__pyext.dir/rosidl_generator_py/interface/_interface_s.ep.rosidl_typesupport_introspection_c.c.o[0m
[10.719s] [ 87%] [32mBuilding C object CMakeFiles/interface__rosidl_typesupport_fastrtps_c__pyext.dir/rosidl_generator_py/interface/_interface_s.ep.rosidl_typesupport_fastrtps_c.c.o[0m
[10.720s] [ 90%] [32mBuilding C object CMakeFiles/interface__rosidl_typesupport_c__pyext.dir/rosidl_generator_py/interface/_interface_s.ep.rosidl_typesupport_c.c.o[0m
[10.814s] [ 93%] [32m[1mLinking C shared library rosidl_generator_py/interface/interface_s__rosidl_typesupport_c.cpython-310-x86_64-linux-gnu.so[0m
[10.815s] [ 96%] [32m[1mLinking C shared library rosidl_generator_py/interface/interface_s__rosidl_typesupport_fastrtps_c.cpython-310-x86_64-linux-gnu.so[0m
[10.822s] [100%] [32m[1mLinking C shared library rosidl_generator_py/interface/interface_s__rosidl_typesupport_introspection_c.cpython-310-x86_64-linux-gnu.so[0m
[10.962s] [100%] Built target interface__rosidl_typesupport_c__pyext
[10.964s] [100%] Built target interface__rosidl_typesupport_fastrtps_c__pyext
[11.038s] [100%] Built target interface__rosidl_typesupport_introspection_c__pyext
[11.048s] Invoked command in '/home/leoni/robotica/tarea/exam3/build/interface' returned '0': CMAKE_PREFIX_PATH=/opt/ros/humble /usr/bin/cmake --build /home/leoni/robotica/tarea/exam3/build/interface -- -j16 -l16
[11.058s] Invoking command in '/home/leoni/robotica/tarea/exam3/build/interface': CMAKE_PREFIX_PATH=/opt/ros/humble /usr/bin/cmake --install /home/leoni/robotica/tarea/exam3/build/interface
[11.065s] -- Install configuration: ""
[11.066s] -- Installing: /home/leoni/robotica/tarea/exam3/install/interface/share/ament_index/resource_index/rosidl_interfaces/interface
[11.066s] -- Installing: /home/leoni/robotica/tarea/exam3/install/interface/include/interface/interface
[11.066s] -- Installing: /home/leoni/robotica/tarea/exam3/install/interface/include/interface/interface/msg
[11.067s] -- Installing: /home/leoni/robotica/tarea/exam3/install/interface/include/interface/interface/msg/rosidl_generator_c__visibility_control.h
[11.067s] -- Installing: /home/leoni/robotica/tarea/exam3/install/interface/include/interface/interface/srv
[11.067s] -- Installing: /home/leoni/robotica/tarea/exam3/install/interface/include/interface/interface/srv/detail
[11.067s] -- Installing: /home/leoni/robotica/tarea/exam3/install/interface/include/interface/interface/srv/detail/angle__struct.h
[11.068s] -- Installing: /home/leoni/robotica/tarea/exam3/install/interface/include/interface/interface/srv/detail/angle__functions.c
[11.068s] -- Installing: /home/leoni/robotica/tarea/exam3/install/interface/include/interface/interface/srv/detail/angle__type_support.h
[11.068s] -- Installing: /home/leoni/robotica/tarea/exam3/install/interface/include/interface/interface/srv/detail/angle__functions.h
[11.068s] -- Installing: /home/leoni/robotica/tarea/exam3/install/interface/include/interface/interface/srv/angle.h
[11.068s] -- Installing: /home/leoni/robotica/tarea/exam3/install/interface/share/interface/environment/library_path.sh
[11.068s] -- Installing: /home/leoni/robotica/tarea/exam3/install/interface/share/interface/environment/library_path.dsv
[11.069s] -- Installing: /home/leoni/robotica/tarea/exam3/install/interface/lib/libinterface__rosidl_generator_c.so
[11.069s] -- Set runtime path of "/home/leoni/robotica/tarea/exam3/install/interface/lib/libinterface__rosidl_generator_c.so" to ""
[11.069s] -- Up-to-date: /home/leoni/robotica/tarea/exam3/install/interface/include/interface/interface
[11.070s] -- Up-to-date: /home/leoni/robotica/tarea/exam3/install/interface/include/interface/interface/msg
[11.070s] -- Installing: /home/leoni/robotica/tarea/exam3/install/interface/include/interface/interface/msg/rosidl_typesupport_fastrtps_c__visibility_control.h
[11.070s] -- Up-to-date: /home/leoni/robotica/tarea/exam3/install/interface/include/interface/interface/srv
[11.070s] -- Up-to-date: /home/leoni/robotica/tarea/exam3/install/interface/include/interface/interface/srv/detail
[11.071s] -- Installing: /home/leoni/robotica/tarea/exam3/install/interface/include/interface/interface/srv/detail/angle__rosidl_typesupport_fastrtps_c.h
[11.071s] -- Installing: /home/leoni/robotica/tarea/exam3/install/interface/lib/libinterface__rosidl_typesupport_fastrtps_c.so
[11.071s] -- Set runtime path of "/home/leoni/robotica/tarea/exam3/install/interface/lib/libinterface__rosidl_typesupport_fastrtps_c.so" to ""
[11.071s] -- Up-to-date: /home/leoni/robotica/tarea/exam3/install/interface/include/interface/interface
[11.071s] -- Up-to-date: /home/leoni/robotica/tarea/exam3/install/interface/include/interface/interface/msg
[11.072s] -- Installing: /home/leoni/robotica/tarea/exam3/install/interface/include/interface/interface/msg/rosidl_typesupport_introspection_c__visibility_control.h
[11.072s] -- Up-to-date: /home/leoni/robotica/tarea/exam3/install/interface/include/interface/interface/srv
[11.072s] -- Up-to-date: /home/leoni/robotica/tarea/exam3/install/interface/include/interface/interface/srv/detail
[11.072s] -- Installing: /home/leoni/robotica/tarea/exam3/install/interface/include/interface/interface/srv/detail/angle__type_support.c
[11.073s] -- Installing: /home/leoni/robotica/tarea/exam3/install/interface/include/interface/interface/srv/detail/angle__rosidl_typesupport_introspection_c.h
[11.073s] -- Installing: /home/leoni/robotica/tarea/exam3/install/interface/lib/libinterface__rosidl_typesupport_introspection_c.so
[11.073s] -- Set runtime path of "/home/leoni/robotica/tarea/exam3/install/interface/lib/libinterface__rosidl_typesupport_introspection_c.so" to ""
[11.073s] -- Installing: /home/leoni/robotica/tarea/exam3/install/interface/lib/libinterface__rosidl_typesupport_c.so
[11.073s] -- Set runtime path of "/home/leoni/robotica/tarea/exam3/install/interface/lib/libinterface__rosidl_typesupport_c.so" to ""
[11.073s] -- Up-to-date: /home/leoni/robotica/tarea/exam3/install/interface/include/interface/interface
[11.073s] -- Up-to-date: /home/leoni/robotica/tarea/exam3/install/interface/include/interface/interface/msg
[11.073s] -- Installing: /home/leoni/robotica/tarea/exam3/install/interface/include/interface/interface/msg/rosidl_generator_cpp__visibility_control.hpp
[11.073s] -- Up-to-date: /home/leoni/robotica/tarea/exam3/install/interface/include/interface/interface/srv
[11.074s] -- Installing: /home/leoni/robotica/tarea/exam3/install/interface/include/interface/interface/srv/angle.hpp
[11.074s] -- Up-to-date: /home/leoni/robotica/tarea/exam3/install/interface/include/interface/interface/srv/detail
[11.074s] -- Installing: /home/leoni/robotica/tarea/exam3/install/interface/include/interface/interface/srv/detail/angle__struct.hpp
[11.074s] -- Installing: /home/leoni/robotica/tarea/exam3/install/interface/include/interface/interface/srv/detail/angle__type_support.hpp
[11.074s] -- Installing: /home/leoni/robotica/tarea/exam3/install/interface/include/interface/interface/srv/detail/angle__traits.hpp
[11.075s] -- Installing: /home/leoni/robotica/tarea/exam3/install/interface/include/interface/interface/srv/detail/angle__builder.hpp
[11.075s] -- Up-to-date: /home/leoni/robotica/tarea/exam3/install/interface/include/interface/interface
[11.075s] -- Up-to-date: /home/leoni/robotica/tarea/exam3/install/interface/include/interface/interface/msg
[11.075s] -- Installing: /home/leoni/robotica/tarea/exam3/install/interface/include/interface/interface/msg/rosidl_typesupport_fastrtps_cpp__visibility_control.h
[11.075s] -- Up-to-date: /home/leoni/robotica/tarea/exam3/install/interface/include/interface/interface/srv
[11.076s] -- Up-to-date: /home/leoni/robotica/tarea/exam3/install/interface/include/interface/interface/srv/detail
[11.076s] -- Installing: /home/leoni/robotica/tarea/exam3/install/interface/include/interface/interface/srv/detail/angle__rosidl_typesupport_fastrtps_cpp.hpp
[11.076s] -- Installing: /home/leoni/robotica/tarea/exam3/install/interface/include/interface/interface/srv/detail/dds_fastrtps
[11.076s] -- Installing: /home/leoni/robotica/tarea/exam3/install/interface/lib/libinterface__rosidl_typesupport_fastrtps_cpp.so
[11.076s] -- Set runtime path of "/home/leoni/robotica/tarea/exam3/install/interface/lib/libinterface__rosidl_typesupport_fastrtps_cpp.so" to ""
[11.077s] -- Up-to-date: /home/leoni/robotica/tarea/exam3/install/interface/include/interface/interface
[11.077s] -- Up-to-date: /home/leoni/robotica/tarea/exam3/install/interface/include/interface/interface/srv
[11.077s] -- Up-to-date: /home/leoni/robotica/tarea/exam3/install/interface/include/interface/interface/srv/detail
[11.077s] -- Installing: /home/leoni/robotica/tarea/exam3/install/interface/include/interface/interface/srv/detail/angle__rosidl_typesupport_introspection_cpp.hpp
[11.077s] -- Installing: /home/leoni/robotica/tarea/exam3/install/interface/include/interface/interface/srv/detail/angle__type_support.cpp
[11.078s] -- Installing: /home/leoni/robotica/tarea/exam3/install/interface/lib/libinterface__rosidl_typesupport_introspection_cpp.so
[11.078s] -- Set runtime path of "/home/leoni/robotica/tarea/exam3/install/interface/lib/libinterface__rosidl_typesupport_introspection_cpp.so" to ""
[11.078s] -- Installing: /home/leoni/robotica/tarea/exam3/install/interface/lib/libinterface__rosidl_typesupport_cpp.so
[11.079s] -- Set runtime path of "/home/leoni/robotica/tarea/exam3/install/interface/lib/libinterface__rosidl_typesupport_cpp.so" to ""
[11.079s] -- Installing: /home/leoni/robotica/tarea/exam3/install/interface/share/interface/environment/pythonpath.sh
[11.079s] -- Installing: /home/leoni/robotica/tarea/exam3/install/interface/share/interface/environment/pythonpath.dsv
[11.079s] -- Installing: /home/leoni/robotica/tarea/exam3/install/interface/local/lib/python3.10/dist-packages/interface-0.0.0-py3.10.egg-info
[11.079s] -- Installing: /home/leoni/robotica/tarea/exam3/install/interface/local/lib/python3.10/dist-packages/interface-0.0.0-py3.10.egg-info/top_level.txt
[11.079s] -- Installing: /home/leoni/robotica/tarea/exam3/install/interface/local/lib/python3.10/dist-packages/interface-0.0.0-py3.10.egg-info/dependency_links.txt
[11.079s] -- Installing: /home/leoni/robotica/tarea/exam3/install/interface/local/lib/python3.10/dist-packages/interface-0.0.0-py3.10.egg-info/PKG-INFO
[11.079s] -- Installing: /home/leoni/robotica/tarea/exam3/install/interface/local/lib/python3.10/dist-packages/interface-0.0.0-py3.10.egg-info/SOURCES.txt
[11.079s] -- Installing: /home/leoni/robotica/tarea/exam3/install/interface/local/lib/python3.10/dist-packages/interface
[11.079s] -- Installing: /home/leoni/robotica/tarea/exam3/install/interface/local/lib/python3.10/dist-packages/interface/interface_s__rosidl_typesupport_c.cpython-310-x86_64-linux-gnu.so
[11.080s] -- Installing: /home/leoni/robotica/tarea/exam3/install/interface/local/lib/python3.10/dist-packages/interface/_interface_s.ep.rosidl_typesupport_c.c
[11.080s] -- Installing: /home/leoni/robotica/tarea/exam3/install/interface/local/lib/python3.10/dist-packages/interface/srv
[11.080s] -- Installing: /home/leoni/robotica/tarea/exam3/install/interface/local/lib/python3.10/dist-packages/interface/srv/_angle.py
[11.080s] -- Installing: /home/leoni/robotica/tarea/exam3/install/interface/local/lib/python3.10/dist-packages/interface/srv/_angle_s.c
[11.080s] -- Installing: /home/leoni/robotica/tarea/exam3/install/interface/local/lib/python3.10/dist-packages/interface/srv/__init__.py
[11.080s] -- Installing: /home/leoni/robotica/tarea/exam3/install/interface/local/lib/python3.10/dist-packages/interface/libinterface__rosidl_generator_py.so
[11.080s] -- Installing: /home/leoni/robotica/tarea/exam3/install/interface/local/lib/python3.10/dist-packages/interface/interface_s__rosidl_typesupport_introspection_c.cpython-310-x86_64-linux-gnu.so
[11.080s] -- Installing: /home/leoni/robotica/tarea/exam3/install/interface/local/lib/python3.10/dist-packages/interface/_interface_s.ep.rosidl_typesupport_introspection_c.c
[11.080s] -- Installing: /home/leoni/robotica/tarea/exam3/install/interface/local/lib/python3.10/dist-packages/interface/__init__.py
[11.080s] -- Installing: /home/leoni/robotica/tarea/exam3/install/interface/local/lib/python3.10/dist-packages/interface/_interface_s.ep.rosidl_typesupport_fastrtps_c.c
[11.081s] -- Installing: /home/leoni/robotica/tarea/exam3/install/interface/local/lib/python3.10/dist-packages/interface/interface_s__rosidl_typesupport_fastrtps_c.cpython-310-x86_64-linux-gnu.so
[11.115s] Listing '/home/leoni/robotica/tarea/exam3/install/interface/local/lib/python3.10/dist-packages/interface'...
[11.115s] Compiling '/home/leoni/robotica/tarea/exam3/install/interface/local/lib/python3.10/dist-packages/interface/__init__.py'...
[11.115s] Listing '/home/leoni/robotica/tarea/exam3/install/interface/local/lib/python3.10/dist-packages/interface/srv'...
[11.115s] Compiling '/home/leoni/robotica/tarea/exam3/install/interface/local/lib/python3.10/dist-packages/interface/srv/__init__.py'...
[11.115s] Compiling '/home/leoni/robotica/tarea/exam3/install/interface/local/lib/python3.10/dist-packages/interface/srv/_angle.py'...
[11.119s] -- Installing: /home/leoni/robotica/tarea/exam3/install/interface/local/lib/python3.10/dist-packages/interface/interface_s__rosidl_typesupport_fastrtps_c.cpython-310-x86_64-linux-gnu.so
[11.120s] -- Set runtime path of "/home/leoni/robotica/tarea/exam3/install/interface/local/lib/python3.10/dist-packages/interface/interface_s__rosidl_typesupport_fastrtps_c.cpython-310-x86_64-linux-gnu.so" to ""
[11.120s] -- Installing: /home/leoni/robotica/tarea/exam3/install/interface/local/lib/python3.10/dist-packages/interface/interface_s__rosidl_typesupport_introspection_c.cpython-310-x86_64-linux-gnu.so
[11.120s] -- Set runtime path of "/home/leoni/robotica/tarea/exam3/install/interface/local/lib/python3.10/dist-packages/interface/interface_s__rosidl_typesupport_introspection_c.cpython-310-x86_64-linux-gnu.so" to ""
[11.120s] -- Installing: /home/leoni/robotica/tarea/exam3/install/interface/local/lib/python3.10/dist-packages/interface/interface_s__rosidl_typesupport_c.cpython-310-x86_64-linux-gnu.so
[11.120s] -- Set runtime path of "/home/leoni/robotica/tarea/exam3/install/interface/local/lib/python3.10/dist-packages/interface/interface_s__rosidl_typesupport_c.cpython-310-x86_64-linux-gnu.so" to ""
[11.120s] -- Installing: /home/leoni/robotica/tarea/exam3/install/interface/lib/libinterface__rosidl_generator_py.so
[11.121s] -- Set runtime path of "/home/leoni/robotica/tarea/exam3/install/interface/lib/libinterface__rosidl_generator_py.so" to ""
[11.121s] -- Installing: /home/leoni/robotica/tarea/exam3/install/interface/share/interface/srv/Angle.idl
[11.121s] -- Installing: /home/leoni/robotica/tarea/exam3/install/interface/share/interface/srv/Angle.srv
[11.121s] -- Installing: /home/leoni/robotica/tarea/exam3/install/interface/share/interface/srv/Angle_Request.msg
[11.121s] -- Installing: /home/leoni/robotica/tarea/exam3/install/interface/share/interface/srv/Angle_Response.msg
[11.122s] -- Installing: /home/leoni/robotica/tarea/exam3/install/interface/share/ament_index/resource_index/package_run_dependencies/interface
[11.122s] -- Installing: /home/leoni/robotica/tarea/exam3/install/interface/share/ament_index/resource_index/parent_prefix_path/interface
[11.122s] -- Installing: /home/leoni/robotica/tarea/exam3/install/interface/share/interface/environment/ament_prefix_path.sh
[11.122s] -- Installing: /home/leoni/robotica/tarea/exam3/install/interface/share/interface/environment/ament_prefix_path.dsv
[11.122s] -- Installing: /home/leoni/robotica/tarea/exam3/install/interface/share/interface/environment/path.sh
[11.122s] -- Installing: /home/leoni/robotica/tarea/exam3/install/interface/share/interface/environment/path.dsv
[11.122s] -- Installing: /home/leoni/robotica/tarea/exam3/install/interface/share/interface/local_setup.bash
[11.123s] -- Installing: /home/leoni/robotica/tarea/exam3/install/interface/share/interface/local_setup.sh
[11.123s] -- Installing: /home/leoni/robotica/tarea/exam3/install/interface/share/interface/local_setup.zsh
[11.123s] -- Installing: /home/leoni/robotica/tarea/exam3/install/interface/share/interface/local_setup.dsv
[11.123s] -- Installing: /home/leoni/robotica/tarea/exam3/install/interface/share/interface/package.dsv
[11.123s] -- Installing: /home/leoni/robotica/tarea/exam3/install/interface/share/ament_index/resource_index/packages/interface
[11.123s] -- Installing: /home/leoni/robotica/tarea/exam3/install/interface/share/interface/cmake/export_interface__rosidl_generator_cExport.cmake
[11.124s] -- Installing: /home/leoni/robotica/tarea/exam3/install/interface/share/interface/cmake/export_interface__rosidl_generator_cExport-noconfig.cmake
[11.124s] -- Installing: /home/leoni/robotica/tarea/exam3/install/interface/share/interface/cmake/export_interface__rosidl_typesupport_fastrtps_cExport.cmake
[11.124s] -- Installing: /home/leoni/robotica/tarea/exam3/install/interface/share/interface/cmake/export_interface__rosidl_typesupport_fastrtps_cExport-noconfig.cmake
[11.124s] -- Installing: /home/leoni/robotica/tarea/exam3/install/interface/share/interface/cmake/interface__rosidl_typesupport_introspection_cExport.cmake
[11.124s] -- Installing: /home/leoni/robotica/tarea/exam3/install/interface/share/interface/cmake/interface__rosidl_typesupport_introspection_cExport-noconfig.cmake
[11.124s] -- Installing: /home/leoni/robotica/tarea/exam3/install/interface/share/interface/cmake/interface__rosidl_typesupport_cExport.cmake
[11.124s] -- Installing: /home/leoni/robotica/tarea/exam3/install/interface/share/interface/cmake/interface__rosidl_typesupport_cExport-noconfig.cmake
[11.125s] -- Installing: /home/leoni/robotica/tarea/exam3/install/interface/share/interface/cmake/export_interface__rosidl_generator_cppExport.cmake
[11.125s] -- Installing: /home/leoni/robotica/tarea/exam3/install/interface/share/interface/cmake/export_interface__rosidl_typesupport_fastrtps_cppExport.cmake
[11.125s] -- Installing: /home/leoni/robotica/tarea/exam3/install/interface/share/interface/cmake/export_interface__rosidl_typesupport_fastrtps_cppExport-noconfig.cmake
[11.125s] -- Installing: /home/leoni/robotica/tarea/exam3/install/interface/share/interface/cmake/interface__rosidl_typesupport_introspection_cppExport.cmake
[11.126s] -- Installing: /home/leoni/robotica/tarea/exam3/install/interface/share/interface/cmake/interface__rosidl_typesupport_introspection_cppExport-noconfig.cmake
[11.126s] -- Installing: /home/leoni/robotica/tarea/exam3/install/interface/share/interface/cmake/interface__rosidl_typesupport_cppExport.cmake
[11.126s] -- Installing: /home/leoni/robotica/tarea/exam3/install/interface/share/interface/cmake/interface__rosidl_typesupport_cppExport-noconfig.cmake
[11.126s] -- Installing: /home/leoni/robotica/tarea/exam3/install/interface/share/interface/cmake/export_interface__rosidl_generator_pyExport.cmake
[11.127s] -- Installing: /home/leoni/robotica/tarea/exam3/install/interface/share/interface/cmake/export_interface__rosidl_generator_pyExport-noconfig.cmake
[11.127s] -- Installing: /home/leoni/robotica/tarea/exam3/install/interface/share/interface/cmake/rosidl_cmake-extras.cmake
[11.127s] -- Installing: /home/leoni/robotica/tarea/exam3/install/interface/share/interface/cmake/ament_cmake_export_include_directories-extras.cmake
[11.128s] -- Installing: /home/leoni/robotica/tarea/exam3/install/interface/share/interface/cmake/ament_cmake_export_libraries-extras.cmake
[11.128s] -- Installing: /home/leoni/robotica/tarea/exam3/install/interface/share/interface/cmake/ament_cmake_export_targets-extras.cmake
[11.128s] -- Installing: /home/leoni/robotica/tarea/exam3/install/interface/share/interface/cmake/rosidl_cmake_export_typesupport_targets-extras.cmake
[11.128s] -- Installing: /home/leoni/robotica/tarea/exam3/install/interface/share/interface/cmake/ament_cmake_export_dependencies-extras.cmake
[11.128s] -- Installing: /home/leoni/robotica/tarea/exam3/install/interface/share/interface/cmake/rosidl_cmake_export_typesupport_libraries-extras.cmake
[11.128s] -- Installing: /home/leoni/robotica/tarea/exam3/install/interface/share/interface/cmake/interfaceConfig.cmake
[11.128s] -- Installing: /home/leoni/robotica/tarea/exam3/install/interface/share/interface/cmake/interfaceConfig-version.cmake
[11.129s] -- Installing: /home/leoni/robotica/tarea/exam3/install/interface/share/interface/package.xml
[11.131s] Invoked command in '/home/leoni/robotica/tarea/exam3/build/interface' returned '0': CMAKE_PREFIX_PATH=/opt/ros/humble /usr/bin/cmake --install /home/leoni/robotica/tarea/exam3/build/interface
