/home/leoni/robotica/practica2/install/eje2/lib/python3.10/site-packages/eje2/sub.py
/home/leoni/robotica/practica2/install/eje2/lib/python3.10/site-packages/eje2/nodo2.py
/home/leoni/robotica/practica2/install/eje2/lib/python3.10/site-packages/eje2/__init__.py
/home/leoni/robotica/practica2/install/eje2/lib/python3.10/site-packages/eje2/nodo1.py
/home/leoni/robotica/practica2/install/eje2/lib/python3.10/site-packages/eje2/__pycache__/sub.cpython-310.pyc
/home/leoni/robotica/practica2/install/eje2/lib/python3.10/site-packages/eje2/__pycache__/nodo2.cpython-310.pyc
/home/leoni/robotica/practica2/install/eje2/lib/python3.10/site-packages/eje2/__pycache__/__init__.cpython-310.pyc
/home/leoni/robotica/practica2/install/eje2/lib/python3.10/site-packages/eje2/__pycache__/nodo1.cpython-310.pyc
/home/leoni/robotica/practica2/install/eje2/share/ament_index/resource_index/packages/eje2
/home/leoni/robotica/practica2/install/eje2/share/eje2/package.xml
/home/leoni/robotica/practica2/install/eje2/lib/python3.10/site-packages/eje2-0.0.0-py3.10.egg-info/top_level.txt
/home/leoni/robotica/practica2/install/eje2/lib/python3.10/site-packages/eje2-0.0.0-py3.10.egg-info/dependency_links.txt
/home/leoni/robotica/practica2/install/eje2/lib/python3.10/site-packages/eje2-0.0.0-py3.10.egg-info/requires.txt
/home/leoni/robotica/practica2/install/eje2/lib/python3.10/site-packages/eje2-0.0.0-py3.10.egg-info/PKG-INFO
/home/leoni/robotica/practica2/install/eje2/lib/python3.10/site-packages/eje2-0.0.0-py3.10.egg-info/zip-safe
/home/leoni/robotica/practica2/install/eje2/lib/python3.10/site-packages/eje2-0.0.0-py3.10.egg-info/SOURCES.txt
/home/leoni/robotica/practica2/install/eje2/lib/python3.10/site-packages/eje2-0.0.0-py3.10.egg-info/entry_points.txt
/home/leoni/robotica/practica2/install/eje2/lib/eje2/nodo1
/home/leoni/robotica/practica2/install/eje2/lib/eje2/nodo2
/home/leoni/robotica/practica2/install/eje2/lib/eje2/sub
