[0.700s] Invoking command in '/home/leoni/robotica/practica/src/eje1': PYTHONPATH=/home/leoni/robotica/practica/build/eje1/prefix_override:/usr/lib/python3/dist-packages/colcon_core/task/python/colcon_distutils_commands:/home/leoni/robotica/practica/install/eje1/lib/python3.10/site-packages:${PYTHONPATH} /usr/bin/python3 -W ignore:setup.py install is deprecated -W ignore:easy_install command is deprecated setup.py egg_info --egg-base ../../build/eje1 build --build-base /home/leoni/robotica/practica/build/eje1/build install --record /home/leoni/robotica/practica/build/eje1/install.log --single-version-externally-managed install_data
[1.003s] running egg_info
[1.005s] writing ../../build/eje1/eje1.egg-info/PKG-INFO
[1.006s] writing dependency_links to ../../build/eje1/eje1.egg-info/dependency_links.txt
[1.007s] writing entry points to ../../build/eje1/eje1.egg-info/entry_points.txt
[1.007s] writing requirements to ../../build/eje1/eje1.egg-info/requires.txt
[1.008s] writing top-level names to ../../build/eje1/eje1.egg-info/top_level.txt
[1.012s] reading manifest file '../../build/eje1/eje1.egg-info/SOURCES.txt'
[1.014s] writing manifest file '../../build/eje1/eje1.egg-info/SOURCES.txt'
[1.014s] running build
[1.014s] running build_py
[1.015s] copying eje1/subpub.py -> /home/leoni/robotica/practica/build/eje1/build/lib/eje1
[1.015s] copying eje1/publi.py -> /home/leoni/robotica/practica/build/eje1/build/lib/eje1
[1.015s] running install
[1.016s] running install_lib
[1.017s] copying /home/leoni/robotica/practica/build/eje1/build/lib/eje1/subpub.py -> /home/leoni/robotica/practica/install/eje1/lib/python3.10/site-packages/eje1
[1.018s] copying /home/leoni/robotica/practica/build/eje1/build/lib/eje1/publi.py -> /home/leoni/robotica/practica/install/eje1/lib/python3.10/site-packages/eje1
[1.019s] byte-compiling /home/leoni/robotica/practica/install/eje1/lib/python3.10/site-packages/eje1/subpub.py to subpub.cpython-310.pyc
[1.020s] byte-compiling /home/leoni/robotica/practica/install/eje1/lib/python3.10/site-packages/eje1/publi.py to publi.cpython-310.pyc
[1.021s] running install_data
[1.021s] running install_egg_info
[1.024s] removing '/home/leoni/robotica/practica/install/eje1/lib/python3.10/site-packages/eje1-0.0.0-py3.10.egg-info' (and everything under it)
[1.024s] Copying ../../build/eje1/eje1.egg-info to /home/leoni/robotica/practica/install/eje1/lib/python3.10/site-packages/eje1-0.0.0-py3.10.egg-info
[1.026s] running install_scripts
[1.056s] Installing mi_listener script to /home/leoni/robotica/practica/install/eje1/lib/eje1
[1.057s] Installing mi_publicador script to /home/leoni/robotica/practica/install/eje1/lib/eje1
[1.058s] writing list of installed files to '/home/leoni/robotica/practica/build/eje1/install.log'
[1.098s] Invoked command in '/home/leoni/robotica/practica/src/eje1' returned '0': PYTHONPATH=/home/leoni/robotica/practica/build/eje1/prefix_override:/usr/lib/python3/dist-packages/colcon_core/task/python/colcon_distutils_commands:/home/leoni/robotica/practica/install/eje1/lib/python3.10/site-packages:${PYTHONPATH} /usr/bin/python3 -W ignore:setup.py install is deprecated -W ignore:easy_install command is deprecated setup.py egg_info --egg-base ../../build/eje1 build --build-base /home/leoni/robotica/practica/build/eje1/build install --record /home/leoni/robotica/practica/build/eje1/install.log --single-version-externally-managed install_data
