[0.267s] DEBUG:colcon:Command line arguments: ['/usr/bin/colcon', 'build']
[0.267s] DEBUG:colcon:Parsed command line arguments: Namespace(log_base=None, log_level=None, verb_name='build', build_base='build', install_base='install', merge_install=False, symlink_install=False, test_result_base=None, continue_on_error=False, executor='parallel', parallel_workers=16, event_handlers=None, ignore_user_meta=False, metas=['./colcon.meta'], base_paths=['.'], packages_ignore=None, packages_ignore_regex=None, paths=None, packages_up_to=None, packages_up_to_regex=None, packages_above=None, packages_above_and_dependencies=None, packages_above_depth=None, packages_select_by_dep=None, packages_skip_by_dep=None, packages_skip_up_to=None, packages_select_build_failed=False, packages_skip_build_finished=False, packages_select_test_failures=False, packages_skip_test_passed=False, packages_select=None, packages_skip=None, packages_select_regex=None, packages_skip_regex=None, packages_start=None, packages_end=None, allow_overriding=[], cmake_args=None, cmake_target=None, cmake_target_skip_unavailable=False, cmake_clean_cache=False, cmake_clean_first=False, cmake_force_configure=False, ament_cmake_args=None, catkin_cmake_args=None, catkin_skip_building_tests=False, verb_parser=<colcon_defaults.argument_parser.defaults.DefaultArgumentsDecorator object at 0x7f01eda772e0>, verb_extension=<colcon_core.verb.build.BuildVerb object at 0x7f01eda76dd0>, main=<bound method BuildVerb.main of <colcon_core.verb.build.BuildVerb object at 0x7f01eda76dd0>>)
[0.418s] Level 1:colcon.colcon_core.package_discovery:discover_packages(colcon_meta) check parameters
[0.418s] Level 1:colcon.colcon_core.package_discovery:discover_packages(recursive) check parameters
[0.418s] Level 1:colcon.colcon_core.package_discovery:discover_packages(ignore) check parameters
[0.418s] Level 1:colcon.colcon_core.package_discovery:discover_packages(path) check parameters
[0.418s] Level 1:colcon.colcon_core.package_discovery:discover_packages(colcon_meta) discover
[0.418s] Level 1:colcon.colcon_core.package_discovery:discover_packages(recursive) discover
[0.419s] INFO:colcon.colcon_core.package_discovery:Crawling recursively for packages in '/home/leoni/robotica/tarea/exam3'
[0.419s] Level 1:colcon.colcon_core.package_identification:_identify(.) by extensions ['ignore', 'ignore_ament_install']
[0.419s] Level 1:colcon.colcon_core.package_identification:_identify(.) by extension 'ignore'
[0.419s] Level 1:colcon.colcon_core.package_identification:_identify(.) by extension 'ignore_ament_install'
[0.419s] Level 1:colcon.colcon_core.package_identification:_identify(.) by extensions ['colcon_pkg']
[0.419s] Level 1:colcon.colcon_core.package_identification:_identify(.) by extension 'colcon_pkg'
[0.419s] Level 1:colcon.colcon_core.package_identification:_identify(.) by extensions ['colcon_meta']
[0.419s] Level 1:colcon.colcon_core.package_identification:_identify(.) by extension 'colcon_meta'
[0.419s] Level 1:colcon.colcon_core.package_identification:_identify(.) by extensions ['ros']
[0.419s] Level 1:colcon.colcon_core.package_identification:_identify(.) by extension 'ros'
[0.431s] Level 1:colcon.colcon_core.package_identification:_identify(.) by extensions ['cmake', 'python']
[0.431s] Level 1:colcon.colcon_core.package_identification:_identify(.) by extension 'cmake'
[0.431s] Level 1:colcon.colcon_core.package_identification:_identify(.) by extension 'python'
[0.431s] Level 1:colcon.colcon_core.package_identification:_identify(.) by extensions ['python_setup_py']
[0.431s] Level 1:colcon.colcon_core.package_identification:_identify(.) by extension 'python_setup_py'
[0.431s] Level 1:colcon.colcon_core.package_identification:_identify(build) by extensions ['ignore', 'ignore_ament_install']
[0.431s] Level 1:colcon.colcon_core.package_identification:_identify(build) by extension 'ignore'
[0.431s] Level 1:colcon.colcon_core.package_identification:_identify(build) ignored
[0.431s] Level 1:colcon.colcon_core.package_identification:_identify(install) by extensions ['ignore', 'ignore_ament_install']
[0.431s] Level 1:colcon.colcon_core.package_identification:_identify(install) by extension 'ignore'
[0.431s] Level 1:colcon.colcon_core.package_identification:_identify(install) ignored
[0.432s] Level 1:colcon.colcon_core.package_identification:_identify(log) by extensions ['ignore', 'ignore_ament_install']
[0.432s] Level 1:colcon.colcon_core.package_identification:_identify(log) by extension 'ignore'
[0.432s] Level 1:colcon.colcon_core.package_identification:_identify(log) ignored
[0.432s] Level 1:colcon.colcon_core.package_identification:_identify(src) by extensions ['ignore', 'ignore_ament_install']
[0.432s] Level 1:colcon.colcon_core.package_identification:_identify(src) by extension 'ignore'
[0.432s] Level 1:colcon.colcon_core.package_identification:_identify(src) by extension 'ignore_ament_install'
[0.432s] Level 1:colcon.colcon_core.package_identification:_identify(src) by extensions ['colcon_pkg']
[0.432s] Level 1:colcon.colcon_core.package_identification:_identify(src) by extension 'colcon_pkg'
[0.432s] Level 1:colcon.colcon_core.package_identification:_identify(src) by extensions ['colcon_meta']
[0.432s] Level 1:colcon.colcon_core.package_identification:_identify(src) by extension 'colcon_meta'
[0.432s] Level 1:colcon.colcon_core.package_identification:_identify(src) by extensions ['ros']
[0.432s] Level 1:colcon.colcon_core.package_identification:_identify(src) by extension 'ros'
[0.432s] Level 1:colcon.colcon_core.package_identification:_identify(src) by extensions ['cmake', 'python']
[0.432s] Level 1:colcon.colcon_core.package_identification:_identify(src) by extension 'cmake'
[0.432s] Level 1:colcon.colcon_core.package_identification:_identify(src) by extension 'python'
[0.432s] Level 1:colcon.colcon_core.package_identification:_identify(src) by extensions ['python_setup_py']
[0.432s] Level 1:colcon.colcon_core.package_identification:_identify(src) by extension 'python_setup_py'
[0.432s] Level 1:colcon.colcon_core.package_identification:_identify(src/cliente) by extensions ['ignore', 'ignore_ament_install']
[0.433s] Level 1:colcon.colcon_core.package_identification:_identify(src/cliente) by extension 'ignore'
[0.433s] Level 1:colcon.colcon_core.package_identification:_identify(src/cliente) by extension 'ignore_ament_install'
[0.433s] Level 1:colcon.colcon_core.package_identification:_identify(src/cliente) by extensions ['colcon_pkg']
[0.433s] Level 1:colcon.colcon_core.package_identification:_identify(src/cliente) by extension 'colcon_pkg'
[0.433s] Level 1:colcon.colcon_core.package_identification:_identify(src/cliente) by extensions ['colcon_meta']
[0.433s] Level 1:colcon.colcon_core.package_identification:_identify(src/cliente) by extension 'colcon_meta'
[0.433s] Level 1:colcon.colcon_core.package_identification:_identify(src/cliente) by extensions ['ros']
[0.433s] Level 1:colcon.colcon_core.package_identification:_identify(src/cliente) by extension 'ros'
[0.435s] DEBUG:colcon.colcon_core.package_identification:Package 'src/cliente' with type 'ros.ament_python' and name 'cliente'
[0.435s] Level 1:colcon.colcon_core.package_identification:_identify(src/interface) by extensions ['ignore', 'ignore_ament_install']
[0.435s] Level 1:colcon.colcon_core.package_identification:_identify(src/interface) by extension 'ignore'
[0.435s] Level 1:colcon.colcon_core.package_identification:_identify(src/interface) by extension 'ignore_ament_install'
[0.436s] Level 1:colcon.colcon_core.package_identification:_identify(src/interface) by extensions ['colcon_pkg']
[0.436s] Level 1:colcon.colcon_core.package_identification:_identify(src/interface) by extension 'colcon_pkg'
[0.436s] Level 1:colcon.colcon_core.package_identification:_identify(src/interface) by extensions ['colcon_meta']
[0.436s] Level 1:colcon.colcon_core.package_identification:_identify(src/interface) by extension 'colcon_meta'
[0.436s] Level 1:colcon.colcon_core.package_identification:_identify(src/interface) by extensions ['ros']
[0.436s] Level 1:colcon.colcon_core.package_identification:_identify(src/interface) by extension 'ros'
[0.436s] DEBUG:colcon.colcon_core.package_identification:Package 'src/interface' with type 'ros.ament_cmake' and name 'interface'
[0.436s] Level 1:colcon.colcon_core.package_identification:_identify(src/servidor) by extensions ['ignore', 'ignore_ament_install']
[0.436s] Level 1:colcon.colcon_core.package_identification:_identify(src/servidor) by extension 'ignore'
[0.437s] Level 1:colcon.colcon_core.package_identification:_identify(src/servidor) by extension 'ignore_ament_install'
[0.437s] Level 1:colcon.colcon_core.package_identification:_identify(src/servidor) by extensions ['colcon_pkg']
[0.437s] Level 1:colcon.colcon_core.package_identification:_identify(src/servidor) by extension 'colcon_pkg'
[0.437s] Level 1:colcon.colcon_core.package_identification:_identify(src/servidor) by extensions ['colcon_meta']
[0.437s] Level 1:colcon.colcon_core.package_identification:_identify(src/servidor) by extension 'colcon_meta'
[0.437s] Level 1:colcon.colcon_core.package_identification:_identify(src/servidor) by extensions ['ros']
[0.437s] Level 1:colcon.colcon_core.package_identification:_identify(src/servidor) by extension 'ros'
[0.437s] DEBUG:colcon.colcon_core.package_identification:Package 'src/servidor' with type 'ros.ament_python' and name 'servidor'
[0.438s] Level 1:colcon.colcon_core.package_discovery:discover_packages(recursive) using defaults
[0.438s] Level 1:colcon.colcon_core.package_discovery:discover_packages(ignore) discover
[0.438s] Level 1:colcon.colcon_core.package_discovery:discover_packages(ignore) using defaults
[0.438s] Level 1:colcon.colcon_core.package_discovery:discover_packages(path) discover
[0.438s] Level 1:colcon.colcon_core.package_discovery:discover_packages(path) using defaults
[0.458s] Level 1:colcon.colcon_core.package_discovery:discover_packages(prefix_path) check parameters
[0.458s] Level 1:colcon.colcon_core.package_discovery:discover_packages(prefix_path) discover
[0.460s] DEBUG:colcon.colcon_installed_package_information.package_discovery:Found 3 installed packages in /home/leoni/robotica/tarea/exam3/install
[0.461s] DEBUG:colcon.colcon_installed_package_information.package_discovery:Found 272 installed packages in /opt/ros/humble
[0.463s] Level 1:colcon.colcon_core.package_discovery:discover_packages(prefix_path) using defaults
[0.513s] Level 5:colcon.colcon_core.verb:set package 'cliente' build argument 'cmake_args' from command line to 'None'
[0.513s] Level 5:colcon.colcon_core.verb:set package 'cliente' build argument 'cmake_target' from command line to 'None'
[0.513s] Level 5:colcon.colcon_core.verb:set package 'cliente' build argument 'cmake_target_skip_unavailable' from command line to 'False'
[0.513s] Level 5:colcon.colcon_core.verb:set package 'cliente' build argument 'cmake_clean_cache' from command line to 'False'
[0.513s] Level 5:colcon.colcon_core.verb:set package 'cliente' build argument 'cmake_clean_first' from command line to 'False'
[0.513s] Level 5:colcon.colcon_core.verb:set package 'cliente' build argument 'cmake_force_configure' from command line to 'False'
[0.513s] Level 5:colcon.colcon_core.verb:set package 'cliente' build argument 'ament_cmake_args' from command line to 'None'
[0.513s] Level 5:colcon.colcon_core.verb:set package 'cliente' build argument 'catkin_cmake_args' from command line to 'None'
[0.513s] Level 5:colcon.colcon_core.verb:set package 'cliente' build argument 'catkin_skip_building_tests' from command line to 'False'
[0.513s] DEBUG:colcon.colcon_core.verb:Building package 'cliente' with the following arguments: {'ament_cmake_args': None, 'build_base': '/home/leoni/robotica/tarea/exam3/build/cliente', 'catkin_cmake_args': None, 'catkin_skip_building_tests': False, 'cmake_args': None, 'cmake_clean_cache': False, 'cmake_clean_first': False, 'cmake_force_configure': False, 'cmake_target': None, 'cmake_target_skip_unavailable': False, 'install_base': '/home/leoni/robotica/tarea/exam3/install/cliente', 'merge_install': False, 'path': '/home/leoni/robotica/tarea/exam3/src/cliente', 'symlink_install': False, 'test_result_base': None}
[0.514s] Level 5:colcon.colcon_core.verb:set package 'interface' build argument 'cmake_args' from command line to 'None'
[0.514s] Level 5:colcon.colcon_core.verb:set package 'interface' build argument 'cmake_target' from command line to 'None'
[0.514s] Level 5:colcon.colcon_core.verb:set package 'interface' build argument 'cmake_target_skip_unavailable' from command line to 'False'
[0.514s] Level 5:colcon.colcon_core.verb:set package 'interface' build argument 'cmake_clean_cache' from command line to 'False'
[0.514s] Level 5:colcon.colcon_core.verb:set package 'interface' build argument 'cmake_clean_first' from command line to 'False'
[0.514s] Level 5:colcon.colcon_core.verb:set package 'interface' build argument 'cmake_force_configure' from command line to 'False'
[0.514s] Level 5:colcon.colcon_core.verb:set package 'interface' build argument 'ament_cmake_args' from command line to 'None'
[0.514s] Level 5:colcon.colcon_core.verb:set package 'interface' build argument 'catkin_cmake_args' from command line to 'None'
[0.514s] Level 5:colcon.colcon_core.verb:set package 'interface' build argument 'catkin_skip_building_tests' from command line to 'False'
[0.514s] DEBUG:colcon.colcon_core.verb:Building package 'interface' with the following arguments: {'ament_cmake_args': None, 'build_base': '/home/leoni/robotica/tarea/exam3/build/interface', 'catkin_cmake_args': None, 'catkin_skip_building_tests': False, 'cmake_args': None, 'cmake_clean_cache': False, 'cmake_clean_first': False, 'cmake_force_configure': False, 'cmake_target': None, 'cmake_target_skip_unavailable': False, 'install_base': '/home/leoni/robotica/tarea/exam3/install/interface', 'merge_install': False, 'path': '/home/leoni/robotica/tarea/exam3/src/interface', 'symlink_install': False, 'test_result_base': None}
[0.515s] Level 5:colcon.colcon_core.verb:set package 'servidor' build argument 'cmake_args' from command line to 'None'
[0.515s] Level 5:colcon.colcon_core.verb:set package 'servidor' build argument 'cmake_target' from command line to 'None'
[0.515s] Level 5:colcon.colcon_core.verb:set package 'servidor' build argument 'cmake_target_skip_unavailable' from command line to 'False'
[0.515s] Level 5:colcon.colcon_core.verb:set package 'servidor' build argument 'cmake_clean_cache' from command line to 'False'
[0.515s] Level 5:colcon.colcon_core.verb:set package 'servidor' build argument 'cmake_clean_first' from command line to 'False'
[0.515s] Level 5:colcon.colcon_core.verb:set package 'servidor' build argument 'cmake_force_configure' from command line to 'False'
[0.515s] Level 5:colcon.colcon_core.verb:set package 'servidor' build argument 'ament_cmake_args' from command line to 'None'
[0.515s] Level 5:colcon.colcon_core.verb:set package 'servidor' build argument 'catkin_cmake_args' from command line to 'None'
[0.515s] Level 5:colcon.colcon_core.verb:set package 'servidor' build argument 'catkin_skip_building_tests' from command line to 'False'
[0.515s] DEBUG:colcon.colcon_core.verb:Building package 'servidor' with the following arguments: {'ament_cmake_args': None, 'build_base': '/home/leoni/robotica/tarea/exam3/build/servidor', 'catkin_cmake_args': None, 'catkin_skip_building_tests': False, 'cmake_args': None, 'cmake_clean_cache': False, 'cmake_clean_first': False, 'cmake_force_configure': False, 'cmake_target': None, 'cmake_target_skip_unavailable': False, 'install_base': '/home/leoni/robotica/tarea/exam3/install/servidor', 'merge_install': False, 'path': '/home/leoni/robotica/tarea/exam3/src/servidor', 'symlink_install': False, 'test_result_base': None}
[0.515s] INFO:colcon.colcon_core.executor:Executing jobs using 'parallel' executor
[0.516s] DEBUG:colcon.colcon_parallel_executor.executor.parallel:run_until_complete
[0.517s] INFO:colcon.colcon_ros.task.ament_python.build:Building ROS package in '/home/leoni/robotica/tarea/exam3/src/cliente' with build type 'ament_python'
[0.517s] Level 1:colcon.colcon_core.shell:create_environment_hook('cliente', 'ament_prefix_path')
[0.519s] INFO:colcon.colcon_core.plugin_system:Skipping extension 'colcon_core.shell.bat': Not used on non-Windows systems
[0.519s] INFO:colcon.colcon_core.shell:Creating environment hook '/home/leoni/robotica/tarea/exam3/install/cliente/share/cliente/hook/ament_prefix_path.ps1'
[0.520s] INFO:colcon.colcon_core.shell:Creating environment descriptor '/home/leoni/robotica/tarea/exam3/install/cliente/share/cliente/hook/ament_prefix_path.dsv'
[0.521s] INFO:colcon.colcon_core.shell:Creating environment hook '/home/leoni/robotica/tarea/exam3/install/cliente/share/cliente/hook/ament_prefix_path.sh'
[0.522s] INFO:colcon.colcon_core.shell:Skip shell extension 'powershell' for command environment: Not usable outside of PowerShell
[0.522s] DEBUG:colcon.colcon_core.shell:Skip shell extension 'dsv' for command environment
[0.526s] INFO:colcon.colcon_ros.task.ament_cmake.build:Building ROS package in '/home/leoni/robotica/tarea/exam3/src/interface' with build type 'ament_cmake'
[0.526s] INFO:colcon.colcon_cmake.task.cmake.build:Building CMake package in '/home/leoni/robotica/tarea/exam3/src/interface'
[0.526s] INFO:colcon.colcon_core.shell:Skip shell extension 'powershell' for command environment: Not usable outside of PowerShell
[0.526s] DEBUG:colcon.colcon_core.shell:Skip shell extension 'dsv' for command environment
[0.530s] INFO:colcon.colcon_ros.task.ament_python.build:Building ROS package in '/home/leoni/robotica/tarea/exam3/src/servidor' with build type 'ament_python'
[0.530s] Level 1:colcon.colcon_core.shell:create_environment_hook('servidor', 'ament_prefix_path')
[0.531s] INFO:colcon.colcon_core.shell:Creating environment hook '/home/leoni/robotica/tarea/exam3/install/servidor/share/servidor/hook/ament_prefix_path.ps1'
[0.531s] INFO:colcon.colcon_core.shell:Creating environment descriptor '/home/leoni/robotica/tarea/exam3/install/servidor/share/servidor/hook/ament_prefix_path.dsv'
[0.532s] INFO:colcon.colcon_core.shell:Creating environment hook '/home/leoni/robotica/tarea/exam3/install/servidor/share/servidor/hook/ament_prefix_path.sh'
[0.532s] INFO:colcon.colcon_core.shell:Skip shell extension 'powershell' for command environment: Not usable outside of PowerShell
[0.532s] DEBUG:colcon.colcon_core.shell:Skip shell extension 'dsv' for command environment
[0.782s] INFO:colcon.colcon_core.task.python.build:Building Python package in '/home/leoni/robotica/tarea/exam3/src/cliente'
[0.783s] INFO:colcon.colcon_core.shell:Skip shell extension 'powershell' for command environment: Not usable outside of PowerShell
[0.783s] DEBUG:colcon.colcon_core.shell:Skip shell extension 'dsv' for command environment
[0.794s] DEBUG:colcon.colcon_core.event_handler.log_command:Invoking command in '/home/leoni/robotica/tarea/exam3/build/interface': CMAKE_PREFIX_PATH=${CMAKE_PREFIX_PATH}:/home/leoni/robotica/tarea/exam3/install/servidor:/home/leoni/robotica/tarea/exam3/install/cliente:/opt/ros/humble /usr/bin/cmake --build /home/leoni/robotica/tarea/exam3/build/interface -- -j16 -l16
[1.091s] INFO:colcon.colcon_core.task.python.build:Building Python package in '/home/leoni/robotica/tarea/exam3/src/servidor'
[1.091s] INFO:colcon.colcon_core.shell:Skip shell extension 'powershell' for command environment: Not usable outside of PowerShell
[1.091s] DEBUG:colcon.colcon_core.shell:Skip shell extension 'dsv' for command environment
[1.168s] DEBUG:colcon.colcon_core.event_handler.log_command:Invoked command in '/home/leoni/robotica/tarea/exam3/build/interface' returned '0': CMAKE_PREFIX_PATH=${CMAKE_PREFIX_PATH}:/home/leoni/robotica/tarea/exam3/install/servidor:/home/leoni/robotica/tarea/exam3/install/cliente:/opt/ros/humble /usr/bin/cmake --build /home/leoni/robotica/tarea/exam3/build/interface -- -j16 -l16
[1.178s] DEBUG:colcon.colcon_core.event_handler.log_command:Invoking command in '/home/leoni/robotica/tarea/exam3/build/interface': CMAKE_PREFIX_PATH=${CMAKE_PREFIX_PATH}:/home/leoni/robotica/tarea/exam3/install/servidor:/home/leoni/robotica/tarea/exam3/install/cliente:/opt/ros/humble /usr/bin/cmake --install /home/leoni/robotica/tarea/exam3/build/interface
[1.234s] Level 1:colcon.colcon_core.environment:create_environment_scripts_only(interface)
[1.238s] DEBUG:colcon.colcon_core.event_handler.log_command:Invoked command in '/home/leoni/robotica/tarea/exam3/build/interface' returned '0': CMAKE_PREFIX_PATH=${CMAKE_PREFIX_PATH}:/home/leoni/robotica/tarea/exam3/install/servidor:/home/leoni/robotica/tarea/exam3/install/cliente:/opt/ros/humble /usr/bin/cmake --install /home/leoni/robotica/tarea/exam3/build/interface
[1.240s] Level 1:colcon.colcon_core.environment:checking '/home/leoni/robotica/tarea/exam3/install/interface' for CMake module files
[1.241s] Level 1:colcon.colcon_core.environment:checking '/home/leoni/robotica/tarea/exam3/install/interface' for CMake config files
[1.241s] Level 1:colcon.colcon_core.shell:create_environment_hook('interface', 'cmake_prefix_path')
[1.241s] INFO:colcon.colcon_core.shell:Creating environment hook '/home/leoni/robotica/tarea/exam3/install/interface/share/interface/hook/cmake_prefix_path.ps1'
[1.242s] INFO:colcon.colcon_core.shell:Creating environment descriptor '/home/leoni/robotica/tarea/exam3/install/interface/share/interface/hook/cmake_prefix_path.dsv'
[1.242s] INFO:colcon.colcon_core.shell:Creating environment hook '/home/leoni/robotica/tarea/exam3/install/interface/share/interface/hook/cmake_prefix_path.sh'
[1.243s] Level 1:colcon.colcon_core.environment:checking '/home/leoni/robotica/tarea/exam3/install/interface/lib'
[1.243s] Level 1:colcon.colcon_core.shell:create_environment_hook('interface', 'ld_library_path_lib')
[1.244s] INFO:colcon.colcon_core.shell:Creating environment hook '/home/leoni/robotica/tarea/exam3/install/interface/share/interface/hook/ld_library_path_lib.ps1'
[1.244s] INFO:colcon.colcon_core.shell:Creating environment descriptor '/home/leoni/robotica/tarea/exam3/install/interface/share/interface/hook/ld_library_path_lib.dsv'
[1.245s] INFO:colcon.colcon_core.shell:Creating environment hook '/home/leoni/robotica/tarea/exam3/install/interface/share/interface/hook/ld_library_path_lib.sh'
[1.245s] Level 1:colcon.colcon_core.environment:checking '/home/leoni/robotica/tarea/exam3/install/interface/bin'
[1.245s] Level 1:colcon.colcon_core.environment:checking '/home/leoni/robotica/tarea/exam3/install/interface/lib/pkgconfig/interface.pc'
[1.245s] Level 1:colcon.colcon_core.environment:checking '/home/leoni/robotica/tarea/exam3/install/interface/lib/python3.10/site-packages'
[1.246s] Level 1:colcon.colcon_core.environment:checking '/home/leoni/robotica/tarea/exam3/install/interface/bin'
[1.246s] INFO:colcon.colcon_core.shell:Creating package script '/home/leoni/robotica/tarea/exam3/install/interface/share/interface/package.ps1'
[1.248s] INFO:colcon.colcon_core.shell:Creating package descriptor '/home/leoni/robotica/tarea/exam3/install/interface/share/interface/package.dsv'
[1.249s] INFO:colcon.colcon_core.shell:Creating package script '/home/leoni/robotica/tarea/exam3/install/interface/share/interface/package.sh'
[1.250s] INFO:colcon.colcon_core.shell:Creating package script '/home/leoni/robotica/tarea/exam3/install/interface/share/interface/package.bash'
[1.251s] INFO:colcon.colcon_core.shell:Creating package script '/home/leoni/robotica/tarea/exam3/install/interface/share/interface/package.zsh'
[1.252s] Level 1:colcon.colcon_core.environment:create_file_with_runtime_dependencies(/home/leoni/robotica/tarea/exam3/install/interface/share/colcon-core/packages/interface)
[1.252s] Level 1:colcon.colcon_core.environment:create_environment_scripts_only(interface)
[1.253s] Level 1:colcon.colcon_core.environment:checking '/home/leoni/robotica/tarea/exam3/install/interface' for CMake module files
[1.253s] Level 1:colcon.colcon_core.environment:checking '/home/leoni/robotica/tarea/exam3/install/interface' for CMake config files
[1.254s] Level 1:colcon.colcon_core.shell:create_environment_hook('interface', 'cmake_prefix_path')
[1.254s] INFO:colcon.colcon_core.shell:Creating environment hook '/home/leoni/robotica/tarea/exam3/install/interface/share/interface/hook/cmake_prefix_path.ps1'
[1.255s] INFO:colcon.colcon_core.shell:Creating environment descriptor '/home/leoni/robotica/tarea/exam3/install/interface/share/interface/hook/cmake_prefix_path.dsv'
[1.255s] INFO:colcon.colcon_core.shell:Creating environment hook '/home/leoni/robotica/tarea/exam3/install/interface/share/interface/hook/cmake_prefix_path.sh'
[1.256s] Level 1:colcon.colcon_core.environment:checking '/home/leoni/robotica/tarea/exam3/install/interface/lib'
[1.256s] Level 1:colcon.colcon_core.shell:create_environment_hook('interface', 'ld_library_path_lib')
[1.256s] INFO:colcon.colcon_core.shell:Creating environment hook '/home/leoni/robotica/tarea/exam3/install/interface/share/interface/hook/ld_library_path_lib.ps1'
[1.256s] INFO:colcon.colcon_core.shell:Creating environment descriptor '/home/leoni/robotica/tarea/exam3/install/interface/share/interface/hook/ld_library_path_lib.dsv'
[1.257s] INFO:colcon.colcon_core.shell:Creating environment hook '/home/leoni/robotica/tarea/exam3/install/interface/share/interface/hook/ld_library_path_lib.sh'
[1.257s] Level 1:colcon.colcon_core.environment:checking '/home/leoni/robotica/tarea/exam3/install/interface/bin'
[1.258s] Level 1:colcon.colcon_core.environment:checking '/home/leoni/robotica/tarea/exam3/install/interface/lib/pkgconfig/interface.pc'
[1.258s] Level 1:colcon.colcon_core.environment:checking '/home/leoni/robotica/tarea/exam3/install/interface/lib/python3.10/site-packages'
[1.258s] Level 1:colcon.colcon_core.environment:checking '/home/leoni/robotica/tarea/exam3/install/interface/bin'
[1.259s] INFO:colcon.colcon_core.shell:Creating package script '/home/leoni/robotica/tarea/exam3/install/interface/share/interface/package.ps1'
[1.259s] INFO:colcon.colcon_core.shell:Creating package descriptor '/home/leoni/robotica/tarea/exam3/install/interface/share/interface/package.dsv'
[1.260s] INFO:colcon.colcon_core.shell:Creating package script '/home/leoni/robotica/tarea/exam3/install/interface/share/interface/package.sh'
[1.261s] INFO:colcon.colcon_core.shell:Creating package script '/home/leoni/robotica/tarea/exam3/install/interface/share/interface/package.bash'
[1.262s] INFO:colcon.colcon_core.shell:Creating package script '/home/leoni/robotica/tarea/exam3/install/interface/share/interface/package.zsh'
[1.262s] Level 1:colcon.colcon_core.environment:create_file_with_runtime_dependencies(/home/leoni/robotica/tarea/exam3/install/interface/share/colcon-core/packages/interface)
[1.471s] DEBUG:colcon.colcon_core.event_handler.log_command:Invoking command in '/home/leoni/robotica/tarea/exam3/src/cliente': PYTHONPATH=/home/leoni/robotica/tarea/exam3/build/cliente/prefix_override:/usr/lib/python3/dist-packages/colcon_core/task/python/colcon_distutils_commands:/home/leoni/robotica/tarea/exam3/install/cliente/lib/python3.10/site-packages:${PYTHONPATH} /usr/bin/python3 -W ignore:setup.py install is deprecated -W ignore:easy_install command is deprecated setup.py egg_info --egg-base ../../build/cliente build --build-base /home/leoni/robotica/tarea/exam3/build/cliente/build install --record /home/leoni/robotica/tarea/exam3/build/cliente/install.log --single-version-externally-managed install_data
[1.472s] DEBUG:colcon.colcon_core.event_handler.log_command:Invoking command in '/home/leoni/robotica/tarea/exam3/src/servidor': PYTHONPATH=/home/leoni/robotica/tarea/exam3/build/servidor/prefix_override:/usr/lib/python3/dist-packages/colcon_core/task/python/colcon_distutils_commands:/home/leoni/robotica/tarea/exam3/install/servidor/lib/python3.10/site-packages:${PYTHONPATH} /usr/bin/python3 -W ignore:setup.py install is deprecated -W ignore:easy_install command is deprecated setup.py egg_info --egg-base ../../build/servidor build --build-base /home/leoni/robotica/tarea/exam3/build/servidor/build install --record /home/leoni/robotica/tarea/exam3/build/servidor/install.log --single-version-externally-managed install_data
[1.771s] Level 1:colcon.colcon_core.environment:checking '/home/leoni/robotica/tarea/exam3/install/cliente' for CMake module files
[1.772s] DEBUG:colcon.colcon_core.event_handler.log_command:Invoked command in '/home/leoni/robotica/tarea/exam3/src/cliente' returned '0': PYTHONPATH=/home/leoni/robotica/tarea/exam3/build/cliente/prefix_override:/usr/lib/python3/dist-packages/colcon_core/task/python/colcon_distutils_commands:/home/leoni/robotica/tarea/exam3/install/cliente/lib/python3.10/site-packages:${PYTHONPATH} /usr/bin/python3 -W ignore:setup.py install is deprecated -W ignore:easy_install command is deprecated setup.py egg_info --egg-base ../../build/cliente build --build-base /home/leoni/robotica/tarea/exam3/build/cliente/build install --record /home/leoni/robotica/tarea/exam3/build/cliente/install.log --single-version-externally-managed install_data
[1.772s] Level 1:colcon.colcon_core.environment:checking '/home/leoni/robotica/tarea/exam3/install/cliente' for CMake config files
[1.773s] Level 1:colcon.colcon_core.environment:checking '/home/leoni/robotica/tarea/exam3/install/cliente/lib'
[1.773s] Level 1:colcon.colcon_core.environment:checking '/home/leoni/robotica/tarea/exam3/install/cliente/bin'
[1.773s] Level 1:colcon.colcon_core.environment:checking '/home/leoni/robotica/tarea/exam3/install/cliente/lib/pkgconfig/cliente.pc'
[1.774s] Level 1:colcon.colcon_core.environment:checking '/home/leoni/robotica/tarea/exam3/install/cliente/lib/python3.10/site-packages'
[1.774s] Level 1:colcon.colcon_core.shell:create_environment_hook('cliente', 'pythonpath')
[1.774s] INFO:colcon.colcon_core.shell:Creating environment hook '/home/leoni/robotica/tarea/exam3/install/cliente/share/cliente/hook/pythonpath.ps1'
[1.774s] INFO:colcon.colcon_core.shell:Creating environment descriptor '/home/leoni/robotica/tarea/exam3/install/cliente/share/cliente/hook/pythonpath.dsv'
[1.775s] INFO:colcon.colcon_core.shell:Creating environment hook '/home/leoni/robotica/tarea/exam3/install/cliente/share/cliente/hook/pythonpath.sh'
[1.775s] Level 1:colcon.colcon_core.environment:checking '/home/leoni/robotica/tarea/exam3/install/cliente/bin'
[1.775s] Level 1:colcon.colcon_core.environment:create_environment_scripts_only(cliente)
[1.776s] INFO:colcon.colcon_core.shell:Creating package script '/home/leoni/robotica/tarea/exam3/install/cliente/share/cliente/package.ps1'
[1.776s] INFO:colcon.colcon_core.shell:Creating package descriptor '/home/leoni/robotica/tarea/exam3/install/cliente/share/cliente/package.dsv'
[1.777s] INFO:colcon.colcon_core.shell:Creating package script '/home/leoni/robotica/tarea/exam3/install/cliente/share/cliente/package.sh'
[1.777s] INFO:colcon.colcon_core.shell:Creating package script '/home/leoni/robotica/tarea/exam3/install/cliente/share/cliente/package.bash'
[1.778s] INFO:colcon.colcon_core.shell:Creating package script '/home/leoni/robotica/tarea/exam3/install/cliente/share/cliente/package.zsh'
[1.779s] Level 1:colcon.colcon_core.environment:create_file_with_runtime_dependencies(/home/leoni/robotica/tarea/exam3/install/cliente/share/colcon-core/packages/cliente)
[1.781s] Level 1:colcon.colcon_core.environment:checking '/home/leoni/robotica/tarea/exam3/install/servidor' for CMake module files
[1.782s] Level 1:colcon.colcon_core.environment:checking '/home/leoni/robotica/tarea/exam3/install/servidor' for CMake config files
[1.783s] DEBUG:colcon.colcon_core.event_handler.log_command:Invoked command in '/home/leoni/robotica/tarea/exam3/src/servidor' returned '0': PYTHONPATH=/home/leoni/robotica/tarea/exam3/build/servidor/prefix_override:/usr/lib/python3/dist-packages/colcon_core/task/python/colcon_distutils_commands:/home/leoni/robotica/tarea/exam3/install/servidor/lib/python3.10/site-packages:${PYTHONPATH} /usr/bin/python3 -W ignore:setup.py install is deprecated -W ignore:easy_install command is deprecated setup.py egg_info --egg-base ../../build/servidor build --build-base /home/leoni/robotica/tarea/exam3/build/servidor/build install --record /home/leoni/robotica/tarea/exam3/build/servidor/install.log --single-version-externally-managed install_data
[1.783s] Level 1:colcon.colcon_core.environment:checking '/home/leoni/robotica/tarea/exam3/install/servidor/lib'
[1.783s] Level 1:colcon.colcon_core.environment:checking '/home/leoni/robotica/tarea/exam3/install/servidor/bin'
[1.783s] Level 1:colcon.colcon_core.environment:checking '/home/leoni/robotica/tarea/exam3/install/servidor/lib/pkgconfig/servidor.pc'
[1.784s] Level 1:colcon.colcon_core.environment:checking '/home/leoni/robotica/tarea/exam3/install/servidor/lib/python3.10/site-packages'
[1.784s] Level 1:colcon.colcon_core.shell:create_environment_hook('servidor', 'pythonpath')
[1.784s] INFO:colcon.colcon_core.shell:Creating environment hook '/home/leoni/robotica/tarea/exam3/install/servidor/share/servidor/hook/pythonpath.ps1'
[1.785s] INFO:colcon.colcon_core.shell:Creating environment descriptor '/home/leoni/robotica/tarea/exam3/install/servidor/share/servidor/hook/pythonpath.dsv'
[1.785s] INFO:colcon.colcon_core.shell:Creating environment hook '/home/leoni/robotica/tarea/exam3/install/servidor/share/servidor/hook/pythonpath.sh'
[1.786s] Level 1:colcon.colcon_core.environment:checking '/home/leoni/robotica/tarea/exam3/install/servidor/bin'
[1.786s] Level 1:colcon.colcon_core.environment:create_environment_scripts_only(servidor)
[1.786s] INFO:colcon.colcon_core.shell:Creating package script '/home/leoni/robotica/tarea/exam3/install/servidor/share/servidor/package.ps1'
[1.786s] INFO:colcon.colcon_core.shell:Creating package descriptor '/home/leoni/robotica/tarea/exam3/install/servidor/share/servidor/package.dsv'
[1.787s] INFO:colcon.colcon_core.shell:Creating package script '/home/leoni/robotica/tarea/exam3/install/servidor/share/servidor/package.sh'
[1.787s] INFO:colcon.colcon_core.shell:Creating package script '/home/leoni/robotica/tarea/exam3/install/servidor/share/servidor/package.bash'
[1.788s] INFO:colcon.colcon_core.shell:Creating package script '/home/leoni/robotica/tarea/exam3/install/servidor/share/servidor/package.zsh'
[1.788s] Level 1:colcon.colcon_core.environment:create_file_with_runtime_dependencies(/home/leoni/robotica/tarea/exam3/install/servidor/share/colcon-core/packages/servidor)
[1.788s] DEBUG:colcon.colcon_parallel_executor.executor.parallel:closing loop
[1.789s] DEBUG:colcon.colcon_parallel_executor.executor.parallel:loop closed
[1.789s] DEBUG:colcon.colcon_parallel_executor.executor.parallel:run_until_complete finished with '0'
[1.789s] DEBUG:colcon.colcon_core.event_reactor:joining thread
[1.913s] INFO:colcon.colcon_core.plugin_system:Skipping extension 'colcon_notification.desktop_notification.notify_send': Could not find 'notify-send'
[1.914s] INFO:colcon.colcon_core.plugin_system:Skipping extension 'colcon_notification.desktop_notification.terminal_notifier': Not used on non-Darwin systems
[1.914s] INFO:colcon.colcon_core.plugin_system:Skipping extension 'colcon_notification.desktop_notification.win32': Not used on non-Windows systems
[1.914s] INFO:colcon.colcon_notification.desktop_notification:Sending desktop notification using 'notify2'
[1.917s] DEBUG:colcon.colcon_notification.desktop_notification.notify2:Failed to initialize notify2: org.freedesktop.DBus.Error.ServiceUnknown: The name org.freedesktop.Notifications was not provided by any .service files
[1.918s] DEBUG:colcon.colcon_core.event_reactor:joined thread
[1.918s] INFO:colcon.colcon_core.shell:Creating prefix script '/home/leoni/robotica/tarea/exam3/install/local_setup.ps1'
[1.921s] INFO:colcon.colcon_core.shell:Creating prefix util module '/home/leoni/robotica/tarea/exam3/install/_local_setup_util_ps1.py'
[1.924s] INFO:colcon.colcon_core.shell:Creating prefix chain script '/home/leoni/robotica/tarea/exam3/install/setup.ps1'
[1.926s] INFO:colcon.colcon_core.shell:Creating prefix script '/home/leoni/robotica/tarea/exam3/install/local_setup.sh'
[1.927s] INFO:colcon.colcon_core.shell:Creating prefix util module '/home/leoni/robotica/tarea/exam3/install/_local_setup_util_sh.py'
[1.929s] INFO:colcon.colcon_core.shell:Creating prefix chain script '/home/leoni/robotica/tarea/exam3/install/setup.sh'
[1.930s] INFO:colcon.colcon_core.shell:Creating prefix script '/home/leoni/robotica/tarea/exam3/install/local_setup.bash'
[1.930s] INFO:colcon.colcon_core.shell:Creating prefix chain script '/home/leoni/robotica/tarea/exam3/install/setup.bash'
[1.931s] INFO:colcon.colcon_core.shell:Creating prefix script '/home/leoni/robotica/tarea/exam3/install/local_setup.zsh'
[1.932s] INFO:colcon.colcon_core.shell:Creating prefix chain script '/home/leoni/robotica/tarea/exam3/install/setup.zsh'
