[0.365s] Invoking command in '/home/leoni/robotica/practica2/src/eje2': PYTHONPATH=/home/leoni/robotica/practica2/build/eje2/prefix_override:/usr/lib/python3/dist-packages/colcon_core/task/python/colcon_distutils_commands:/home/leoni/robotica/practica2/install/eje2/lib/python3.10/site-packages:${PYTHONPATH} /usr/bin/python3 -W ignore:setup.py install is deprecated -W ignore:easy_install command is deprecated setup.py egg_info --egg-base ../../build/eje2 build --build-base /home/leoni/robotica/practica2/build/eje2/build install --record /home/leoni/robotica/practica2/build/eje2/install.log --single-version-externally-managed install_data
[0.511s] running egg_info
[0.511s] writing ../../build/eje2/eje2.egg-info/PKG-INFO
[0.512s] writing dependency_links to ../../build/eje2/eje2.egg-info/dependency_links.txt
[0.512s] writing entry points to ../../build/eje2/eje2.egg-info/entry_points.txt
[0.512s] writing requirements to ../../build/eje2/eje2.egg-info/requires.txt
[0.512s] writing top-level names to ../../build/eje2/eje2.egg-info/top_level.txt
[0.513s] reading manifest file '../../build/eje2/eje2.egg-info/SOURCES.txt'
[0.514s] writing manifest file '../../build/eje2/eje2.egg-info/SOURCES.txt'
[0.514s] running build
[0.514s] running build_py
[0.514s] running install
[0.514s] running install_lib
[0.515s] running install_data
[0.515s] running install_egg_info
[0.517s] removing '/home/leoni/robotica/practica2/install/eje2/lib/python3.10/site-packages/eje2-0.0.0-py3.10.egg-info' (and everything under it)
[0.517s] Copying ../../build/eje2/eje2.egg-info to /home/leoni/robotica/practica2/install/eje2/lib/python3.10/site-packages/eje2-0.0.0-py3.10.egg-info
[0.518s] running install_scripts
[0.533s] Installing nodo1 script to /home/leoni/robotica/practica2/install/eje2/lib/eje2
[0.533s] Installing nodo2 script to /home/leoni/robotica/practica2/install/eje2/lib/eje2
[0.533s] Installing sub script to /home/leoni/robotica/practica2/install/eje2/lib/eje2
[0.533s] writing list of installed files to '/home/leoni/robotica/practica2/build/eje2/install.log'
[0.554s] Invoked command in '/home/leoni/robotica/practica2/src/eje2' returned '0': PYTHONPATH=/home/leoni/robotica/practica2/build/eje2/prefix_override:/usr/lib/python3/dist-packages/colcon_core/task/python/colcon_distutils_commands:/home/leoni/robotica/practica2/install/eje2/lib/python3.10/site-packages:${PYTHONPATH} /usr/bin/python3 -W ignore:setup.py install is deprecated -W ignore:easy_install command is deprecated setup.py egg_info --egg-base ../../build/eje2 build --build-base /home/leoni/robotica/practica2/build/eje2/build install --record /home/leoni/robotica/practica2/build/eje2/install.log --single-version-externally-managed install_data
