[0.254s] DEBUG:colcon:Command line arguments: ['/usr/bin/colcon', 'build']
[0.254s] DEBUG:colcon:Parsed command line arguments: Namespace(log_base=None, log_level=None, verb_name='build', build_base='build', install_base='install', merge_install=False, symlink_install=False, test_result_base=None, continue_on_error=False, executor='parallel', parallel_workers=16, event_handlers=None, ignore_user_meta=False, metas=['./colcon.meta'], base_paths=['.'], packages_ignore=None, packages_ignore_regex=None, paths=None, packages_up_to=None, packages_up_to_regex=None, packages_above=None, packages_above_and_dependencies=None, packages_above_depth=None, packages_select_by_dep=None, packages_skip_by_dep=None, packages_skip_up_to=None, packages_select_build_failed=False, packages_skip_build_finished=False, packages_select_test_failures=False, packages_skip_test_passed=False, packages_select=None, packages_skip=None, packages_select_regex=None, packages_skip_regex=None, packages_start=None, packages_end=None, allow_overriding=[], cmake_args=None, cmake_target=None, cmake_target_skip_unavailable=False, cmake_clean_cache=False, cmake_clean_first=False, cmake_force_configure=False, ament_cmake_args=None, catkin_cmake_args=None, catkin_skip_building_tests=False, verb_parser=<colcon_defaults.argument_parser.defaults.DefaultArgumentsDecorator object at 0x7fd915ada560>, verb_extension=<colcon_core.verb.build.BuildVerb object at 0x7fd915ada050>, main=<bound method BuildVerb.main of <colcon_core.verb.build.BuildVerb object at 0x7fd915ada050>>)
[0.512s] Level 1:colcon.colcon_core.package_discovery:discover_packages(colcon_meta) check parameters
[0.512s] Level 1:colcon.colcon_core.package_discovery:discover_packages(recursive) check parameters
[0.512s] Level 1:colcon.colcon_core.package_discovery:discover_packages(ignore) check parameters
[0.512s] Level 1:colcon.colcon_core.package_discovery:discover_packages(path) check parameters
[0.512s] Level 1:colcon.colcon_core.package_discovery:discover_packages(colcon_meta) discover
[0.512s] Level 1:colcon.colcon_core.package_discovery:discover_packages(recursive) discover
[0.512s] INFO:colcon.colcon_core.package_discovery:Crawling recursively for packages in '/home/leoni/robotica/tarea/exam3'
[0.513s] Level 1:colcon.colcon_core.package_identification:_identify(.) by extensions ['ignore', 'ignore_ament_install']
[0.513s] Level 1:colcon.colcon_core.package_identification:_identify(.) by extension 'ignore'
[0.513s] Level 1:colcon.colcon_core.package_identification:_identify(.) by extension 'ignore_ament_install'
[0.513s] Level 1:colcon.colcon_core.package_identification:_identify(.) by extensions ['colcon_pkg']
[0.513s] Level 1:colcon.colcon_core.package_identification:_identify(.) by extension 'colcon_pkg'
[0.513s] Level 1:colcon.colcon_core.package_identification:_identify(.) by extensions ['colcon_meta']
[0.513s] Level 1:colcon.colcon_core.package_identification:_identify(.) by extension 'colcon_meta'
[0.513s] Level 1:colcon.colcon_core.package_identification:_identify(.) by extensions ['ros']
[0.513s] Level 1:colcon.colcon_core.package_identification:_identify(.) by extension 'ros'
[0.526s] Level 1:colcon.colcon_core.package_identification:_identify(.) by extensions ['cmake', 'python']
[0.526s] Level 1:colcon.colcon_core.package_identification:_identify(.) by extension 'cmake'
[0.526s] Level 1:colcon.colcon_core.package_identification:_identify(.) by extension 'python'
[0.526s] Level 1:colcon.colcon_core.package_identification:_identify(.) by extensions ['python_setup_py']
[0.526s] Level 1:colcon.colcon_core.package_identification:_identify(.) by extension 'python_setup_py'
[0.526s] Level 1:colcon.colcon_core.package_identification:_identify(build) by extensions ['ignore', 'ignore_ament_install']
[0.526s] Level 1:colcon.colcon_core.package_identification:_identify(build) by extension 'ignore'
[0.526s] Level 1:colcon.colcon_core.package_identification:_identify(build) ignored
[0.527s] Level 1:colcon.colcon_core.package_identification:_identify(install) by extensions ['ignore', 'ignore_ament_install']
[0.527s] Level 1:colcon.colcon_core.package_identification:_identify(install) by extension 'ignore'
[0.527s] Level 1:colcon.colcon_core.package_identification:_identify(install) ignored
[0.527s] Level 1:colcon.colcon_core.package_identification:_identify(log) by extensions ['ignore', 'ignore_ament_install']
[0.527s] Level 1:colcon.colcon_core.package_identification:_identify(log) by extension 'ignore'
[0.527s] Level 1:colcon.colcon_core.package_identification:_identify(log) ignored
[0.527s] Level 1:colcon.colcon_core.package_identification:_identify(src) by extensions ['ignore', 'ignore_ament_install']
[0.527s] Level 1:colcon.colcon_core.package_identification:_identify(src) by extension 'ignore'
[0.527s] Level 1:colcon.colcon_core.package_identification:_identify(src) by extension 'ignore_ament_install'
[0.527s] Level 1:colcon.colcon_core.package_identification:_identify(src) by extensions ['colcon_pkg']
[0.527s] Level 1:colcon.colcon_core.package_identification:_identify(src) by extension 'colcon_pkg'
[0.528s] Level 1:colcon.colcon_core.package_identification:_identify(src) by extensions ['colcon_meta']
[0.528s] Level 1:colcon.colcon_core.package_identification:_identify(src) by extension 'colcon_meta'
[0.528s] Level 1:colcon.colcon_core.package_identification:_identify(src) by extensions ['ros']
[0.528s] Level 1:colcon.colcon_core.package_identification:_identify(src) by extension 'ros'
[0.528s] Level 1:colcon.colcon_core.package_identification:_identify(src) by extensions ['cmake', 'python']
[0.528s] Level 1:colcon.colcon_core.package_identification:_identify(src) by extension 'cmake'
[0.528s] Level 1:colcon.colcon_core.package_identification:_identify(src) by extension 'python'
[0.528s] Level 1:colcon.colcon_core.package_identification:_identify(src) by extensions ['python_setup_py']
[0.528s] Level 1:colcon.colcon_core.package_identification:_identify(src) by extension 'python_setup_py'
[0.528s] Level 1:colcon.colcon_core.package_identification:_identify(src/cliente) by extensions ['ignore', 'ignore_ament_install']
[0.528s] Level 1:colcon.colcon_core.package_identification:_identify(src/cliente) by extension 'ignore'
[0.528s] Level 1:colcon.colcon_core.package_identification:_identify(src/cliente) by extension 'ignore_ament_install'
[0.528s] Level 1:colcon.colcon_core.package_identification:_identify(src/cliente) by extensions ['colcon_pkg']
[0.528s] Level 1:colcon.colcon_core.package_identification:_identify(src/cliente) by extension 'colcon_pkg'
[0.528s] Level 1:colcon.colcon_core.package_identification:_identify(src/cliente) by extensions ['colcon_meta']
[0.528s] Level 1:colcon.colcon_core.package_identification:_identify(src/cliente) by extension 'colcon_meta'
[0.528s] Level 1:colcon.colcon_core.package_identification:_identify(src/cliente) by extensions ['ros']
[0.528s] Level 1:colcon.colcon_core.package_identification:_identify(src/cliente) by extension 'ros'
[0.531s] DEBUG:colcon.colcon_core.package_identification:Package 'src/cliente' with type 'ros.ament_python' and name 'cliente'
[0.532s] Level 1:colcon.colcon_core.package_identification:_identify(src/interface) by extensions ['ignore', 'ignore_ament_install']
[0.532s] Level 1:colcon.colcon_core.package_identification:_identify(src/interface) by extension 'ignore'
[0.532s] Level 1:colcon.colcon_core.package_identification:_identify(src/interface) by extension 'ignore_ament_install'
[0.532s] Level 1:colcon.colcon_core.package_identification:_identify(src/interface) by extensions ['colcon_pkg']
[0.532s] Level 1:colcon.colcon_core.package_identification:_identify(src/interface) by extension 'colcon_pkg'
[0.532s] Level 1:colcon.colcon_core.package_identification:_identify(src/interface) by extensions ['colcon_meta']
[0.532s] Level 1:colcon.colcon_core.package_identification:_identify(src/interface) by extension 'colcon_meta'
[0.532s] Level 1:colcon.colcon_core.package_identification:_identify(src/interface) by extensions ['ros']
[0.532s] Level 1:colcon.colcon_core.package_identification:_identify(src/interface) by extension 'ros'
[0.533s] DEBUG:colcon.colcon_core.package_identification:Package 'src/interface' with type 'ros.ament_cmake' and name 'interface'
[0.533s] Level 1:colcon.colcon_core.package_identification:_identify(src/servidor) by extensions ['ignore', 'ignore_ament_install']
[0.533s] Level 1:colcon.colcon_core.package_identification:_identify(src/servidor) by extension 'ignore'
[0.533s] Level 1:colcon.colcon_core.package_identification:_identify(src/servidor) by extension 'ignore_ament_install'
[0.533s] Level 1:colcon.colcon_core.package_identification:_identify(src/servidor) by extensions ['colcon_pkg']
[0.533s] Level 1:colcon.colcon_core.package_identification:_identify(src/servidor) by extension 'colcon_pkg'
[0.533s] Level 1:colcon.colcon_core.package_identification:_identify(src/servidor) by extensions ['colcon_meta']
[0.533s] Level 1:colcon.colcon_core.package_identification:_identify(src/servidor) by extension 'colcon_meta'
[0.533s] Level 1:colcon.colcon_core.package_identification:_identify(src/servidor) by extensions ['ros']
[0.533s] Level 1:colcon.colcon_core.package_identification:_identify(src/servidor) by extension 'ros'
[0.534s] DEBUG:colcon.colcon_core.package_identification:Package 'src/servidor' with type 'ros.ament_python' and name 'servidor'
[0.534s] Level 1:colcon.colcon_core.package_discovery:discover_packages(recursive) using defaults
[0.534s] Level 1:colcon.colcon_core.package_discovery:discover_packages(ignore) discover
[0.534s] Level 1:colcon.colcon_core.package_discovery:discover_packages(ignore) using defaults
[0.534s] Level 1:colcon.colcon_core.package_discovery:discover_packages(path) discover
[0.534s] Level 1:colcon.colcon_core.package_discovery:discover_packages(path) using defaults
[0.562s] Level 1:colcon.colcon_core.package_discovery:discover_packages(prefix_path) check parameters
[0.562s] Level 1:colcon.colcon_core.package_discovery:discover_packages(prefix_path) discover
[0.567s] DEBUG:colcon.colcon_installed_package_information.package_discovery:Found 272 installed packages in /opt/ros/humble
[0.568s] Level 1:colcon.colcon_core.package_discovery:discover_packages(prefix_path) using defaults
[0.644s] Level 5:colcon.colcon_core.verb:set package 'cliente' build argument 'cmake_args' from command line to 'None'
[0.644s] Level 5:colcon.colcon_core.verb:set package 'cliente' build argument 'cmake_target' from command line to 'None'
[0.645s] Level 5:colcon.colcon_core.verb:set package 'cliente' build argument 'cmake_target_skip_unavailable' from command line to 'False'
[0.645s] Level 5:colcon.colcon_core.verb:set package 'cliente' build argument 'cmake_clean_cache' from command line to 'False'
[0.645s] Level 5:colcon.colcon_core.verb:set package 'cliente' build argument 'cmake_clean_first' from command line to 'False'
[0.645s] Level 5:colcon.colcon_core.verb:set package 'cliente' build argument 'cmake_force_configure' from command line to 'False'
[0.645s] Level 5:colcon.colcon_core.verb:set package 'cliente' build argument 'ament_cmake_args' from command line to 'None'
[0.645s] Level 5:colcon.colcon_core.verb:set package 'cliente' build argument 'catkin_cmake_args' from command line to 'None'
[0.645s] Level 5:colcon.colcon_core.verb:set package 'cliente' build argument 'catkin_skip_building_tests' from command line to 'False'
[0.645s] DEBUG:colcon.colcon_core.verb:Building package 'cliente' with the following arguments: {'ament_cmake_args': None, 'build_base': '/home/leoni/robotica/tarea/exam3/build/cliente', 'catkin_cmake_args': None, 'catkin_skip_building_tests': False, 'cmake_args': None, 'cmake_clean_cache': False, 'cmake_clean_first': False, 'cmake_force_configure': False, 'cmake_target': None, 'cmake_target_skip_unavailable': False, 'install_base': '/home/leoni/robotica/tarea/exam3/install/cliente', 'merge_install': False, 'path': '/home/leoni/robotica/tarea/exam3/src/cliente', 'symlink_install': False, 'test_result_base': None}
[0.645s] Level 5:colcon.colcon_core.verb:set package 'interface' build argument 'cmake_args' from command line to 'None'
[0.645s] Level 5:colcon.colcon_core.verb:set package 'interface' build argument 'cmake_target' from command line to 'None'
[0.645s] Level 5:colcon.colcon_core.verb:set package 'interface' build argument 'cmake_target_skip_unavailable' from command line to 'False'
[0.645s] Level 5:colcon.colcon_core.verb:set package 'interface' build argument 'cmake_clean_cache' from command line to 'False'
[0.645s] Level 5:colcon.colcon_core.verb:set package 'interface' build argument 'cmake_clean_first' from command line to 'False'
[0.645s] Level 5:colcon.colcon_core.verb:set package 'interface' build argument 'cmake_force_configure' from command line to 'False'
[0.645s] Level 5:colcon.colcon_core.verb:set package 'interface' build argument 'ament_cmake_args' from command line to 'None'
[0.645s] Level 5:colcon.colcon_core.verb:set package 'interface' build argument 'catkin_cmake_args' from command line to 'None'
[0.645s] Level 5:colcon.colcon_core.verb:set package 'interface' build argument 'catkin_skip_building_tests' from command line to 'False'
[0.645s] DEBUG:colcon.colcon_core.verb:Building package 'interface' with the following arguments: {'ament_cmake_args': None, 'build_base': '/home/leoni/robotica/tarea/exam3/build/interface', 'catkin_cmake_args': None, 'catkin_skip_building_tests': False, 'cmake_args': None, 'cmake_clean_cache': False, 'cmake_clean_first': False, 'cmake_force_configure': False, 'cmake_target': None, 'cmake_target_skip_unavailable': False, 'install_base': '/home/leoni/robotica/tarea/exam3/install/interface', 'merge_install': False, 'path': '/home/leoni/robotica/tarea/exam3/src/interface', 'symlink_install': False, 'test_result_base': None}
[0.645s] Level 5:colcon.colcon_core.verb:set package 'servidor' build argument 'cmake_args' from command line to 'None'
[0.646s] Level 5:colcon.colcon_core.verb:set package 'servidor' build argument 'cmake_target' from command line to 'None'
[0.646s] Level 5:colcon.colcon_core.verb:set package 'servidor' build argument 'cmake_target_skip_unavailable' from command line to 'False'
[0.646s] Level 5:colcon.colcon_core.verb:set package 'servidor' build argument 'cmake_clean_cache' from command line to 'False'
[0.646s] Level 5:colcon.colcon_core.verb:set package 'servidor' build argument 'cmake_clean_first' from command line to 'False'
[0.646s] Level 5:colcon.colcon_core.verb:set package 'servidor' build argument 'cmake_force_configure' from command line to 'False'
[0.646s] Level 5:colcon.colcon_core.verb:set package 'servidor' build argument 'ament_cmake_args' from command line to 'None'
[0.646s] Level 5:colcon.colcon_core.verb:set package 'servidor' build argument 'catkin_cmake_args' from command line to 'None'
[0.646s] Level 5:colcon.colcon_core.verb:set package 'servidor' build argument 'catkin_skip_building_tests' from command line to 'False'
[0.646s] DEBUG:colcon.colcon_core.verb:Building package 'servidor' with the following arguments: {'ament_cmake_args': None, 'build_base': '/home/leoni/robotica/tarea/exam3/build/servidor', 'catkin_cmake_args': None, 'catkin_skip_building_tests': False, 'cmake_args': None, 'cmake_clean_cache': False, 'cmake_clean_first': False, 'cmake_force_configure': False, 'cmake_target': None, 'cmake_target_skip_unavailable': False, 'install_base': '/home/leoni/robotica/tarea/exam3/install/servidor', 'merge_install': False, 'path': '/home/leoni/robotica/tarea/exam3/src/servidor', 'symlink_install': False, 'test_result_base': None}
[0.646s] INFO:colcon.colcon_core.executor:Executing jobs using 'parallel' executor
[0.647s] DEBUG:colcon.colcon_parallel_executor.executor.parallel:run_until_complete
[0.648s] INFO:colcon.colcon_ros.task.ament_python.build:Building ROS package in '/home/leoni/robotica/tarea/exam3/src/cliente' with build type 'ament_python'
[0.648s] Level 1:colcon.colcon_core.shell:create_environment_hook('cliente', 'ament_prefix_path')
[0.654s] INFO:colcon.colcon_core.plugin_system:Skipping extension 'colcon_core.shell.bat': Not used on non-Windows systems
[0.654s] INFO:colcon.colcon_core.shell:Creating environment hook '/home/leoni/robotica/tarea/exam3/install/cliente/share/cliente/hook/ament_prefix_path.ps1'
[0.656s] INFO:colcon.colcon_core.shell:Creating environment descriptor '/home/leoni/robotica/tarea/exam3/install/cliente/share/cliente/hook/ament_prefix_path.dsv'
[0.656s] INFO:colcon.colcon_core.shell:Creating environment hook '/home/leoni/robotica/tarea/exam3/install/cliente/share/cliente/hook/ament_prefix_path.sh'
[0.658s] INFO:colcon.colcon_core.shell:Skip shell extension 'powershell' for command environment: Not usable outside of PowerShell
[0.658s] DEBUG:colcon.colcon_core.shell:Skip shell extension 'dsv' for command environment
[0.663s] INFO:colcon.colcon_ros.task.ament_cmake.build:Building ROS package in '/home/leoni/robotica/tarea/exam3/src/interface' with build type 'ament_cmake'
[0.663s] INFO:colcon.colcon_cmake.task.cmake.build:Building CMake package in '/home/leoni/robotica/tarea/exam3/src/interface'
[0.664s] INFO:colcon.colcon_core.shell:Skip shell extension 'powershell' for command environment: Not usable outside of PowerShell
[0.664s] DEBUG:colcon.colcon_core.shell:Skip shell extension 'dsv' for command environment
[0.667s] INFO:colcon.colcon_ros.task.ament_python.build:Building ROS package in '/home/leoni/robotica/tarea/exam3/src/servidor' with build type 'ament_python'
[0.668s] Level 1:colcon.colcon_core.shell:create_environment_hook('servidor', 'ament_prefix_path')
[0.668s] INFO:colcon.colcon_core.shell:Creating environment hook '/home/leoni/robotica/tarea/exam3/install/servidor/share/servidor/hook/ament_prefix_path.ps1'
[0.669s] INFO:colcon.colcon_core.shell:Creating environment descriptor '/home/leoni/robotica/tarea/exam3/install/servidor/share/servidor/hook/ament_prefix_path.dsv'
[0.669s] INFO:colcon.colcon_core.shell:Creating environment hook '/home/leoni/robotica/tarea/exam3/install/servidor/share/servidor/hook/ament_prefix_path.sh'
[0.670s] INFO:colcon.colcon_core.shell:Skip shell extension 'powershell' for command environment: Not usable outside of PowerShell
[0.670s] DEBUG:colcon.colcon_core.shell:Skip shell extension 'dsv' for command environment
[0.876s] INFO:colcon.colcon_core.task.python.build:Building Python package in '/home/leoni/robotica/tarea/exam3/src/cliente'
[0.876s] INFO:colcon.colcon_core.shell:Skip shell extension 'powershell' for command environment: Not usable outside of PowerShell
[0.876s] DEBUG:colcon.colcon_core.shell:Skip shell extension 'dsv' for command environment
[0.882s] DEBUG:colcon.colcon_core.event_handler.log_command:Invoking command in '/home/leoni/robotica/tarea/exam3/build/interface': CMAKE_PREFIX_PATH=/opt/ros/humble /usr/bin/cmake --build /home/leoni/robotica/tarea/exam3/build/interface -- -j16 -l16
[1.124s] INFO:colcon.colcon_core.task.python.build:Building Python package in '/home/leoni/robotica/tarea/exam3/src/servidor'
[1.125s] INFO:colcon.colcon_core.shell:Skip shell extension 'powershell' for command environment: Not usable outside of PowerShell
[1.125s] DEBUG:colcon.colcon_core.shell:Skip shell extension 'dsv' for command environment
[1.342s] DEBUG:colcon.colcon_core.event_handler.log_command:Invoked command in '/home/leoni/robotica/tarea/exam3/build/interface' returned '0': CMAKE_PREFIX_PATH=/opt/ros/humble /usr/bin/cmake --build /home/leoni/robotica/tarea/exam3/build/interface -- -j16 -l16
[1.352s] DEBUG:colcon.colcon_core.event_handler.log_command:Invoking command in '/home/leoni/robotica/tarea/exam3/build/interface': CMAKE_PREFIX_PATH=/opt/ros/humble /usr/bin/cmake --install /home/leoni/robotica/tarea/exam3/build/interface
[1.429s] Level 1:colcon.colcon_core.environment:create_environment_scripts_only(interface)
[1.429s] DEBUG:colcon.colcon_core.event_handler.log_command:Invoked command in '/home/leoni/robotica/tarea/exam3/build/interface' returned '0': CMAKE_PREFIX_PATH=/opt/ros/humble /usr/bin/cmake --install /home/leoni/robotica/tarea/exam3/build/interface
[1.436s] Level 1:colcon.colcon_core.environment:checking '/home/leoni/robotica/tarea/exam3/install/interface' for CMake module files
[1.436s] Level 1:colcon.colcon_core.environment:checking '/home/leoni/robotica/tarea/exam3/install/interface' for CMake config files
[1.438s] Level 1:colcon.colcon_core.shell:create_environment_hook('interface', 'cmake_prefix_path')
[1.438s] INFO:colcon.colcon_core.shell:Creating environment hook '/home/leoni/robotica/tarea/exam3/install/interface/share/interface/hook/cmake_prefix_path.ps1'
[1.439s] INFO:colcon.colcon_core.shell:Creating environment descriptor '/home/leoni/robotica/tarea/exam3/install/interface/share/interface/hook/cmake_prefix_path.dsv'
[1.439s] INFO:colcon.colcon_core.shell:Creating environment hook '/home/leoni/robotica/tarea/exam3/install/interface/share/interface/hook/cmake_prefix_path.sh'
[1.440s] Level 1:colcon.colcon_core.environment:checking '/home/leoni/robotica/tarea/exam3/install/interface/lib'
[1.440s] Level 1:colcon.colcon_core.shell:create_environment_hook('interface', 'ld_library_path_lib')
[1.441s] INFO:colcon.colcon_core.shell:Creating environment hook '/home/leoni/robotica/tarea/exam3/install/interface/share/interface/hook/ld_library_path_lib.ps1'
[1.441s] INFO:colcon.colcon_core.shell:Creating environment descriptor '/home/leoni/robotica/tarea/exam3/install/interface/share/interface/hook/ld_library_path_lib.dsv'
[1.442s] INFO:colcon.colcon_core.shell:Creating environment hook '/home/leoni/robotica/tarea/exam3/install/interface/share/interface/hook/ld_library_path_lib.sh'
[1.442s] Level 1:colcon.colcon_core.environment:checking '/home/leoni/robotica/tarea/exam3/install/interface/bin'
[1.442s] Level 1:colcon.colcon_core.environment:checking '/home/leoni/robotica/tarea/exam3/install/interface/lib/pkgconfig/interface.pc'
[1.443s] Level 1:colcon.colcon_core.environment:checking '/home/leoni/robotica/tarea/exam3/install/interface/lib/python3.10/site-packages'
[1.443s] Level 1:colcon.colcon_core.environment:checking '/home/leoni/robotica/tarea/exam3/install/interface/bin'
[1.443s] INFO:colcon.colcon_core.shell:Creating package script '/home/leoni/robotica/tarea/exam3/install/interface/share/interface/package.ps1'
[1.444s] INFO:colcon.colcon_core.shell:Creating package descriptor '/home/leoni/robotica/tarea/exam3/install/interface/share/interface/package.dsv'
[1.445s] INFO:colcon.colcon_core.shell:Creating package script '/home/leoni/robotica/tarea/exam3/install/interface/share/interface/package.sh'
[1.447s] INFO:colcon.colcon_core.shell:Creating package script '/home/leoni/robotica/tarea/exam3/install/interface/share/interface/package.bash'
[1.449s] INFO:colcon.colcon_core.shell:Creating package script '/home/leoni/robotica/tarea/exam3/install/interface/share/interface/package.zsh'
[1.451s] Level 1:colcon.colcon_core.environment:create_file_with_runtime_dependencies(/home/leoni/robotica/tarea/exam3/install/interface/share/colcon-core/packages/interface)
[1.452s] Level 1:colcon.colcon_core.environment:create_environment_scripts_only(interface)
[1.452s] Level 1:colcon.colcon_core.environment:checking '/home/leoni/robotica/tarea/exam3/install/interface' for CMake module files
[1.453s] Level 1:colcon.colcon_core.environment:checking '/home/leoni/robotica/tarea/exam3/install/interface' for CMake config files
[1.453s] Level 1:colcon.colcon_core.shell:create_environment_hook('interface', 'cmake_prefix_path')
[1.453s] INFO:colcon.colcon_core.shell:Creating environment hook '/home/leoni/robotica/tarea/exam3/install/interface/share/interface/hook/cmake_prefix_path.ps1'
[1.453s] INFO:colcon.colcon_core.shell:Creating environment descriptor '/home/leoni/robotica/tarea/exam3/install/interface/share/interface/hook/cmake_prefix_path.dsv'
[1.454s] INFO:colcon.colcon_core.shell:Creating environment hook '/home/leoni/robotica/tarea/exam3/install/interface/share/interface/hook/cmake_prefix_path.sh'
[1.454s] Level 1:colcon.colcon_core.environment:checking '/home/leoni/robotica/tarea/exam3/install/interface/lib'
[1.455s] Level 1:colcon.colcon_core.shell:create_environment_hook('interface', 'ld_library_path_lib')
[1.455s] INFO:colcon.colcon_core.shell:Creating environment hook '/home/leoni/robotica/tarea/exam3/install/interface/share/interface/hook/ld_library_path_lib.ps1'
[1.455s] INFO:colcon.colcon_core.shell:Creating environment descriptor '/home/leoni/robotica/tarea/exam3/install/interface/share/interface/hook/ld_library_path_lib.dsv'
[1.456s] INFO:colcon.colcon_core.shell:Creating environment hook '/home/leoni/robotica/tarea/exam3/install/interface/share/interface/hook/ld_library_path_lib.sh'
[1.456s] Level 1:colcon.colcon_core.environment:checking '/home/leoni/robotica/tarea/exam3/install/interface/bin'
[1.456s] Level 1:colcon.colcon_core.environment:checking '/home/leoni/robotica/tarea/exam3/install/interface/lib/pkgconfig/interface.pc'
[1.457s] Level 1:colcon.colcon_core.environment:checking '/home/leoni/robotica/tarea/exam3/install/interface/lib/python3.10/site-packages'
[1.457s] Level 1:colcon.colcon_core.environment:checking '/home/leoni/robotica/tarea/exam3/install/interface/bin'
[1.457s] INFO:colcon.colcon_core.shell:Creating package script '/home/leoni/robotica/tarea/exam3/install/interface/share/interface/package.ps1'
[1.458s] INFO:colcon.colcon_core.shell:Creating package descriptor '/home/leoni/robotica/tarea/exam3/install/interface/share/interface/package.dsv'
[1.458s] INFO:colcon.colcon_core.shell:Creating package script '/home/leoni/robotica/tarea/exam3/install/interface/share/interface/package.sh'
[1.459s] INFO:colcon.colcon_core.shell:Creating package script '/home/leoni/robotica/tarea/exam3/install/interface/share/interface/package.bash'
[1.460s] INFO:colcon.colcon_core.shell:Creating package script '/home/leoni/robotica/tarea/exam3/install/interface/share/interface/package.zsh'
[1.460s] Level 1:colcon.colcon_core.environment:create_file_with_runtime_dependencies(/home/leoni/robotica/tarea/exam3/install/interface/share/colcon-core/packages/interface)
[1.651s] DEBUG:colcon.colcon_core.event_handler.log_command:Invoking command in '/home/leoni/robotica/tarea/exam3/src/servidor': PYTHONPATH=/home/leoni/robotica/tarea/exam3/build/servidor/prefix_override:/usr/lib/python3/dist-packages/colcon_core/task/python/colcon_distutils_commands:/home/leoni/robotica/tarea/exam3/install/servidor/lib/python3.10/site-packages:${PYTHONPATH} /usr/bin/python3 -W ignore:setup.py install is deprecated -W ignore:easy_install command is deprecated setup.py egg_info --egg-base ../../build/servidor build --build-base /home/leoni/robotica/tarea/exam3/build/servidor/build install --record /home/leoni/robotica/tarea/exam3/build/servidor/install.log --single-version-externally-managed install_data
[1.652s] DEBUG:colcon.colcon_core.event_handler.log_command:Invoking command in '/home/leoni/robotica/tarea/exam3/src/cliente': PYTHONPATH=/home/leoni/robotica/tarea/exam3/build/cliente/prefix_override:/usr/lib/python3/dist-packages/colcon_core/task/python/colcon_distutils_commands:/home/leoni/robotica/tarea/exam3/install/cliente/lib/python3.10/site-packages:${PYTHONPATH} /usr/bin/python3 -W ignore:setup.py install is deprecated -W ignore:easy_install command is deprecated setup.py egg_info --egg-base ../../build/cliente build --build-base /home/leoni/robotica/tarea/exam3/build/cliente/build install --record /home/leoni/robotica/tarea/exam3/build/cliente/install.log --single-version-externally-managed install_data
[1.905s] Level 1:colcon.colcon_core.environment:checking '/home/leoni/robotica/tarea/exam3/install/cliente' for CMake module files
[1.905s] DEBUG:colcon.colcon_core.event_handler.log_command:Invoked command in '/home/leoni/robotica/tarea/exam3/src/cliente' returned '0': PYTHONPATH=/home/leoni/robotica/tarea/exam3/build/cliente/prefix_override:/usr/lib/python3/dist-packages/colcon_core/task/python/colcon_distutils_commands:/home/leoni/robotica/tarea/exam3/install/cliente/lib/python3.10/site-packages:${PYTHONPATH} /usr/bin/python3 -W ignore:setup.py install is deprecated -W ignore:easy_install command is deprecated setup.py egg_info --egg-base ../../build/cliente build --build-base /home/leoni/robotica/tarea/exam3/build/cliente/build install --record /home/leoni/robotica/tarea/exam3/build/cliente/install.log --single-version-externally-managed install_data
[1.906s] Level 1:colcon.colcon_core.environment:checking '/home/leoni/robotica/tarea/exam3/install/cliente' for CMake config files
[1.909s] Level 1:colcon.colcon_core.environment:checking '/home/leoni/robotica/tarea/exam3/install/cliente/lib'
[1.909s] Level 1:colcon.colcon_core.environment:checking '/home/leoni/robotica/tarea/exam3/install/cliente/bin'
[1.909s] Level 1:colcon.colcon_core.environment:checking '/home/leoni/robotica/tarea/exam3/install/cliente/lib/pkgconfig/cliente.pc'
[1.909s] Level 1:colcon.colcon_core.environment:checking '/home/leoni/robotica/tarea/exam3/install/cliente/lib/python3.10/site-packages'
[1.909s] Level 1:colcon.colcon_core.shell:create_environment_hook('cliente', 'pythonpath')
[1.909s] INFO:colcon.colcon_core.shell:Creating environment hook '/home/leoni/robotica/tarea/exam3/install/cliente/share/cliente/hook/pythonpath.ps1'
[1.910s] INFO:colcon.colcon_core.shell:Creating environment descriptor '/home/leoni/robotica/tarea/exam3/install/cliente/share/cliente/hook/pythonpath.dsv'
[1.910s] INFO:colcon.colcon_core.shell:Creating environment hook '/home/leoni/robotica/tarea/exam3/install/cliente/share/cliente/hook/pythonpath.sh'
[1.910s] Level 1:colcon.colcon_core.environment:checking '/home/leoni/robotica/tarea/exam3/install/cliente/bin'
[1.910s] Level 1:colcon.colcon_core.environment:create_environment_scripts_only(cliente)
[1.911s] INFO:colcon.colcon_core.shell:Creating package script '/home/leoni/robotica/tarea/exam3/install/cliente/share/cliente/package.ps1'
[1.911s] INFO:colcon.colcon_core.shell:Creating package descriptor '/home/leoni/robotica/tarea/exam3/install/cliente/share/cliente/package.dsv'
[1.911s] INFO:colcon.colcon_core.shell:Creating package script '/home/leoni/robotica/tarea/exam3/install/cliente/share/cliente/package.sh'
[1.912s] INFO:colcon.colcon_core.shell:Creating package script '/home/leoni/robotica/tarea/exam3/install/cliente/share/cliente/package.bash'
[1.912s] INFO:colcon.colcon_core.shell:Creating package script '/home/leoni/robotica/tarea/exam3/install/cliente/share/cliente/package.zsh'
[1.913s] Level 1:colcon.colcon_core.environment:create_file_with_runtime_dependencies(/home/leoni/robotica/tarea/exam3/install/cliente/share/colcon-core/packages/cliente)
[1.915s] Level 1:colcon.colcon_core.environment:checking '/home/leoni/robotica/tarea/exam3/install/servidor' for CMake module files
[1.916s] Level 1:colcon.colcon_core.environment:checking '/home/leoni/robotica/tarea/exam3/install/servidor' for CMake config files
[1.916s] DEBUG:colcon.colcon_core.event_handler.log_command:Invoked command in '/home/leoni/robotica/tarea/exam3/src/servidor' returned '0': PYTHONPATH=/home/leoni/robotica/tarea/exam3/build/servidor/prefix_override:/usr/lib/python3/dist-packages/colcon_core/task/python/colcon_distutils_commands:/home/leoni/robotica/tarea/exam3/install/servidor/lib/python3.10/site-packages:${PYTHONPATH} /usr/bin/python3 -W ignore:setup.py install is deprecated -W ignore:easy_install command is deprecated setup.py egg_info --egg-base ../../build/servidor build --build-base /home/leoni/robotica/tarea/exam3/build/servidor/build install --record /home/leoni/robotica/tarea/exam3/build/servidor/install.log --single-version-externally-managed install_data
[1.919s] Level 1:colcon.colcon_core.environment:checking '/home/leoni/robotica/tarea/exam3/install/servidor/lib'
[1.920s] Level 1:colcon.colcon_core.environment:checking '/home/leoni/robotica/tarea/exam3/install/servidor/bin'
[1.920s] Level 1:colcon.colcon_core.environment:checking '/home/leoni/robotica/tarea/exam3/install/servidor/lib/pkgconfig/servidor.pc'
[1.920s] Level 1:colcon.colcon_core.environment:checking '/home/leoni/robotica/tarea/exam3/install/servidor/lib/python3.10/site-packages'
[1.920s] Level 1:colcon.colcon_core.shell:create_environment_hook('servidor', 'pythonpath')
[1.921s] INFO:colcon.colcon_core.shell:Creating environment hook '/home/leoni/robotica/tarea/exam3/install/servidor/share/servidor/hook/pythonpath.ps1'
[1.921s] INFO:colcon.colcon_core.shell:Creating environment descriptor '/home/leoni/robotica/tarea/exam3/install/servidor/share/servidor/hook/pythonpath.dsv'
[1.922s] INFO:colcon.colcon_core.shell:Creating environment hook '/home/leoni/robotica/tarea/exam3/install/servidor/share/servidor/hook/pythonpath.sh'
[1.922s] Level 1:colcon.colcon_core.environment:checking '/home/leoni/robotica/tarea/exam3/install/servidor/bin'
[1.922s] Level 1:colcon.colcon_core.environment:create_environment_scripts_only(servidor)
[1.923s] INFO:colcon.colcon_core.shell:Creating package script '/home/leoni/robotica/tarea/exam3/install/servidor/share/servidor/package.ps1'
[1.923s] INFO:colcon.colcon_core.shell:Creating package descriptor '/home/leoni/robotica/tarea/exam3/install/servidor/share/servidor/package.dsv'
[1.924s] INFO:colcon.colcon_core.shell:Creating package script '/home/leoni/robotica/tarea/exam3/install/servidor/share/servidor/package.sh'
[1.924s] INFO:colcon.colcon_core.shell:Creating package script '/home/leoni/robotica/tarea/exam3/install/servidor/share/servidor/package.bash'
[1.925s] INFO:colcon.colcon_core.shell:Creating package script '/home/leoni/robotica/tarea/exam3/install/servidor/share/servidor/package.zsh'
[1.925s] Level 1:colcon.colcon_core.environment:create_file_with_runtime_dependencies(/home/leoni/robotica/tarea/exam3/install/servidor/share/colcon-core/packages/servidor)
[1.926s] DEBUG:colcon.colcon_parallel_executor.executor.parallel:closing loop
[1.926s] DEBUG:colcon.colcon_parallel_executor.executor.parallel:loop closed
[1.926s] DEBUG:colcon.colcon_parallel_executor.executor.parallel:run_until_complete finished with '0'
[1.927s] DEBUG:colcon.colcon_core.event_reactor:joining thread
[2.009s] INFO:colcon.colcon_core.plugin_system:Skipping extension 'colcon_notification.desktop_notification.notify_send': Could not find 'notify-send'
[2.009s] INFO:colcon.colcon_core.plugin_system:Skipping extension 'colcon_notification.desktop_notification.terminal_notifier': Not used on non-Darwin systems
[2.009s] INFO:colcon.colcon_core.plugin_system:Skipping extension 'colcon_notification.desktop_notification.win32': Not used on non-Windows systems
[2.009s] INFO:colcon.colcon_notification.desktop_notification:Sending desktop notification using 'notify2'
[2.011s] DEBUG:colcon.colcon_notification.desktop_notification.notify2:Failed to initialize notify2: org.freedesktop.DBus.Error.ServiceUnknown: The name org.freedesktop.Notifications was not provided by any .service files
[2.011s] DEBUG:colcon.colcon_core.event_reactor:joined thread
[2.012s] INFO:colcon.colcon_core.shell:Creating prefix script '/home/leoni/robotica/tarea/exam3/install/local_setup.ps1'
[2.013s] INFO:colcon.colcon_core.shell:Creating prefix util module '/home/leoni/robotica/tarea/exam3/install/_local_setup_util_ps1.py'
[2.014s] INFO:colcon.colcon_core.shell:Creating prefix chain script '/home/leoni/robotica/tarea/exam3/install/setup.ps1'
[2.015s] INFO:colcon.colcon_core.shell:Creating prefix script '/home/leoni/robotica/tarea/exam3/install/local_setup.sh'
[2.016s] INFO:colcon.colcon_core.shell:Creating prefix util module '/home/leoni/robotica/tarea/exam3/install/_local_setup_util_sh.py'
[2.016s] INFO:colcon.colcon_core.shell:Creating prefix chain script '/home/leoni/robotica/tarea/exam3/install/setup.sh'
[2.017s] INFO:colcon.colcon_core.shell:Creating prefix script '/home/leoni/robotica/tarea/exam3/install/local_setup.bash'
[2.018s] INFO:colcon.colcon_core.shell:Creating prefix chain script '/home/leoni/robotica/tarea/exam3/install/setup.bash'
[2.019s] INFO:colcon.colcon_core.shell:Creating prefix script '/home/leoni/robotica/tarea/exam3/install/local_setup.zsh'
[2.020s] INFO:colcon.colcon_core.shell:Creating prefix chain script '/home/leoni/robotica/tarea/exam3/install/setup.zsh'
