[0.542s] Invoking command in '/home/leoni/robotica/practica2/src/eje2': PYTHONPATH=/home/leoni/robotica/practica2/build/eje2/prefix_override:/usr/lib/python3/dist-packages/colcon_core/task/python/colcon_distutils_commands:/home/leoni/robotica/practica2/install/eje2/lib/python3.10/site-packages:${PYTHONPATH} /usr/bin/python3 -W ignore:setup.py install is deprecated -W ignore:easy_install command is deprecated setup.py egg_info --egg-base ../../build/eje2 build --build-base /home/leoni/robotica/practica2/build/eje2/build install --record /home/leoni/robotica/practica2/build/eje2/install.log --single-version-externally-managed install_data
[0.678s] running egg_info
[0.679s] writing ../../build/eje2/eje2.egg-info/PKG-INFO
[0.679s] writing dependency_links to ../../build/eje2/eje2.egg-info/dependency_links.txt
[0.679s] writing entry points to ../../build/eje2/eje2.egg-info/entry_points.txt
[0.679s] writing requirements to ../../build/eje2/eje2.egg-info/requires.txt
[0.679s] writing top-level names to ../../build/eje2/eje2.egg-info/top_level.txt
[0.681s] reading manifest file '../../build/eje2/eje2.egg-info/SOURCES.txt'
[0.683s] writing manifest file '../../build/eje2/eje2.egg-info/SOURCES.txt'
[0.684s] running build
[0.684s] running build_py
[0.685s] copying eje2/sub.py -> /home/leoni/robotica/practica2/build/eje2/build/lib/eje2
[0.685s] copying eje2/nodo2.py -> /home/leoni/robotica/practica2/build/eje2/build/lib/eje2
[0.685s] copying eje2/nodo1.py -> /home/leoni/robotica/practica2/build/eje2/build/lib/eje2
[0.686s] running install
[0.686s] running install_lib
[0.686s] copying /home/leoni/robotica/practica2/build/eje2/build/lib/eje2/sub.py -> /home/leoni/robotica/practica2/install/eje2/lib/python3.10/site-packages/eje2
[0.686s] copying /home/leoni/robotica/practica2/build/eje2/build/lib/eje2/nodo2.py -> /home/leoni/robotica/practica2/install/eje2/lib/python3.10/site-packages/eje2
[0.686s] copying /home/leoni/robotica/practica2/build/eje2/build/lib/eje2/nodo1.py -> /home/leoni/robotica/practica2/install/eje2/lib/python3.10/site-packages/eje2
[0.686s] byte-compiling /home/leoni/robotica/practica2/install/eje2/lib/python3.10/site-packages/eje2/sub.py to sub.cpython-310.pyc
[0.686s] byte-compiling /home/leoni/robotica/practica2/install/eje2/lib/python3.10/site-packages/eje2/nodo2.py to nodo2.cpython-310.pyc
[0.687s] byte-compiling /home/leoni/robotica/practica2/install/eje2/lib/python3.10/site-packages/eje2/nodo1.py to nodo1.cpython-310.pyc
[0.687s] running install_data
[0.687s] running install_egg_info
[0.688s] removing '/home/leoni/robotica/practica2/install/eje2/lib/python3.10/site-packages/eje2-0.0.0-py3.10.egg-info' (and everything under it)
[0.688s] Copying ../../build/eje2/eje2.egg-info to /home/leoni/robotica/practica2/install/eje2/lib/python3.10/site-packages/eje2-0.0.0-py3.10.egg-info
[0.690s] running install_scripts
[0.703s] Installing nodo1 script to /home/leoni/robotica/practica2/install/eje2/lib/eje2
[0.703s] Installing nodo2 script to /home/leoni/robotica/practica2/install/eje2/lib/eje2
[0.703s] Installing sub script to /home/leoni/robotica/practica2/install/eje2/lib/eje2
[0.703s] writing list of installed files to '/home/leoni/robotica/practica2/build/eje2/install.log'
[0.719s] Invoked command in '/home/leoni/robotica/practica2/src/eje2' returned '0': PYTHONPATH=/home/leoni/robotica/practica2/build/eje2/prefix_override:/usr/lib/python3/dist-packages/colcon_core/task/python/colcon_distutils_commands:/home/leoni/robotica/practica2/install/eje2/lib/python3.10/site-packages:${PYTHONPATH} /usr/bin/python3 -W ignore:setup.py install is deprecated -W ignore:easy_install command is deprecated setup.py egg_info --egg-base ../../build/eje2 build --build-base /home/leoni/robotica/practica2/build/eje2/build install --record /home/leoni/robotica/practica2/build/eje2/install.log --single-version-externally-managed install_data
