[0.560s] Invoking command in '/home/leoni/robotica/tarea/Examen1/src/eje1': PYTHONPATH=/home/leoni/robotica/tarea/Examen1/build/eje1/prefix_override:/usr/lib/python3/dist-packages/colcon_core/task/python/colcon_distutils_commands:/home/leoni/robotica/tarea/Examen1/install/eje1/lib/python3.10/site-packages:${PYTHONPATH} /usr/bin/python3 -W ignore:setup.py install is deprecated -W ignore:easy_install command is deprecated setup.py egg_info --egg-base ../../build/eje1 build --build-base /home/leoni/robotica/tarea/Examen1/build/eje1/build install --record /home/leoni/robotica/tarea/Examen1/build/eje1/install.log --single-version-externally-managed install_data
[0.715s] running egg_info
[0.715s] creating ../../build/eje1/eje1.egg-info
[0.715s] writing ../../build/eje1/eje1.egg-info/PKG-INFO
[0.715s] writing dependency_links to ../../build/eje1/eje1.egg-info/dependency_links.txt
[0.716s] writing entry points to ../../build/eje1/eje1.egg-info/entry_points.txt
[0.716s] writing requirements to ../../build/eje1/eje1.egg-info/requires.txt
[0.716s] writing top-level names to ../../build/eje1/eje1.egg-info/top_level.txt
[0.716s] writing manifest file '../../build/eje1/eje1.egg-info/SOURCES.txt'
[0.717s] reading manifest file '../../build/eje1/eje1.egg-info/SOURCES.txt'
[0.718s] writing manifest file '../../build/eje1/eje1.egg-info/SOURCES.txt'
[0.718s] running build
[0.718s] running build_py
[0.719s] creating /home/leoni/robotica/tarea/Examen1/build/eje1/build
[0.720s] creating /home/leoni/robotica/tarea/Examen1/build/eje1/build/lib
[0.720s] creating /home/leoni/robotica/tarea/Examen1/build/eje1/build/lib/eje1
[0.720s] copying eje1/sub.py -> /home/leoni/robotica/tarea/Examen1/build/eje1/build/lib/eje1
[0.720s] copying eje1/__init__.py -> /home/leoni/robotica/tarea/Examen1/build/eje1/build/lib/eje1
[0.721s] copying eje1/pub.py -> /home/leoni/robotica/tarea/Examen1/build/eje1/build/lib/eje1
[0.721s] running install
[0.721s] running install_lib
[0.721s] creating /home/leoni/robotica/tarea/Examen1/install/eje1/lib/python3.10/site-packages/eje1
[0.721s] copying /home/leoni/robotica/tarea/Examen1/build/eje1/build/lib/eje1/sub.py -> /home/leoni/robotica/tarea/Examen1/install/eje1/lib/python3.10/site-packages/eje1
[0.721s] copying /home/leoni/robotica/tarea/Examen1/build/eje1/build/lib/eje1/__init__.py -> /home/leoni/robotica/tarea/Examen1/install/eje1/lib/python3.10/site-packages/eje1
[0.721s] copying /home/leoni/robotica/tarea/Examen1/build/eje1/build/lib/eje1/pub.py -> /home/leoni/robotica/tarea/Examen1/install/eje1/lib/python3.10/site-packages/eje1
[0.722s] byte-compiling /home/leoni/robotica/tarea/Examen1/install/eje1/lib/python3.10/site-packages/eje1/sub.py to sub.cpython-310.pyc
[0.722s] byte-compiling /home/leoni/robotica/tarea/Examen1/install/eje1/lib/python3.10/site-packages/eje1/__init__.py to __init__.cpython-310.pyc
[0.722s] byte-compiling /home/leoni/robotica/tarea/Examen1/install/eje1/lib/python3.10/site-packages/eje1/pub.py to pub.cpython-310.pyc
[0.723s] running install_data
[0.723s] creating /home/leoni/robotica/tarea/Examen1/install/eje1/share/ament_index
[0.723s] creating /home/leoni/robotica/tarea/Examen1/install/eje1/share/ament_index/resource_index
[0.723s] creating /home/leoni/robotica/tarea/Examen1/install/eje1/share/ament_index/resource_index/packages
[0.723s] copying resource/eje1 -> /home/leoni/robotica/tarea/Examen1/install/eje1/share/ament_index/resource_index/packages
[0.723s] copying package.xml -> /home/leoni/robotica/tarea/Examen1/install/eje1/share/eje1
[0.723s] running install_egg_info
[0.725s] Copying ../../build/eje1/eje1.egg-info to /home/leoni/robotica/tarea/Examen1/install/eje1/lib/python3.10/site-packages/eje1-0.0.0-py3.10.egg-info
[0.726s] running install_scripts
[0.743s] writing list of installed files to '/home/leoni/robotica/tarea/Examen1/build/eje1/install.log'
[0.760s] Invoked command in '/home/leoni/robotica/tarea/Examen1/src/eje1' returned '0': PYTHONPATH=/home/leoni/robotica/tarea/Examen1/build/eje1/prefix_override:/usr/lib/python3/dist-packages/colcon_core/task/python/colcon_distutils_commands:/home/leoni/robotica/tarea/Examen1/install/eje1/lib/python3.10/site-packages:${PYTHONPATH} /usr/bin/python3 -W ignore:setup.py install is deprecated -W ignore:easy_install command is deprecated setup.py egg_info --egg-base ../../build/eje1 build --build-base /home/leoni/robotica/tarea/Examen1/build/eje1/build install --record /home/leoni/robotica/tarea/Examen1/build/eje1/install.log --single-version-externally-managed install_data
