/home/leoni/robotica/tarea/Examen1/install/eje2/lib/python3.10/site-packages/eje2/sub.py
/home/leoni/robotica/tarea/Examen1/install/eje2/lib/python3.10/site-packages/eje2/pub3.py
/home/leoni/robotica/tarea/Examen1/install/eje2/lib/python3.10/site-packages/eje2/pub2.py
/home/leoni/robotica/tarea/Examen1/install/eje2/lib/python3.10/site-packages/eje2/sub_pub.py
/home/leoni/robotica/tarea/Examen1/install/eje2/lib/python3.10/site-packages/eje2/pub1.py
/home/leoni/robotica/tarea/Examen1/install/eje2/lib/python3.10/site-packages/eje2/__init__.py
/home/leoni/robotica/tarea/Examen1/install/eje2/lib/python3.10/site-packages/eje2/__pycache__/sub.cpython-310.pyc
/home/leoni/robotica/tarea/Examen1/install/eje2/lib/python3.10/site-packages/eje2/__pycache__/pub3.cpython-310.pyc
/home/leoni/robotica/tarea/Examen1/install/eje2/lib/python3.10/site-packages/eje2/__pycache__/pub2.cpython-310.pyc
/home/leoni/robotica/tarea/Examen1/install/eje2/lib/python3.10/site-packages/eje2/__pycache__/sub_pub.cpython-310.pyc
/home/leoni/robotica/tarea/Examen1/install/eje2/lib/python3.10/site-packages/eje2/__pycache__/pub1.cpython-310.pyc
/home/leoni/robotica/tarea/Examen1/install/eje2/lib/python3.10/site-packages/eje2/__pycache__/__init__.cpython-310.pyc
/home/leoni/robotica/tarea/Examen1/install/eje2/share/ament_index/resource_index/packages/eje2
/home/leoni/robotica/tarea/Examen1/install/eje2/share/eje2/package.xml
/home/leoni/robotica/tarea/Examen1/install/eje2/lib/python3.10/site-packages/eje2-0.0.0-py3.10.egg-info/top_level.txt
/home/leoni/robotica/tarea/Examen1/install/eje2/lib/python3.10/site-packages/eje2-0.0.0-py3.10.egg-info/dependency_links.txt
/home/leoni/robotica/tarea/Examen1/install/eje2/lib/python3.10/site-packages/eje2-0.0.0-py3.10.egg-info/requires.txt
/home/leoni/robotica/tarea/Examen1/install/eje2/lib/python3.10/site-packages/eje2-0.0.0-py3.10.egg-info/PKG-INFO
/home/leoni/robotica/tarea/Examen1/install/eje2/lib/python3.10/site-packages/eje2-0.0.0-py3.10.egg-info/zip-safe
/home/leoni/robotica/tarea/Examen1/install/eje2/lib/python3.10/site-packages/eje2-0.0.0-py3.10.egg-info/SOURCES.txt
/home/leoni/robotica/tarea/Examen1/install/eje2/lib/python3.10/site-packages/eje2-0.0.0-py3.10.egg-info/entry_points.txt
/home/leoni/robotica/tarea/Examen1/install/eje2/lib/eje2/pub1
/home/leoni/robotica/tarea/Examen1/install/eje2/lib/eje2/pub2
/home/leoni/robotica/tarea/Examen1/install/eje2/lib/eje2/pub3
/home/leoni/robotica/tarea/Examen1/install/eje2/lib/eje2/sub
/home/leoni/robotica/tarea/Examen1/install/eje2/lib/eje2/sub_pub
