[0.694s] Invoking command in '/home/leoni/robotica/tarea/Examen1/src/eje2': PYTHONPATH=/home/leoni/robotica/tarea/Examen1/build/eje2/prefix_override:/usr/lib/python3/dist-packages/colcon_core/task/python/colcon_distutils_commands:/home/leoni/robotica/tarea/Examen1/install/eje2/lib/python3.10/site-packages:${PYTHONPATH} /usr/bin/python3 -W ignore:setup.py install is deprecated -W ignore:easy_install command is deprecated setup.py egg_info --egg-base ../../build/eje2 build --build-base /home/leoni/robotica/tarea/Examen1/build/eje2/build install --record /home/leoni/robotica/tarea/Examen1/build/eje2/install.log --single-version-externally-managed install_data
[0.872s] running egg_info
[0.873s] writing ../../build/eje2/eje2.egg-info/PKG-INFO
[0.873s] writing dependency_links to ../../build/eje2/eje2.egg-info/dependency_links.txt
[0.874s] writing entry points to ../../build/eje2/eje2.egg-info/entry_points.txt
[0.874s] writing requirements to ../../build/eje2/eje2.egg-info/requires.txt
[0.875s] writing top-level names to ../../build/eje2/eje2.egg-info/top_level.txt
[0.876s] reading manifest file '../../build/eje2/eje2.egg-info/SOURCES.txt'
[0.876s] writing manifest file '../../build/eje2/eje2.egg-info/SOURCES.txt'
[0.877s] running build
[0.877s] running build_py
[0.877s] copying eje2/sub.py -> /home/leoni/robotica/tarea/Examen1/build/eje2/build/lib/eje2
[0.877s] copying eje2/pub3.py -> /home/leoni/robotica/tarea/Examen1/build/eje2/build/lib/eje2
[0.877s] copying eje2/pub2.py -> /home/leoni/robotica/tarea/Examen1/build/eje2/build/lib/eje2
[0.878s] copying eje2/sub_pub.py -> /home/leoni/robotica/tarea/Examen1/build/eje2/build/lib/eje2
[0.878s] running install
[0.878s] running install_lib
[0.879s] copying /home/leoni/robotica/tarea/Examen1/build/eje2/build/lib/eje2/sub.py -> /home/leoni/robotica/tarea/Examen1/install/eje2/lib/python3.10/site-packages/eje2
[0.880s] copying /home/leoni/robotica/tarea/Examen1/build/eje2/build/lib/eje2/pub3.py -> /home/leoni/robotica/tarea/Examen1/install/eje2/lib/python3.10/site-packages/eje2
[0.880s] copying /home/leoni/robotica/tarea/Examen1/build/eje2/build/lib/eje2/pub2.py -> /home/leoni/robotica/tarea/Examen1/install/eje2/lib/python3.10/site-packages/eje2
[0.880s] copying /home/leoni/robotica/tarea/Examen1/build/eje2/build/lib/eje2/sub_pub.py -> /home/leoni/robotica/tarea/Examen1/install/eje2/lib/python3.10/site-packages/eje2
[0.881s] byte-compiling /home/leoni/robotica/tarea/Examen1/install/eje2/lib/python3.10/site-packages/eje2/sub.py to sub.cpython-310.pyc
[0.881s] byte-compiling /home/leoni/robotica/tarea/Examen1/install/eje2/lib/python3.10/site-packages/eje2/pub3.py to pub3.cpython-310.pyc
[0.881s] byte-compiling /home/leoni/robotica/tarea/Examen1/install/eje2/lib/python3.10/site-packages/eje2/pub2.py to pub2.cpython-310.pyc
[0.881s] byte-compiling /home/leoni/robotica/tarea/Examen1/install/eje2/lib/python3.10/site-packages/eje2/sub_pub.py to sub_pub.cpython-310.pyc
[0.882s] running install_data
[0.882s] running install_egg_info
[0.884s] removing '/home/leoni/robotica/tarea/Examen1/install/eje2/lib/python3.10/site-packages/eje2-0.0.0-py3.10.egg-info' (and everything under it)
[0.884s] Copying ../../build/eje2/eje2.egg-info to /home/leoni/robotica/tarea/Examen1/install/eje2/lib/python3.10/site-packages/eje2-0.0.0-py3.10.egg-info
[0.885s] running install_scripts
[0.903s] Installing pub1 script to /home/leoni/robotica/tarea/Examen1/install/eje2/lib/eje2
[0.903s] Installing pub2 script to /home/leoni/robotica/tarea/Examen1/install/eje2/lib/eje2
[0.903s] Installing pub3 script to /home/leoni/robotica/tarea/Examen1/install/eje2/lib/eje2
[0.904s] Installing sub script to /home/leoni/robotica/tarea/Examen1/install/eje2/lib/eje2
[0.904s] Installing sub_pub script to /home/leoni/robotica/tarea/Examen1/install/eje2/lib/eje2
[0.904s] writing list of installed files to '/home/leoni/robotica/tarea/Examen1/build/eje2/install.log'
[0.934s] Invoked command in '/home/leoni/robotica/tarea/Examen1/src/eje2' returned '0': PYTHONPATH=/home/leoni/robotica/tarea/Examen1/build/eje2/prefix_override:/usr/lib/python3/dist-packages/colcon_core/task/python/colcon_distutils_commands:/home/leoni/robotica/tarea/Examen1/install/eje2/lib/python3.10/site-packages:${PYTHONPATH} /usr/bin/python3 -W ignore:setup.py install is deprecated -W ignore:easy_install command is deprecated setup.py egg_info --egg-base ../../build/eje2 build --build-base /home/leoni/robotica/tarea/Examen1/build/eje2/build install --record /home/leoni/robotica/tarea/Examen1/build/eje2/install.log --single-version-externally-managed install_data
